{"/Users/bradgeisen/IQ-Data/dealscope/frontend/src/components/auth/AuthGuard.tsx": {"path":"/Users/bradgeisen/IQ-Data/dealscope/frontend/src/components/auth/AuthGuard.tsx","statementMap":{"0":{"start":{"line":34,"column":46},"end":{"line":34,"column":null}},"1":{"start":{"line":35,"column":8},"end":{"line":35,"column":null}},"2":{"start":{"line":36,"column":8},"end":{"line":36,"column":null}},"3":{"start":{"line":37,"column":8},"end":{"line":37,"column":null}},"4":{"start":{"line":40,"column":2},"end":{"line":60,"column":null}},"5":{"start":{"line":41,"column":4},"end":{"line":41,"column":null}},"6":{"start":{"line":41,"column":19},"end":{"line":41,"column":null}},"7":{"start":{"line":43,"column":4},"end":{"line":54,"column":null}},"8":{"start":{"line":47,"column":21},"end":{"line":47,"column":null}},"9":{"start":{"line":48,"column":6},"end":{"line":52,"column":null}},"10":{"start":{"line":49,"column":8},"end":{"line":49,"column":null}},"11":{"start":{"line":50,"column":8},"end":{"line":50,"column":null}},"12":{"start":{"line":51,"column":8},"end":{"line":51,"column":null}},"13":{"start":{"line":53,"column":6},"end":{"line":53,"column":null}},"14":{"start":{"line":57,"column":4},"end":{"line":59,"column":null}},"15":{"start":{"line":58,"column":6},"end":{"line":58,"column":null}},"16":{"start":{"line":63,"column":2},"end":{"line":69,"column":null}},"17":{"start":{"line":64,"column":4},"end":{"line":67,"column":null}},"18":{"start":{"line":72,"column":2},"end":{"line":78,"column":null}},"19":{"start":{"line":73,"column":4},"end":{"line":76,"column":null}},"20":{"start":{"line":81,"column":2},"end":{"line":83,"column":null}},"21":{"start":{"line":82,"column":4},"end":{"line":82,"column":null}},"22":{"start":{"line":85,"column":2},"end":{"line":85,"column":null}}},"fnMap":{"0":{"name":"AuthGuard","decl":{"start":{"line":29,"column":16},"end":{"line":29,"column":26}},"loc":{"start":{"line":33,"column":19},"end":{"line":86,"column":null}},"line":33},"1":{"name":"(anonymous_1)","decl":{"start":{"line":40,"column":12},"end":{"line":40,"column":18}},"loc":{"start":{"line":40,"column":18},"end":{"line":60,"column":5}},"line":40}},"branchMap":{"0":{"loc":{"start":{"line":31,"column":2},"end":{"line":31,"column":null}},"type":"default-arg","locations":[{"start":{"line":31,"column":17},"end":{"line":31,"column":null}}],"line":31},"1":{"loc":{"start":{"line":32,"column":2},"end":{"line":32,"column":null}},"type":"default-arg","locations":[{"start":{"line":32,"column":18},"end":{"line":32,"column":null}}],"line":32},"2":{"loc":{"start":{"line":41,"column":4},"end":{"line":41,"column":null}},"type":"if","locations":[{"start":{"line":41,"column":4},"end":{"line":41,"column":null}},{"start":{},"end":{}}],"line":41},"3":{"loc":{"start":{"line":43,"column":4},"end":{"line":54,"column":null}},"type":"if","locations":[{"start":{"line":43,"column":4},"end":{"line":54,"column":null}},{"start":{},"end":{}}],"line":43},"4":{"loc":{"start":{"line":48,"column":6},"end":{"line":52,"column":null}},"type":"if","locations":[{"start":{"line":48,"column":6},"end":{"line":52,"column":null}},{"start":{},"end":{}}],"line":48},"5":{"loc":{"start":{"line":57,"column":4},"end":{"line":59,"column":null}},"type":"if","locations":[{"start":{"line":57,"column":4},"end":{"line":59,"column":null}},{"start":{},"end":{}}],"line":57},"6":{"loc":{"start":{"line":57,"column":8},"end":{"line":57,"column":34}},"type":"binary-expr","locations":[{"start":{"line":57,"column":8},"end":{"line":57,"column":24}},{"start":{"line":57,"column":24},"end":{"line":57,"column":34}}],"line":57},"7":{"loc":{"start":{"line":63,"column":2},"end":{"line":69,"column":null}},"type":"if","locations":[{"start":{"line":63,"column":2},"end":{"line":69,"column":null}},{"start":{},"end":{}}],"line":63},"8":{"loc":{"start":{"line":72,"column":2},"end":{"line":78,"column":null}},"type":"if","locations":[{"start":{"line":72,"column":2},"end":{"line":78,"column":null}},{"start":{},"end":{}}],"line":72},"9":{"loc":{"start":{"line":81,"column":2},"end":{"line":83,"column":null}},"type":"if","locations":[{"start":{"line":81,"column":2},"end":{"line":83,"column":null}},{"start":{},"end":{}}],"line":81},"10":{"loc":{"start":{"line":81,"column":6},"end":{"line":81,"column":32}},"type":"binary-expr","locations":[{"start":{"line":81,"column":6},"end":{"line":81,"column":22}},{"start":{"line":81,"column":22},"end":{"line":81,"column":32}}],"line":81}},"s":{"0":6,"1":6,"2":6,"3":6,"4":6,"5":6,"6":1,"7":5,"8":1,"9":1,"10":1,"11":1,"12":1,"13":1,"14":4,"15":2,"16":6,"17":1,"18":5,"19":1,"20":4,"21":2,"22":2},"f":{"0":6,"1":6},"b":{"0":[6],"1":[6],"2":[1,5],"3":[1,4],"4":[1,0],"5":[2,2],"6":[4,3],"7":[1,5],"8":[1,4],"9":[2,2],"10":[4,3]},"meta":{"lastBranch":11,"lastFunction":2,"lastStatement":23,"seen":{"f:29:16:29:26":0,"b:31:17:31:Infinity":0,"b:32:18:32:Infinity":1,"s:34:46:34:Infinity":0,"s:35:8:35:Infinity":1,"s:36:8:36:Infinity":2,"s:37:8:37:Infinity":3,"s:40:2:60:Infinity":4,"f:40:12:40:18":1,"b:41:4:41:Infinity:undefined:undefined:undefined:undefined":2,"s:41:4:41:Infinity":5,"s:41:19:41:Infinity":6,"b:43:4:54:Infinity:undefined:undefined:undefined:undefined":3,"s:43:4:54:Infinity":7,"s:47:21:47:Infinity":8,"b:48:6:52:Infinity:undefined:undefined:undefined:undefined":4,"s:48:6:52:Infinity":9,"s:49:8:49:Infinity":10,"s:50:8:50:Infinity":11,"s:51:8:51:Infinity":12,"s:53:6:53:Infinity":13,"b:57:4:59:Infinity:undefined:undefined:undefined:undefined":5,"s:57:4:59:Infinity":14,"b:57:8:57:24:57:24:57:34":6,"s:58:6:58:Infinity":15,"b:63:2:69:Infinity:undefined:undefined:undefined:undefined":7,"s:63:2:69:Infinity":16,"s:64:4:67:Infinity":17,"b:72:2:78:Infinity:undefined:undefined:undefined:undefined":8,"s:72:2:78:Infinity":18,"s:73:4:76:Infinity":19,"b:81:2:83:Infinity:undefined:undefined:undefined:undefined":9,"s:81:2:83:Infinity":20,"b:81:6:81:22:81:22:81:32":10,"s:82:4:82:Infinity":21,"s:85:2:85:Infinity":22}}}
,"/Users/bradgeisen/IQ-Data/dealscope/frontend/src/components/ui/DataBoundary.tsx": {"path":"/Users/bradgeisen/IQ-Data/dealscope/frontend/src/components/ui/DataBoundary.tsx","statementMap":{"0":{"start":{"line":48,"column":2},"end":{"line":54,"column":null}},"1":{"start":{"line":49,"column":4},"end":{"line":52,"column":null}},"2":{"start":{"line":57,"column":2},"end":{"line":75,"column":null}},"3":{"start":{"line":58,"column":4},"end":{"line":73,"column":null}},"4":{"start":{"line":78,"column":2},"end":{"line":95,"column":null}},"5":{"start":{"line":79,"column":4},"end":{"line":93,"column":null}},"6":{"start":{"line":98,"column":2},"end":{"line":98,"column":null}}},"fnMap":{"0":{"name":"DataBoundary","decl":{"start":{"line":36,"column":16},"end":{"line":36,"column":29}},"loc":{"start":{"line":46,"column":22},"end":{"line":99,"column":null}},"line":46}},"branchMap":{"0":{"loc":{"start":{"line":39,"column":2},"end":{"line":39,"column":null}},"type":"default-arg","locations":[{"start":{"line":39,"column":12},"end":{"line":39,"column":null}}],"line":39},"1":{"loc":{"start":{"line":42,"column":2},"end":{"line":42,"column":null}},"type":"default-arg","locations":[{"start":{"line":42,"column":15},"end":{"line":42,"column":null}}],"line":42},"2":{"loc":{"start":{"line":48,"column":2},"end":{"line":54,"column":null}},"type":"if","locations":[{"start":{"line":48,"column":2},"end":{"line":54,"column":null}},{"start":{},"end":{}}],"line":48},"3":{"loc":{"start":{"line":57,"column":2},"end":{"line":75,"column":null}},"type":"if","locations":[{"start":{"line":57,"column":2},"end":{"line":75,"column":null}},{"start":{},"end":{}}],"line":57},"4":{"loc":{"start":{"line":64,"column":9},"end":{"line":71,"column":null}},"type":"binary-expr","locations":[{"start":{"line":64,"column":9},"end":{"line":64,"column":null}},{"start":{"line":65,"column":10},"end":{"line":71,"column":null}}],"line":64},"5":{"loc":{"start":{"line":78,"column":2},"end":{"line":95,"column":null}},"type":"if","locations":[{"start":{"line":78,"column":2},"end":{"line":95,"column":null}},{"start":{},"end":{}}],"line":78},"6":{"loc":{"start":{"line":81,"column":9},"end":{"line":84,"column":null}},"type":"binary-expr","locations":[{"start":{"line":81,"column":9},"end":{"line":81,"column":null}},{"start":{"line":82,"column":10},"end":{"line":84,"column":null}}],"line":81},"7":{"loc":{"start":{"line":89,"column":9},"end":{"line":90,"column":null}},"type":"binary-expr","locations":[{"start":{"line":89,"column":9},"end":{"line":89,"column":null}},{"start":{"line":90,"column":10},"end":{"line":90,"column":null}}],"line":89}},"s":{"0":12,"1":2,"2":10,"3":4,"4":6,"5":4,"6":2},"f":{"0":12},"b":{"0":[12],"1":[12],"2":[2,10],"3":[4,6],"4":[4,1],"5":[4,2],"6":[4,1],"7":[4,1]},"meta":{"lastBranch":8,"lastFunction":1,"lastStatement":7,"seen":{"f:36:16:36:29":0,"b:39:12:39:Infinity":0,"b:42:15:42:Infinity":1,"b:48:2:54:Infinity:undefined:undefined:undefined:undefined":2,"s:48:2:54:Infinity":0,"s:49:4:52:Infinity":1,"b:57:2:75:Infinity:undefined:undefined:undefined:undefined":3,"s:57:2:75:Infinity":2,"s:58:4:73:Infinity":3,"b:64:9:64:Infinity:65:10:71:Infinity":4,"b:78:2:95:Infinity:undefined:undefined:undefined:undefined":5,"s:78:2:95:Infinity":4,"s:79:4:93:Infinity":5,"b:81:9:81:Infinity:82:10:84:Infinity":6,"b:89:9:89:Infinity:90:10:90:Infinity":7,"s:98:2:98:Infinity":6}}}
,"/Users/bradgeisen/IQ-Data/dealscope/frontend/src/hooks/useDebounce.ts": {"path":"/Users/bradgeisen/IQ-Data/dealscope/frontend/src/hooks/useDebounce.ts","statementMap":{"0":{"start":{"line":18,"column":42},"end":{"line":18,"column":null}},"1":{"start":{"line":20,"column":2},"end":{"line":23,"column":null}},"2":{"start":{"line":21,"column":18},"end":{"line":21,"column":null}},"3":{"start":{"line":21,"column":35},"end":{"line":21,"column":61}},"4":{"start":{"line":22,"column":4},"end":{"line":22,"column":null}},"5":{"start":{"line":22,"column":17},"end":{"line":22,"column":null}},"6":{"start":{"line":25,"column":2},"end":{"line":25,"column":null}}},"fnMap":{"0":{"name":"useDebounce","decl":{"start":{"line":17,"column":16},"end":{"line":17,"column":31}},"loc":{"start":{"line":17,"column":59},"end":{"line":26,"column":null}},"line":17},"1":{"name":"(anonymous_1)","decl":{"start":{"line":20,"column":12},"end":{"line":20,"column":18}},"loc":{"start":{"line":20,"column":18},"end":{"line":23,"column":5}},"line":20},"2":{"name":"(anonymous_2)","decl":{"start":{"line":21,"column":29},"end":{"line":21,"column":35}},"loc":{"start":{"line":21,"column":35},"end":{"line":21,"column":61}},"line":21},"3":{"name":"(anonymous_3)","decl":{"start":{"line":22,"column":11},"end":{"line":22,"column":17}},"loc":{"start":{"line":22,"column":17},"end":{"line":22,"column":null}},"line":22}},"branchMap":{"0":{"loc":{"start":{"line":17,"column":41},"end":{"line":17,"column":59}},"type":"default-arg","locations":[{"start":{"line":17,"column":51},"end":{"line":17,"column":59}}],"line":17}},"s":{"0":18,"1":18,"2":14,"3":4,"4":14,"5":14,"6":18},"f":{"0":18,"1":14,"2":4,"3":14},"b":{"0":[18]},"meta":{"lastBranch":1,"lastFunction":4,"lastStatement":7,"seen":{"f:17:16:17:31":0,"b:17:51:17:59":0,"s:18:42:18:Infinity":0,"s:20:2:23:Infinity":1,"f:20:12:20:18":1,"s:21:18:21:Infinity":2,"f:21:29:21:35":2,"s:21:35:21:61":3,"s:22:4:22:Infinity":4,"f:22:11:22:17":3,"s:22:17:22:Infinity":5,"s:25:2:25:Infinity":6}}}
,"/Users/bradgeisen/IQ-Data/dealscope/frontend/src/hooks/useSavedProperties.ts": {"path":"/Users/bradgeisen/IQ-Data/dealscope/frontend/src/hooks/useSavedProperties.ts","statementMap":{"0":{"start":{"line":30,"column":37},"end":{"line":40,"column":null}},"1":{"start":{"line":34,"column":15},"end":{"line":34,"column":null}},"2":{"start":{"line":37,"column":4},"end":{"line":37,"column":null}},"3":{"start":{"line":39,"column":15},"end":{"line":39,"column":null}},"4":{"start":{"line":56,"column":2},"end":{"line":72,"column":null}},"5":{"start":{"line":59,"column":17},"end":{"line":62,"column":null}},"6":{"start":{"line":63,"column":6},"end":{"line":63,"column":null}},"7":{"start":{"line":63,"column":35},"end":{"line":63,"column":null}},"8":{"start":{"line":64,"column":6},"end":{"line":64,"column":null}},"9":{"start":{"line":64,"column":32},"end":{"line":64,"column":null}},"10":{"start":{"line":66,"column":6},"end":{"line":68,"column":null}},"11":{"start":{"line":77,"column":2},"end":{"line":82,"column":null}},"12":{"start":{"line":80,"column":6},"end":{"line":80,"column":null}},"13":{"start":{"line":95,"column":8},"end":{"line":95,"column":null}},"14":{"start":{"line":97,"column":2},"end":{"line":134,"column":null}},"15":{"start":{"line":99,"column":6},"end":{"line":99,"column":null}},"16":{"start":{"line":103,"column":6},"end":{"line":105,"column":null}},"17":{"start":{"line":108,"column":28},"end":{"line":110,"column":null}},"18":{"start":{"line":113,"column":6},"end":{"line":116,"column":null}},"19":{"start":{"line":115,"column":17},"end":{"line":115,"column":null}},"20":{"start":{"line":115,"column":36},"end":{"line":115,"column":54}},"21":{"start":{"line":118,"column":6},"end":{"line":118,"column":null}},"22":{"start":{"line":123,"column":6},"end":{"line":125,"column":null}},"23":{"start":{"line":124,"column":8},"end":{"line":124,"column":null}},"24":{"start":{"line":130,"column":6},"end":{"line":132,"column":null}}},"fnMap":{"0":{"name":"(anonymous_0)","decl":{"start":{"line":34,"column":9},"end":{"line":34,"column":15}},"loc":{"start":{"line":34,"column":15},"end":{"line":34,"column":null}},"line":34},"1":{"name":"(anonymous_1)","decl":{"start":{"line":36,"column":8},"end":{"line":36,"column":9}},"loc":{"start":{"line":37,"column":4},"end":{"line":37,"column":null}},"line":37},"2":{"name":"(anonymous_2)","decl":{"start":{"line":39,"column":9},"end":{"line":39,"column":15}},"loc":{"start":{"line":39,"column":15},"end":{"line":39,"column":null}},"line":39},"3":{"name":"useSavedProperties","decl":{"start":{"line":50,"column":16},"end":{"line":50,"column":35}},"loc":{"start":{"line":55,"column":3},"end":{"line":73,"column":null}},"line":55},"4":{"name":"(anonymous_4)","decl":{"start":{"line":58,"column":13},"end":{"line":58,"column":19}},"loc":{"start":{"line":58,"column":19},"end":{"line":69,"column":null}},"line":58},"5":{"name":"useSavedPropertyStats","decl":{"start":{"line":76,"column":16},"end":{"line":76,"column":40}},"loc":{"start":{"line":76,"column":40},"end":{"line":83,"column":null}},"line":76},"6":{"name":"(anonymous_6)","decl":{"start":{"line":79,"column":13},"end":{"line":79,"column":null}},"loc":{"start":{"line":80,"column":6},"end":{"line":80,"column":null}},"line":80},"7":{"name":"useDeleteSavedProperty","decl":{"start":{"line":94,"column":16},"end":{"line":94,"column":41}},"loc":{"start":{"line":94,"column":41},"end":{"line":135,"column":null}},"line":94},"8":{"name":"(anonymous_8)","decl":{"start":{"line":98,"column":16},"end":{"line":98,"column":17}},"loc":{"start":{"line":99,"column":6},"end":{"line":99,"column":null}},"line":99},"9":{"name":"(anonymous_9)","decl":{"start":{"line":101,"column":14},"end":{"line":101,"column":21}},"loc":{"start":{"line":101,"column":35},"end":{"line":119,"column":null}},"line":101},"10":{"name":"(anonymous_10)","decl":{"start":{"line":115,"column":8},"end":{"line":115,"column":9}},"loc":{"start":{"line":115,"column":17},"end":{"line":115,"column":null}},"line":115},"11":{"name":"(anonymous_11)","decl":{"start":{"line":115,"column":29},"end":{"line":115,"column":30}},"loc":{"start":{"line":115,"column":36},"end":{"line":115,"column":54}},"line":115},"12":{"name":"(anonymous_12)","decl":{"start":{"line":121,"column":13},"end":{"line":121,"column":14}},"loc":{"start":{"line":121,"column":37},"end":{"line":126,"column":null}},"line":121},"13":{"name":"(anonymous_13)","decl":{"start":{"line":123,"column":38},"end":{"line":123,"column":39}},"loc":{"start":{"line":123,"column":55},"end":{"line":125,"column":7}},"line":123},"14":{"name":"(anonymous_14)","decl":{"start":{"line":128,"column":15},"end":{"line":128,"column":21}},"loc":{"start":{"line":128,"column":21},"end":{"line":133,"column":null}},"line":128}},"branchMap":{"0":{"loc":{"start":{"line":63,"column":6},"end":{"line":63,"column":null}},"type":"if","locations":[{"start":{"line":63,"column":6},"end":{"line":63,"column":null}},{"start":{},"end":{}}],"line":63},"1":{"loc":{"start":{"line":64,"column":6},"end":{"line":64,"column":null}},"type":"if","locations":[{"start":{"line":64,"column":6},"end":{"line":64,"column":null}},{"start":{},"end":{}}],"line":64}},"s":{"0":1,"1":6,"2":5,"3":1,"4":0,"5":0,"6":0,"7":0,"8":0,"9":0,"10":0,"11":0,"12":0,"13":0,"14":0,"15":0,"16":0,"17":0,"18":0,"19":0,"20":0,"21":0,"22":0,"23":0,"24":0},"f":{"0":6,"1":5,"2":1,"3":0,"4":0,"5":0,"6":0,"7":0,"8":0,"9":0,"10":0,"11":0,"12":0,"13":0,"14":0},"b":{"0":[0,0],"1":[0,0]},"meta":{"lastBranch":2,"lastFunction":15,"lastStatement":25,"seen":{"s:30:37:40:Infinity":0,"f:34:9:34:15":0,"s:34:15:34:Infinity":1,"f:36:8:36:9":1,"s:37:4:37:Infinity":2,"f:39:9:39:15":2,"s:39:15:39:Infinity":3,"f:50:16:50:35":3,"s:56:2:72:Infinity":4,"f:58:13:58:19":4,"s:59:17:62:Infinity":5,"b:63:6:63:Infinity:undefined:undefined:undefined:undefined":0,"s:63:6:63:Infinity":6,"s:63:35:63:Infinity":7,"b:64:6:64:Infinity:undefined:undefined:undefined:undefined":1,"s:64:6:64:Infinity":8,"s:64:32:64:Infinity":9,"s:66:6:68:Infinity":10,"f:76:16:76:40":5,"s:77:2:82:Infinity":11,"f:79:13:79:Infinity":6,"s:80:6:80:Infinity":12,"f:94:16:94:41":7,"s:95:8:95:Infinity":13,"s:97:2:134:Infinity":14,"f:98:16:98:17":8,"s:99:6:99:Infinity":15,"f:101:14:101:21":9,"s:103:6:105:Infinity":16,"s:108:28:110:Infinity":17,"s:113:6:116:Infinity":18,"f:115:8:115:9":10,"s:115:17:115:Infinity":19,"f:115:29:115:30":11,"s:115:36:115:54":20,"s:118:6:118:Infinity":21,"f:121:13:121:14":12,"s:123:6:125:Infinity":22,"f:123:38:123:39":13,"s:124:8:124:Infinity":23,"f:128:15:128:21":14,"s:130:6:132:Infinity":24}}}
,"/Users/bradgeisen/IQ-Data/dealscope/frontend/src/hooks/useSearchHistory.ts": {"path":"/Users/bradgeisen/IQ-Data/dealscope/frontend/src/hooks/useSearchHistory.ts","statementMap":{"0":{"start":{"line":61,"column":35},"end":{"line":67,"column":null}},"1":{"start":{"line":63,"column":15},"end":{"line":63,"column":null}},"2":{"start":{"line":65,"column":4},"end":{"line":65,"column":null}},"3":{"start":{"line":66,"column":15},"end":{"line":66,"column":null}},"4":{"start":{"line":80,"column":2},"end":{"line":92,"column":null}},"5":{"start":{"line":83,"column":19},"end":{"line":87,"column":null}},"6":{"start":{"line":88,"column":6},"end":{"line":88,"column":null}},"7":{"start":{"line":97,"column":2},"end":{"line":102,"column":null}},"8":{"start":{"line":100,"column":6},"end":{"line":100,"column":null}},"9":{"start":{"line":109,"column":8},"end":{"line":109,"column":null}},"10":{"start":{"line":111,"column":2},"end":{"line":143,"column":null}},"11":{"start":{"line":113,"column":6},"end":{"line":113,"column":null}},"12":{"start":{"line":116,"column":6},"end":{"line":118,"column":null}},"13":{"start":{"line":120,"column":28},"end":{"line":122,"column":null}},"14":{"start":{"line":124,"column":6},"end":{"line":127,"column":null}},"15":{"start":{"line":126,"column":17},"end":{"line":126,"column":null}},"16":{"start":{"line":126,"column":36},"end":{"line":126,"column":54}},"17":{"start":{"line":129,"column":6},"end":{"line":129,"column":null}},"18":{"start":{"line":133,"column":6},"end":{"line":135,"column":null}},"19":{"start":{"line":134,"column":8},"end":{"line":134,"column":null}},"20":{"start":{"line":139,"column":6},"end":{"line":141,"column":null}},"21":{"start":{"line":148,"column":8},"end":{"line":148,"column":null}},"22":{"start":{"line":150,"column":2},"end":{"line":164,"column":null}},"23":{"start":{"line":151,"column":22},"end":{"line":151,"column":null}},"24":{"start":{"line":155,"column":6},"end":{"line":158,"column":null}},"25":{"start":{"line":157,"column":14},"end":{"line":157,"column":null}},"26":{"start":{"line":160,"column":6},"end":{"line":162,"column":null}}},"fnMap":{"0":{"name":"(anonymous_0)","decl":{"start":{"line":63,"column":9},"end":{"line":63,"column":15}},"loc":{"start":{"line":63,"column":15},"end":{"line":63,"column":null}},"line":63},"1":{"name":"(anonymous_1)","decl":{"start":{"line":64,"column":8},"end":{"line":64,"column":9}},"loc":{"start":{"line":65,"column":4},"end":{"line":65,"column":null}},"line":65},"2":{"name":"(anonymous_2)","decl":{"start":{"line":66,"column":9},"end":{"line":66,"column":15}},"loc":{"start":{"line":66,"column":15},"end":{"line":66,"column":null}},"line":66},"3":{"name":"useSearchHistory","decl":{"start":{"line":75,"column":16},"end":{"line":75,"column":33}},"loc":{"start":{"line":79,"column":3},"end":{"line":93,"column":null}},"line":79},"4":{"name":"(anonymous_4)","decl":{"start":{"line":82,"column":13},"end":{"line":82,"column":25}},"loc":{"start":{"line":82,"column":25},"end":{"line":89,"column":null}},"line":82},"5":{"name":"useSearchHistoryStats","decl":{"start":{"line":96,"column":16},"end":{"line":96,"column":40}},"loc":{"start":{"line":96,"column":40},"end":{"line":103,"column":null}},"line":96},"6":{"name":"(anonymous_6)","decl":{"start":{"line":99,"column":13},"end":{"line":99,"column":null}},"loc":{"start":{"line":100,"column":6},"end":{"line":100,"column":null}},"line":100},"7":{"name":"useDeleteSearchHistoryEntry","decl":{"start":{"line":108,"column":16},"end":{"line":108,"column":46}},"loc":{"start":{"line":108,"column":46},"end":{"line":144,"column":null}},"line":108},"8":{"name":"(anonymous_8)","decl":{"start":{"line":112,"column":16},"end":{"line":112,"column":17}},"loc":{"start":{"line":113,"column":6},"end":{"line":113,"column":null}},"line":113},"9":{"name":"(anonymous_9)","decl":{"start":{"line":115,"column":14},"end":{"line":115,"column":21}},"loc":{"start":{"line":115,"column":35},"end":{"line":130,"column":null}},"line":115},"10":{"name":"(anonymous_10)","decl":{"start":{"line":126,"column":8},"end":{"line":126,"column":9}},"loc":{"start":{"line":126,"column":17},"end":{"line":126,"column":null}},"line":126},"11":{"name":"(anonymous_11)","decl":{"start":{"line":126,"column":29},"end":{"line":126,"column":30}},"loc":{"start":{"line":126,"column":36},"end":{"line":126,"column":54}},"line":126},"12":{"name":"(anonymous_12)","decl":{"start":{"line":132,"column":13},"end":{"line":132,"column":14}},"loc":{"start":{"line":132,"column":37},"end":{"line":136,"column":null}},"line":132},"13":{"name":"(anonymous_13)","decl":{"start":{"line":133,"column":38},"end":{"line":133,"column":39}},"loc":{"start":{"line":133,"column":55},"end":{"line":135,"column":7}},"line":133},"14":{"name":"(anonymous_14)","decl":{"start":{"line":138,"column":15},"end":{"line":138,"column":21}},"loc":{"start":{"line":138,"column":21},"end":{"line":142,"column":null}},"line":138},"15":{"name":"useClearSearchHistory","decl":{"start":{"line":147,"column":16},"end":{"line":147,"column":40}},"loc":{"start":{"line":147,"column":40},"end":{"line":165,"column":null}},"line":147},"16":{"name":"(anonymous_16)","decl":{"start":{"line":151,"column":16},"end":{"line":151,"column":22}},"loc":{"start":{"line":151,"column":22},"end":{"line":151,"column":null}},"line":151},"17":{"name":"(anonymous_17)","decl":{"start":{"line":153,"column":15},"end":{"line":153,"column":21}},"loc":{"start":{"line":153,"column":21},"end":{"line":163,"column":null}},"line":153},"18":{"name":"(anonymous_18)","decl":{"start":{"line":157,"column":8},"end":{"line":157,"column":14}},"loc":{"start":{"line":157,"column":14},"end":{"line":157,"column":null}},"line":157}},"branchMap":{"0":{"loc":{"start":{"line":88,"column":13},"end":{"line":88,"column":null}},"type":"binary-expr","locations":[{"start":{"line":88,"column":13},"end":{"line":88,"column":27}},{"start":{"line":88,"column":27},"end":{"line":88,"column":null}}],"line":88}},"s":{"0":1,"1":4,"2":3,"3":1,"4":0,"5":0,"6":0,"7":0,"8":0,"9":0,"10":0,"11":0,"12":0,"13":0,"14":0,"15":0,"16":0,"17":0,"18":0,"19":0,"20":0,"21":0,"22":0,"23":0,"24":0,"25":0,"26":0},"f":{"0":4,"1":3,"2":1,"3":0,"4":0,"5":0,"6":0,"7":0,"8":0,"9":0,"10":0,"11":0,"12":0,"13":0,"14":0,"15":0,"16":0,"17":0,"18":0},"b":{"0":[0,0]},"meta":{"lastBranch":1,"lastFunction":19,"lastStatement":27,"seen":{"s:61:35:67:Infinity":0,"f:63:9:63:15":0,"s:63:15:63:Infinity":1,"f:64:8:64:9":1,"s:65:4:65:Infinity":2,"f:66:9:66:15":2,"s:66:15:66:Infinity":3,"f:75:16:75:33":3,"s:80:2:92:Infinity":4,"f:82:13:82:25":4,"s:83:19:87:Infinity":5,"s:88:6:88:Infinity":6,"b:88:13:88:27:88:27:88:Infinity":0,"f:96:16:96:40":5,"s:97:2:102:Infinity":7,"f:99:13:99:Infinity":6,"s:100:6:100:Infinity":8,"f:108:16:108:46":7,"s:109:8:109:Infinity":9,"s:111:2:143:Infinity":10,"f:112:16:112:17":8,"s:113:6:113:Infinity":11,"f:115:14:115:21":9,"s:116:6:118:Infinity":12,"s:120:28:122:Infinity":13,"s:124:6:127:Infinity":14,"f:126:8:126:9":10,"s:126:17:126:Infinity":15,"f:126:29:126:30":11,"s:126:36:126:54":16,"s:129:6:129:Infinity":17,"f:132:13:132:14":12,"s:133:6:135:Infinity":18,"f:133:38:133:39":13,"s:134:8:134:Infinity":19,"f:138:15:138:21":14,"s:139:6:141:Infinity":20,"f:147:16:147:40":15,"s:148:8:148:Infinity":21,"s:150:2:164:Infinity":22,"f:151:16:151:22":16,"s:151:22:151:Infinity":23,"f:153:15:153:21":17,"s:155:6:158:Infinity":24,"f:157:8:157:14":18,"s:157:14:157:Infinity":25,"s:160:6:162:Infinity":26}}}
,"/Users/bradgeisen/IQ-Data/dealscope/frontend/src/lib/api-client.ts": {"path":"/Users/bradgeisen/IQ-Data/dealscope/frontend/src/lib/api-client.ts","statementMap":{"0":{"start":{"line":36,"column":4},"end":{"line":36,"column":null}},"1":{"start":{"line":37,"column":4},"end":{"line":37,"column":null}},"2":{"start":{"line":38,"column":4},"end":{"line":38,"column":null}},"3":{"start":{"line":39,"column":4},"end":{"line":39,"column":null}},"4":{"start":{"line":52,"column":34},"end":{"line":52,"column":null}},"5":{"start":{"line":53,"column":24},"end":{"line":53,"column":null}},"6":{"start":{"line":54,"column":28},"end":{"line":54,"column":null}},"7":{"start":{"line":58,"column":2},"end":{"line":58,"column":null}},"8":{"start":{"line":59,"column":2},"end":{"line":59,"column":null}},"9":{"start":{"line":64,"column":2},"end":{"line":64,"column":null}},"10":{"start":{"line":64,"column":21},"end":{"line":64,"column":null}},"11":{"start":{"line":65,"column":2},"end":{"line":68,"column":null}},"12":{"start":{"line":66,"column":4},"end":{"line":66,"column":null}},"13":{"start":{"line":67,"column":4},"end":{"line":67,"column":null}},"14":{"start":{"line":69,"column":2},"end":{"line":69,"column":null}},"15":{"start":{"line":74,"column":2},"end":{"line":74,"column":null}},"16":{"start":{"line":82,"column":2},"end":{"line":82,"column":null}},"17":{"start":{"line":82,"column":39},"end":{"line":82,"column":null}},"18":{"start":{"line":83,"column":16},"end":{"line":85,"column":null}},"19":{"start":{"line":85,"column":17},"end":{"line":85,"column":44}},"20":{"start":{"line":86,"column":2},"end":{"line":86,"column":null}},"21":{"start":{"line":93,"column":46},"end":{"line":93,"column":null}},"22":{"start":{"line":96,"column":2},"end":{"line":96,"column":null}},"23":{"start":{"line":96,"column":22},"end":{"line":96,"column":null}},"24":{"start":{"line":98,"column":2},"end":{"line":114,"column":null}},"25":{"start":{"line":99,"column":4},"end":{"line":113,"column":null}},"26":{"start":{"line":104,"column":18},"end":{"line":107,"column":null}},"27":{"start":{"line":108,"column":6},"end":{"line":108,"column":null}},"28":{"start":{"line":110,"column":6},"end":{"line":110,"column":null}},"29":{"start":{"line":112,"column":6},"end":{"line":112,"column":null}},"30":{"start":{"line":116,"column":2},"end":{"line":116,"column":null}},"31":{"start":{"line":127,"column":93},"end":{"line":127,"column":null}},"32":{"start":{"line":129,"column":49},"end":{"line":132,"column":null}},"33":{"start":{"line":136,"column":19},"end":{"line":136,"column":null}},"34":{"start":{"line":137,"column":2},"end":{"line":139,"column":null}},"35":{"start":{"line":138,"column":4},"end":{"line":138,"column":null}},"36":{"start":{"line":142,"column":2},"end":{"line":147,"column":null}},"37":{"start":{"line":143,"column":17},"end":{"line":143,"column":null}},"38":{"start":{"line":144,"column":4},"end":{"line":146,"column":null}},"39":{"start":{"line":145,"column":6},"end":{"line":145,"column":null}},"40":{"start":{"line":149,"column":30},"end":{"line":154,"column":null}},"41":{"start":{"line":156,"column":2},"end":{"line":158,"column":null}},"42":{"start":{"line":157,"column":4},"end":{"line":157,"column":null}},"43":{"start":{"line":160,"column":17},"end":{"line":160,"column":null}},"44":{"start":{"line":166,"column":2},"end":{"line":172,"column":null}},"45":{"start":{"line":167,"column":22},"end":{"line":167,"column":null}},"46":{"start":{"line":168,"column":4},"end":{"line":170,"column":null}},"47":{"start":{"line":169,"column":6},"end":{"line":169,"column":null}},"48":{"start":{"line":174,"column":2},"end":{"line":181,"column":null}},"49":{"start":{"line":175,"column":20},"end":{"line":175,"column":null}},"50":{"start":{"line":175,"column":55},"end":{"line":175,"column":83}},"51":{"start":{"line":176,"column":4},"end":{"line":180,"column":null}},"52":{"start":{"line":184,"column":2},"end":{"line":186,"column":null}},"53":{"start":{"line":185,"column":4},"end":{"line":185,"column":null}},"54":{"start":{"line":188,"column":2},"end":{"line":188,"column":null}},"55":{"start":{"line":195,"column":23},"end":{"line":279,"column":null}},"56":{"start":{"line":196,"column":12},"end":{"line":196,"column":null}},"57":{"start":{"line":199,"column":19},"end":{"line":202,"column":null}},"58":{"start":{"line":205,"column":4},"end":{"line":207,"column":null}},"59":{"start":{"line":206,"column":6},"end":{"line":206,"column":null}},"60":{"start":{"line":208,"column":4},"end":{"line":208,"column":null}},"61":{"start":{"line":212,"column":4},"end":{"line":215,"column":null}},"62":{"start":{"line":218,"column":4},"end":{"line":222,"column":null}},"63":{"start":{"line":225,"column":4},"end":{"line":225,"column":null}},"64":{"start":{"line":226,"column":4},"end":{"line":226,"column":null}},"65":{"start":{"line":229,"column":17},"end":{"line":229,"column":null}},"66":{"start":{"line":232,"column":4},"end":{"line":236,"column":null}},"67":{"start":{"line":239,"column":4},"end":{"line":243,"column":null}},"68":{"start":{"line":246,"column":4},"end":{"line":249,"column":null}},"69":{"start":{"line":252,"column":4},"end":{"line":256,"column":null}},"70":{"start":{"line":260,"column":4},"end":{"line":260,"column":null}},"71":{"start":{"line":263,"column":4},"end":{"line":265,"column":null}},"72":{"start":{"line":269,"column":4},"end":{"line":269,"column":null}},"73":{"start":{"line":272,"column":4},"end":{"line":275,"column":null}},"74":{"start":{"line":278,"column":4},"end":{"line":278,"column":null}},"75":{"start":{"line":285,"column":19},"end":{"line":296,"column":null}},"76":{"start":{"line":287,"column":4},"end":{"line":287,"column":null}},"77":{"start":{"line":289,"column":4},"end":{"line":289,"column":null}},"78":{"start":{"line":291,"column":4},"end":{"line":291,"column":null}},"79":{"start":{"line":293,"column":4},"end":{"line":293,"column":null}},"80":{"start":{"line":295,"column":4},"end":{"line":295,"column":null}}},"fnMap":{"0":{"name":"(anonymous_0)","decl":{"start":{"line":35,"column":2},"end":{"line":35,"column":14}},"loc":{"start":{"line":35,"column":62},"end":{"line":40,"column":null}},"line":35},"1":{"name":"setMemoryToken","decl":{"start":{"line":57,"column":16},"end":{"line":57,"column":31}},"loc":{"start":{"line":57,"column":46},"end":{"line":60,"column":null}},"line":57},"2":{"name":"getMemoryToken","decl":{"start":{"line":63,"column":9},"end":{"line":63,"column":41}},"loc":{"start":{"line":63,"column":41},"end":{"line":70,"column":null}},"line":63},"3":{"name":"clearMemoryToken","decl":{"start":{"line":73,"column":16},"end":{"line":73,"column":35}},"loc":{"start":{"line":73,"column":35},"end":{"line":75,"column":null}},"line":73},"4":{"name":"getCsrfToken","decl":{"start":{"line":81,"column":9},"end":{"line":81,"column":39}},"loc":{"start":{"line":81,"column":39},"end":{"line":87,"column":null}},"line":81},"5":{"name":"(anonymous_5)","decl":{"start":{"line":85,"column":10},"end":{"line":85,"column":11}},"loc":{"start":{"line":85,"column":17},"end":{"line":85,"column":44}},"line":85},"6":{"name":"refreshTokens","decl":{"start":{"line":95,"column":15},"end":{"line":95,"column":49}},"loc":{"start":{"line":95,"column":49},"end":{"line":117,"column":null}},"line":95},"7":{"name":"(anonymous_7)","decl":{"start":{"line":98,"column":20},"end":{"line":98,"column":32}},"loc":{"start":{"line":98,"column":32},"end":{"line":114,"column":5}},"line":98},"8":{"name":"apiRequest","decl":{"start":{"line":123,"column":15},"end":{"line":123,"column":null}},"loc":{"start":{"line":126,"column":14},"end":{"line":189,"column":null}},"line":126},"9":{"name":"(anonymous_9)","decl":{"start":{"line":175,"column":48},"end":{"line":175,"column":55}},"loc":{"start":{"line":175,"column":55},"end":{"line":175,"column":83}},"line":175},"10":{"name":"(anonymous_10)","decl":{"start":{"line":196,"column":6},"end":{"line":196,"column":12}},"loc":{"start":{"line":196,"column":12},"end":{"line":196,"column":null}},"line":196},"11":{"name":"(anonymous_11)","decl":{"start":{"line":198,"column":9},"end":{"line":198,"column":16}},"loc":{"start":{"line":198,"column":72},"end":{"line":209,"column":null}},"line":198},"12":{"name":"(anonymous_12)","decl":{"start":{"line":211,"column":12},"end":{"line":211,"column":13}},"loc":{"start":{"line":212,"column":4},"end":{"line":215,"column":null}},"line":212},"13":{"name":"(anonymous_13)","decl":{"start":{"line":217,"column":12},"end":{"line":217,"column":13}},"loc":{"start":{"line":218,"column":4},"end":{"line":222,"column":null}},"line":218},"14":{"name":"(anonymous_14)","decl":{"start":{"line":224,"column":10},"end":{"line":224,"column":16}},"loc":{"start":{"line":224,"column":16},"end":{"line":227,"column":null}},"line":224},"15":{"name":"(anonymous_15)","decl":{"start":{"line":229,"column":11},"end":{"line":229,"column":17}},"loc":{"start":{"line":229,"column":17},"end":{"line":229,"column":null}},"line":229},"16":{"name":"(anonymous_16)","decl":{"start":{"line":231,"column":18},"end":{"line":231,"column":19}},"loc":{"start":{"line":232,"column":4},"end":{"line":236,"column":null}},"line":232},"17":{"name":"(anonymous_17)","decl":{"start":{"line":238,"column":17},"end":{"line":238,"column":18}},"loc":{"start":{"line":239,"column":4},"end":{"line":243,"column":null}},"line":239},"18":{"name":"(anonymous_18)","decl":{"start":{"line":245,"column":18},"end":{"line":245,"column":19}},"loc":{"start":{"line":246,"column":4},"end":{"line":249,"column":null}},"line":246},"19":{"name":"(anonymous_19)","decl":{"start":{"line":251,"column":15},"end":{"line":251,"column":16}},"loc":{"start":{"line":252,"column":4},"end":{"line":256,"column":null}},"line":252},"20":{"name":"(anonymous_20)","decl":{"start":{"line":259,"column":16},"end":{"line":259,"column":null}},"loc":{"start":{"line":260,"column":4},"end":{"line":260,"column":null}},"line":260},"21":{"name":"(anonymous_21)","decl":{"start":{"line":262,"column":17},"end":{"line":262,"column":18}},"loc":{"start":{"line":263,"column":4},"end":{"line":265,"column":null}},"line":263},"22":{"name":"(anonymous_22)","decl":{"start":{"line":268,"column":12},"end":{"line":268,"column":null}},"loc":{"start":{"line":269,"column":4},"end":{"line":269,"column":null}},"line":269},"23":{"name":"(anonymous_23)","decl":{"start":{"line":271,"column":13},"end":{"line":271,"column":14}},"loc":{"start":{"line":272,"column":4},"end":{"line":275,"column":null}},"line":272},"24":{"name":"(anonymous_24)","decl":{"start":{"line":277,"column":14},"end":{"line":277,"column":null}},"loc":{"start":{"line":278,"column":4},"end":{"line":278,"column":null}},"line":278},"25":{"name":"(anonymous_25)","decl":{"start":{"line":286,"column":7},"end":{"line":286,"column":11}},"loc":{"start":{"line":287,"column":4},"end":{"line":287,"column":null}},"line":287},"26":{"name":"(anonymous_26)","decl":{"start":{"line":288,"column":8},"end":{"line":288,"column":12}},"loc":{"start":{"line":289,"column":4},"end":{"line":289,"column":null}},"line":289},"27":{"name":"(anonymous_27)","decl":{"start":{"line":290,"column":7},"end":{"line":290,"column":11}},"loc":{"start":{"line":291,"column":4},"end":{"line":291,"column":null}},"line":291},"28":{"name":"(anonymous_28)","decl":{"start":{"line":292,"column":9},"end":{"line":292,"column":13}},"loc":{"start":{"line":293,"column":4},"end":{"line":293,"column":null}},"line":293},"29":{"name":"(anonymous_29)","decl":{"start":{"line":294,"column":10},"end":{"line":294,"column":14}},"loc":{"start":{"line":295,"column":4},"end":{"line":295,"column":null}},"line":295}},"branchMap":{"0":{"loc":{"start":{"line":64,"column":2},"end":{"line":64,"column":null}},"type":"if","locations":[{"start":{"line":64,"column":2},"end":{"line":64,"column":null}},{"start":{},"end":{}}],"line":64},"1":{"loc":{"start":{"line":65,"column":2},"end":{"line":68,"column":null}},"type":"if","locations":[{"start":{"line":65,"column":2},"end":{"line":68,"column":null}},{"start":{},"end":{}}],"line":65},"2":{"loc":{"start":{"line":82,"column":2},"end":{"line":82,"column":null}},"type":"if","locations":[{"start":{"line":82,"column":2},"end":{"line":82,"column":null}},{"start":{},"end":{}}],"line":82},"3":{"loc":{"start":{"line":86,"column":9},"end":{"line":86,"column":null}},"type":"cond-expr","locations":[{"start":{"line":86,"column":17},"end":{"line":86,"column":39}},{"start":{"line":86,"column":39},"end":{"line":86,"column":null}}],"line":86},"4":{"loc":{"start":{"line":96,"column":2},"end":{"line":96,"column":null}},"type":"if","locations":[{"start":{"line":96,"column":2},"end":{"line":96,"column":null}},{"start":{},"end":{}}],"line":96},"5":{"loc":{"start":{"line":125,"column":2},"end":{"line":125,"column":null}},"type":"default-arg","locations":[{"start":{"line":125,"column":28},"end":{"line":125,"column":null}}],"line":125},"6":{"loc":{"start":{"line":127,"column":10},"end":{"line":127,"column":26}},"type":"default-arg","locations":[{"start":{"line":127,"column":19},"end":{"line":127,"column":26}}],"line":127},"7":{"loc":{"start":{"line":127,"column":32},"end":{"line":127,"column":46}},"type":"default-arg","locations":[{"start":{"line":127,"column":42},"end":{"line":127,"column":46}}],"line":127},"8":{"loc":{"start":{"line":127,"column":46},"end":{"line":127,"column":64}},"type":"default-arg","locations":[{"start":{"line":127,"column":57},"end":{"line":127,"column":64}}],"line":127},"9":{"loc":{"start":{"line":127,"column":64},"end":{"line":127,"column":82}},"type":"default-arg","locations":[{"start":{"line":127,"column":75},"end":{"line":127,"column":82}}],"line":127},"10":{"loc":{"start":{"line":137,"column":2},"end":{"line":139,"column":null}},"type":"if","locations":[{"start":{"line":137,"column":2},"end":{"line":139,"column":null}},{"start":{},"end":{}}],"line":137},"11":{"loc":{"start":{"line":137,"column":6},"end":{"line":137,"column":52}},"type":"binary-expr","locations":[{"start":{"line":137,"column":6},"end":{"line":137,"column":18}},{"start":{"line":137,"column":18},"end":{"line":137,"column":52}}],"line":137},"12":{"loc":{"start":{"line":142,"column":2},"end":{"line":147,"column":null}},"type":"if","locations":[{"start":{"line":142,"column":2},"end":{"line":147,"column":null}},{"start":{},"end":{}}],"line":142},"13":{"loc":{"start":{"line":144,"column":4},"end":{"line":146,"column":null}},"type":"if","locations":[{"start":{"line":144,"column":4},"end":{"line":146,"column":null}},{"start":{},"end":{}}],"line":144},"14":{"loc":{"start":{"line":153,"column":8},"end":{"line":153,"column":null}},"type":"binary-expr","locations":[{"start":{"line":153,"column":8},"end":{"line":153,"column":18}},{"start":{"line":153,"column":18},"end":{"line":153,"column":null}}],"line":153},"15":{"loc":{"start":{"line":156,"column":2},"end":{"line":158,"column":null}},"type":"if","locations":[{"start":{"line":156,"column":2},"end":{"line":158,"column":null}},{"start":{},"end":{}}],"line":156},"16":{"loc":{"start":{"line":166,"column":2},"end":{"line":172,"column":null}},"type":"if","locations":[{"start":{"line":166,"column":2},"end":{"line":172,"column":null}},{"start":{},"end":{}}],"line":166},"17":{"loc":{"start":{"line":166,"column":6},"end":{"line":166,"column":44}},"type":"binary-expr","locations":[{"start":{"line":166,"column":6},"end":{"line":166,"column":33}},{"start":{"line":166,"column":33},"end":{"line":166,"column":44}}],"line":166},"18":{"loc":{"start":{"line":168,"column":4},"end":{"line":170,"column":null}},"type":"if","locations":[{"start":{"line":168,"column":4},"end":{"line":170,"column":null}},{"start":{},"end":{}}],"line":168},"19":{"loc":{"start":{"line":174,"column":2},"end":{"line":181,"column":null}},"type":"if","locations":[{"start":{"line":174,"column":2},"end":{"line":181,"column":null}},{"start":{},"end":{}}],"line":174},"20":{"loc":{"start":{"line":177,"column":6},"end":{"line":177,"column":null}},"type":"binary-expr","locations":[{"start":{"line":177,"column":6},"end":{"line":177,"column":24}},{"start":{"line":177,"column":24},"end":{"line":177,"column":null}}],"line":177},"21":{"loc":{"start":{"line":184,"column":2},"end":{"line":186,"column":null}},"type":"if","locations":[{"start":{"line":184,"column":2},"end":{"line":186,"column":null}},{"start":{},"end":{}}],"line":184},"22":{"loc":{"start":{"line":198,"column":49},"end":{"line":198,"column":72}},"type":"default-arg","locations":[{"start":{"line":198,"column":62},"end":{"line":198,"column":72}}],"line":198},"23":{"loc":{"start":{"line":205,"column":4},"end":{"line":207,"column":null}},"type":"if","locations":[{"start":{"line":205,"column":4},"end":{"line":207,"column":null}},{"start":{},"end":{}}],"line":205},"24":{"loc":{"start":{"line":205,"column":8},"end":{"line":205,"column":57}},"type":"binary-expr","locations":[{"start":{"line":205,"column":8},"end":{"line":205,"column":36}},{"start":{"line":205,"column":36},"end":{"line":205,"column":57}}],"line":205},"25":{"loc":{"start":{"line":211,"column":55},"end":{"line":211,"column":null}},"type":"default-arg","locations":[{"start":{"line":211,"column":68},"end":{"line":211,"column":null}}],"line":211}},"s":{"0":4,"1":4,"2":4,"3":4,"4":18,"5":18,"6":18,"7":2,"8":2,"9":16,"10":15,"11":1,"12":0,"13":0,"14":1,"15":1,"16":5,"17":0,"18":5,"19":5,"20":5,"21":18,"22":2,"23":0,"24":2,"25":2,"26":2,"27":2,"28":0,"29":2,"30":2,"31":16,"32":16,"33":16,"34":16,"35":1,"36":16,"37":5,"38":5,"39":1,"40":16,"41":16,"42":2,"43":16,"44":16,"45":2,"46":2,"47":1,"48":15,"49":4,"50":1,"51":4,"52":11,"53":2,"54":9,"55":18,"56":0,"57":0,"58":0,"59":0,"60":0,"61":0,"62":0,"63":0,"64":0,"65":0,"66":0,"67":0,"68":0,"69":0,"70":0,"71":0,"72":0,"73":0,"74":0,"75":18,"76":1,"77":1,"78":0,"79":0,"80":1},"f":{"0":4,"1":2,"2":16,"3":1,"4":5,"5":5,"6":2,"7":2,"8":16,"9":1,"10":0,"11":0,"12":0,"13":0,"14":0,"15":0,"16":0,"17":0,"18":0,"19":0,"20":0,"21":0,"22":0,"23":0,"24":0,"25":1,"26":1,"27":0,"28":0,"29":1},"b":{"0":[15,1],"1":[0,1],"2":[0,5],"3":[1,4],"4":[0,2],"5":[16],"6":[16],"7":[16],"8":[16],"9":[16],"10":[1,15],"11":[16,1],"12":[5,11],"13":[1,4],"14":[16,0],"15":[2,14],"16":[2,14],"17":[16,3],"18":[1,1],"19":[4,11],"20":[4,0],"21":[2,9],"22":[0],"23":[0,0],"24":[0,0],"25":[0]},"meta":{"lastBranch":26,"lastFunction":30,"lastStatement":81,"seen":{"f:35:2:35:14":0,"s:36:4:36:Infinity":0,"s:37:4:37:Infinity":1,"s:38:4:38:Infinity":2,"s:39:4:39:Infinity":3,"s:52:34:52:Infinity":4,"s:53:24:53:Infinity":5,"s:54:28:54:Infinity":6,"f:57:16:57:31":1,"s:58:2:58:Infinity":7,"s:59:2:59:Infinity":8,"f:63:9:63:41":2,"b:64:2:64:Infinity:undefined:undefined:undefined:undefined":0,"s:64:2:64:Infinity":9,"s:64:21:64:Infinity":10,"b:65:2:68:Infinity:undefined:undefined:undefined:undefined":1,"s:65:2:68:Infinity":11,"s:66:4:66:Infinity":12,"s:67:4:67:Infinity":13,"s:69:2:69:Infinity":14,"f:73:16:73:35":3,"s:74:2:74:Infinity":15,"f:81:9:81:39":4,"b:82:2:82:Infinity:undefined:undefined:undefined:undefined":2,"s:82:2:82:Infinity":16,"s:82:39:82:Infinity":17,"s:83:16:85:Infinity":18,"f:85:10:85:11":5,"s:85:17:85:44":19,"s:86:2:86:Infinity":20,"b:86:17:86:39:86:39:86:Infinity":3,"s:93:46:93:Infinity":21,"f:95:15:95:49":6,"b:96:2:96:Infinity:undefined:undefined:undefined:undefined":4,"s:96:2:96:Infinity":22,"s:96:22:96:Infinity":23,"s:98:2:114:Infinity":24,"f:98:20:98:32":7,"s:99:4:113:Infinity":25,"s:104:18:107:Infinity":26,"s:108:6:108:Infinity":27,"s:110:6:110:Infinity":28,"s:112:6:112:Infinity":29,"s:116:2:116:Infinity":30,"f:123:15:123:Infinity":8,"b:125:28:125:Infinity":5,"s:127:93:127:Infinity":31,"b:127:19:127:26":6,"b:127:42:127:46":7,"b:127:57:127:64":8,"b:127:75:127:82":9,"s:129:49:132:Infinity":32,"s:136:19:136:Infinity":33,"b:137:2:139:Infinity:undefined:undefined:undefined:undefined":10,"s:137:2:139:Infinity":34,"b:137:6:137:18:137:18:137:52":11,"s:138:4:138:Infinity":35,"b:142:2:147:Infinity:undefined:undefined:undefined:undefined":12,"s:142:2:147:Infinity":36,"s:143:17:143:Infinity":37,"b:144:4:146:Infinity:undefined:undefined:undefined:undefined":13,"s:144:4:146:Infinity":38,"s:145:6:145:Infinity":39,"s:149:30:154:Infinity":40,"b:153:8:153:18:153:18:153:Infinity":14,"b:156:2:158:Infinity:undefined:undefined:undefined:undefined":15,"s:156:2:158:Infinity":41,"s:157:4:157:Infinity":42,"s:160:17:160:Infinity":43,"b:166:2:172:Infinity:undefined:undefined:undefined:undefined":16,"s:166:2:172:Infinity":44,"b:166:6:166:33:166:33:166:44":17,"s:167:22:167:Infinity":45,"b:168:4:170:Infinity:undefined:undefined:undefined:undefined":18,"s:168:4:170:Infinity":46,"s:169:6:169:Infinity":47,"b:174:2:181:Infinity:undefined:undefined:undefined:undefined":19,"s:174:2:181:Infinity":48,"s:175:20:175:Infinity":49,"f:175:48:175:55":9,"s:175:55:175:83":50,"s:176:4:180:Infinity":51,"b:177:6:177:24:177:24:177:Infinity":20,"b:184:2:186:Infinity:undefined:undefined:undefined:undefined":21,"s:184:2:186:Infinity":52,"s:185:4:185:Infinity":53,"s:188:2:188:Infinity":54,"s:195:23:279:Infinity":55,"f:196:6:196:12":10,"s:196:12:196:Infinity":56,"f:198:9:198:16":11,"b:198:62:198:72":22,"s:199:19:202:Infinity":57,"b:205:4:207:Infinity:undefined:undefined:undefined:undefined":23,"s:205:4:207:Infinity":58,"b:205:8:205:36:205:36:205:57":24,"s:206:6:206:Infinity":59,"s:208:4:208:Infinity":60,"f:211:12:211:13":12,"s:212:4:215:Infinity":61,"b:211:68:211:Infinity":25,"f:217:12:217:13":13,"s:218:4:222:Infinity":62,"f:224:10:224:16":14,"s:225:4:225:Infinity":63,"s:226:4:226:Infinity":64,"f:229:11:229:17":15,"s:229:17:229:Infinity":65,"f:231:18:231:19":16,"s:232:4:236:Infinity":66,"f:238:17:238:18":17,"s:239:4:243:Infinity":67,"f:245:18:245:19":18,"s:246:4:249:Infinity":68,"f:251:15:251:16":19,"s:252:4:256:Infinity":69,"f:259:16:259:Infinity":20,"s:260:4:260:Infinity":70,"f:262:17:262:18":21,"s:263:4:265:Infinity":71,"f:268:12:268:Infinity":22,"s:269:4:269:Infinity":72,"f:271:13:271:14":23,"s:272:4:275:Infinity":73,"f:277:14:277:Infinity":24,"s:278:4:278:Infinity":74,"s:285:19:296:Infinity":75,"f:286:7:286:11":25,"s:287:4:287:Infinity":76,"f:288:8:288:12":26,"s:289:4:289:Infinity":77,"f:290:7:290:11":27,"s:291:4:291:Infinity":78,"f:292:9:292:13":28,"s:293:4:293:Infinity":79,"f:294:10:294:14":29,"s:295:4:295:Infinity":80}}}
,"/Users/bradgeisen/IQ-Data/dealscope/frontend/src/lib/api.ts": {"path":"/Users/bradgeisen/IQ-Data/dealscope/frontend/src/lib/api.ts","statementMap":{"0":{"start":{"line":262,"column":19},"end":{"line":476,"column":null}},"1":{"start":{"line":264,"column":10},"end":{"line":264,"column":null}},"2":{"start":{"line":268,"column":13},"end":{"line":272,"column":null}},"3":{"start":{"line":274,"column":10},"end":{"line":275,"column":null}},"4":{"start":{"line":277,"column":10},"end":{"line":278,"column":null}},"5":{"start":{"line":283,"column":16},"end":{"line":287,"column":null}},"6":{"start":{"line":297,"column":27},"end":{"line":297,"column":null}},"7":{"start":{"line":298,"column":6},"end":{"line":299,"column":null}},"8":{"start":{"line":299,"column":8},"end":{"line":299,"column":null}},"9":{"start":{"line":300,"column":6},"end":{"line":301,"column":null}},"10":{"start":{"line":301,"column":8},"end":{"line":301,"column":null}},"11":{"start":{"line":302,"column":6},"end":{"line":303,"column":null}},"12":{"start":{"line":303,"column":8},"end":{"line":303,"column":null}},"13":{"start":{"line":304,"column":6},"end":{"line":306,"column":null}},"14":{"start":{"line":312,"column":14},"end":{"line":313,"column":null}},"15":{"start":{"line":318,"column":10},"end":{"line":319,"column":null}},"16":{"start":{"line":324,"column":14},"end":{"line":333,"column":null}},"17":{"start":{"line":347,"column":27},"end":{"line":347,"column":null}},"18":{"start":{"line":348,"column":6},"end":{"line":348,"column":null}},"19":{"start":{"line":349,"column":6},"end":{"line":349,"column":null}},"20":{"start":{"line":349,"column":27},"end":{"line":349,"column":null}},"21":{"start":{"line":350,"column":6},"end":{"line":351,"column":null}},"22":{"start":{"line":351,"column":8},"end":{"line":351,"column":null}},"23":{"start":{"line":352,"column":6},"end":{"line":353,"column":null}},"24":{"start":{"line":353,"column":8},"end":{"line":353,"column":null}},"25":{"start":{"line":354,"column":6},"end":{"line":355,"column":null}},"26":{"start":{"line":355,"column":8},"end":{"line":355,"column":null}},"27":{"start":{"line":356,"column":6},"end":{"line":357,"column":null}},"28":{"start":{"line":357,"column":8},"end":{"line":357,"column":null}},"29":{"start":{"line":359,"column":18},"end":{"line":359,"column":null}},"30":{"start":{"line":360,"column":23},"end":{"line":360,"column":null}},"31":{"start":{"line":362,"column":6},"end":{"line":367,"column":null}},"32":{"start":{"line":363,"column":26},"end":{"line":363,"column":null}},"33":{"start":{"line":364,"column":8},"end":{"line":366,"column":null}},"34":{"start":{"line":369,"column":6},"end":{"line":369,"column":null}},"35":{"start":{"line":381,"column":27},"end":{"line":381,"column":null}},"36":{"start":{"line":382,"column":6},"end":{"line":382,"column":null}},"37":{"start":{"line":383,"column":6},"end":{"line":383,"column":null}},"38":{"start":{"line":383,"column":27},"end":{"line":383,"column":null}},"39":{"start":{"line":384,"column":6},"end":{"line":385,"column":null}},"40":{"start":{"line":385,"column":8},"end":{"line":385,"column":null}},"41":{"start":{"line":386,"column":6},"end":{"line":387,"column":null}},"42":{"start":{"line":387,"column":8},"end":{"line":387,"column":null}},"43":{"start":{"line":388,"column":6},"end":{"line":389,"column":null}},"44":{"start":{"line":389,"column":8},"end":{"line":389,"column":null}},"45":{"start":{"line":390,"column":6},"end":{"line":391,"column":null}},"46":{"start":{"line":391,"column":8},"end":{"line":391,"column":null}},"47":{"start":{"line":393,"column":23},"end":{"line":396,"column":null}},"48":{"start":{"line":398,"column":6},"end":{"line":403,"column":null}},"49":{"start":{"line":399,"column":26},"end":{"line":399,"column":null}},"50":{"start":{"line":400,"column":8},"end":{"line":402,"column":null}},"51":{"start":{"line":405,"column":6},"end":{"line":405,"column":null}},"52":{"start":{"line":413,"column":27},"end":{"line":413,"column":null}},"53":{"start":{"line":414,"column":6},"end":{"line":414,"column":null}},"54":{"start":{"line":414,"column":27},"end":{"line":414,"column":null}},"55":{"start":{"line":415,"column":6},"end":{"line":416,"column":null}},"56":{"start":{"line":416,"column":8},"end":{"line":416,"column":null}},"57":{"start":{"line":417,"column":6},"end":{"line":419,"column":null}},"58":{"start":{"line":425,"column":15},"end":{"line":429,"column":null}},"59":{"start":{"line":447,"column":27},"end":{"line":447,"column":null}},"60":{"start":{"line":448,"column":6},"end":{"line":450,"column":null}},"61":{"start":{"line":449,"column":8},"end":{"line":449,"column":null}},"62":{"start":{"line":449,"column":33},"end":{"line":449,"column":null}},"63":{"start":{"line":451,"column":6},"end":{"line":454,"column":null}},"64":{"start":{"line":457,"column":15},"end":{"line":465,"column":null}},"65":{"start":{"line":467,"column":17},"end":{"line":468,"column":null}},"66":{"start":{"line":470,"column":22},"end":{"line":474,"column":null}}},"fnMap":{"0":{"name":"(anonymous_0)","decl":{"start":{"line":264,"column":10},"end":{"line":264,"column":16}},"loc":{"start":{"line":264,"column":10},"end":{"line":264,"column":null}},"line":264},"1":{"name":"(anonymous_1)","decl":{"start":{"line":268,"column":12},"end":{"line":268,"column":13}},"loc":{"start":{"line":268,"column":13},"end":{"line":272,"column":null}},"line":268},"2":{"name":"(anonymous_2)","decl":{"start":{"line":274,"column":9},"end":{"line":274,"column":10}},"loc":{"start":{"line":274,"column":10},"end":{"line":275,"column":null}},"line":274},"3":{"name":"(anonymous_3)","decl":{"start":{"line":277,"column":10},"end":{"line":277,"column":null}},"loc":{"start":{"line":277,"column":10},"end":{"line":278,"column":null}},"line":277},"4":{"name":"(anonymous_4)","decl":{"start":{"line":283,"column":15},"end":{"line":283,"column":16}},"loc":{"start":{"line":283,"column":16},"end":{"line":287,"column":null}},"line":283},"5":{"name":"(anonymous_5)","decl":{"start":{"line":289,"column":11},"end":{"line":289,"column":null}},"loc":{"start":{"line":296,"column":9},"end":{"line":307,"column":null}},"line":296},"6":{"name":"(anonymous_6)","decl":{"start":{"line":312,"column":14},"end":{"line":312,"column":null}},"loc":{"start":{"line":312,"column":14},"end":{"line":313,"column":null}},"line":312},"7":{"name":"(anonymous_7)","decl":{"start":{"line":318,"column":9},"end":{"line":318,"column":10}},"loc":{"start":{"line":318,"column":10},"end":{"line":319,"column":null}},"line":318},"8":{"name":"(anonymous_8)","decl":{"start":{"line":324,"column":13},"end":{"line":324,"column":14}},"loc":{"start":{"line":324,"column":14},"end":{"line":333,"column":null}},"line":324},"9":{"name":"(anonymous_9)","decl":{"start":{"line":338,"column":19},"end":{"line":338,"column":26}},"loc":{"start":{"line":346,"column":10},"end":{"line":370,"column":null}},"line":346},"10":{"name":"(anonymous_10)","decl":{"start":{"line":372,"column":17},"end":{"line":372,"column":24}},"loc":{"start":{"line":380,"column":10},"end":{"line":406,"column":null}},"line":380},"11":{"name":"(anonymous_11)","decl":{"start":{"line":408,"column":13},"end":{"line":408,"column":14}},"loc":{"start":{"line":412,"column":10},"end":{"line":420,"column":null}},"line":412},"12":{"name":"(anonymous_12)","decl":{"start":{"line":425,"column":14},"end":{"line":425,"column":15}},"loc":{"start":{"line":425,"column":15},"end":{"line":429,"column":null}},"line":425},"13":{"name":"(anonymous_13)","decl":{"start":{"line":431,"column":19},"end":{"line":431,"column":20}},"loc":{"start":{"line":446,"column":10},"end":{"line":455,"column":null}},"line":446},"14":{"name":"(anonymous_14)","decl":{"start":{"line":448,"column":37},"end":{"line":448,"column":38}},"loc":{"start":{"line":448,"column":55},"end":{"line":450,"column":7}},"line":448},"15":{"name":"(anonymous_15)","decl":{"start":{"line":457,"column":15},"end":{"line":457,"column":null}},"loc":{"start":{"line":457,"column":15},"end":{"line":465,"column":null}},"line":457},"16":{"name":"(anonymous_16)","decl":{"start":{"line":467,"column":17},"end":{"line":467,"column":null}},"loc":{"start":{"line":467,"column":17},"end":{"line":468,"column":null}},"line":467},"17":{"name":"(anonymous_17)","decl":{"start":{"line":470,"column":21},"end":{"line":470,"column":22}},"loc":{"start":{"line":470,"column":22},"end":{"line":474,"column":null}},"line":470}},"branchMap":{"0":{"loc":{"start":{"line":298,"column":6},"end":{"line":299,"column":null}},"type":"if","locations":[{"start":{"line":298,"column":6},"end":{"line":299,"column":null}},{"start":{},"end":{}}],"line":298},"1":{"loc":{"start":{"line":300,"column":6},"end":{"line":301,"column":null}},"type":"if","locations":[{"start":{"line":300,"column":6},"end":{"line":301,"column":null}},{"start":{},"end":{}}],"line":300},"2":{"loc":{"start":{"line":302,"column":6},"end":{"line":303,"column":null}},"type":"if","locations":[{"start":{"line":302,"column":6},"end":{"line":303,"column":null}},{"start":{},"end":{}}],"line":302},"3":{"loc":{"start":{"line":349,"column":6},"end":{"line":349,"column":null}},"type":"if","locations":[{"start":{"line":349,"column":6},"end":{"line":349,"column":null}},{"start":{},"end":{}}],"line":349},"4":{"loc":{"start":{"line":350,"column":6},"end":{"line":351,"column":null}},"type":"if","locations":[{"start":{"line":350,"column":6},"end":{"line":351,"column":null}},{"start":{},"end":{}}],"line":350},"5":{"loc":{"start":{"line":352,"column":6},"end":{"line":353,"column":null}},"type":"if","locations":[{"start":{"line":352,"column":6},"end":{"line":353,"column":null}},{"start":{},"end":{}}],"line":352},"6":{"loc":{"start":{"line":354,"column":6},"end":{"line":355,"column":null}},"type":"if","locations":[{"start":{"line":354,"column":6},"end":{"line":355,"column":null}},{"start":{},"end":{}}],"line":354},"7":{"loc":{"start":{"line":356,"column":6},"end":{"line":357,"column":null}},"type":"if","locations":[{"start":{"line":356,"column":6},"end":{"line":357,"column":null}},{"start":{},"end":{}}],"line":356},"8":{"loc":{"start":{"line":362,"column":6},"end":{"line":367,"column":null}},"type":"if","locations":[{"start":{"line":362,"column":6},"end":{"line":367,"column":null}},{"start":{},"end":{}}],"line":362},"9":{"loc":{"start":{"line":383,"column":6},"end":{"line":383,"column":null}},"type":"if","locations":[{"start":{"line":383,"column":6},"end":{"line":383,"column":null}},{"start":{},"end":{}}],"line":383},"10":{"loc":{"start":{"line":384,"column":6},"end":{"line":385,"column":null}},"type":"if","locations":[{"start":{"line":384,"column":6},"end":{"line":385,"column":null}},{"start":{},"end":{}}],"line":384},"11":{"loc":{"start":{"line":386,"column":6},"end":{"line":387,"column":null}},"type":"if","locations":[{"start":{"line":386,"column":6},"end":{"line":387,"column":null}},{"start":{},"end":{}}],"line":386},"12":{"loc":{"start":{"line":388,"column":6},"end":{"line":389,"column":null}},"type":"if","locations":[{"start":{"line":388,"column":6},"end":{"line":389,"column":null}},{"start":{},"end":{}}],"line":388},"13":{"loc":{"start":{"line":390,"column":6},"end":{"line":391,"column":null}},"type":"if","locations":[{"start":{"line":390,"column":6},"end":{"line":391,"column":null}},{"start":{},"end":{}}],"line":390},"14":{"loc":{"start":{"line":398,"column":6},"end":{"line":403,"column":null}},"type":"if","locations":[{"start":{"line":398,"column":6},"end":{"line":403,"column":null}},{"start":{},"end":{}}],"line":398},"15":{"loc":{"start":{"line":414,"column":6},"end":{"line":414,"column":null}},"type":"if","locations":[{"start":{"line":414,"column":6},"end":{"line":414,"column":null}},{"start":{},"end":{}}],"line":414},"16":{"loc":{"start":{"line":415,"column":6},"end":{"line":416,"column":null}},"type":"if","locations":[{"start":{"line":415,"column":6},"end":{"line":416,"column":null}},{"start":{},"end":{}}],"line":415},"17":{"loc":{"start":{"line":449,"column":8},"end":{"line":449,"column":null}},"type":"if","locations":[{"start":{"line":449,"column":8},"end":{"line":449,"column":null}},{"start":{},"end":{}}],"line":449}},"s":{"0":1,"1":0,"2":0,"3":0,"4":0,"5":0,"6":0,"7":0,"8":0,"9":0,"10":0,"11":0,"12":0,"13":0,"14":0,"15":0,"16":0,"17":0,"18":0,"19":0,"20":0,"21":0,"22":0,"23":0,"24":0,"25":0,"26":0,"27":0,"28":0,"29":0,"30":0,"31":0,"32":0,"33":0,"34":0,"35":0,"36":0,"37":0,"38":0,"39":0,"40":0,"41":0,"42":0,"43":0,"44":0,"45":0,"46":0,"47":0,"48":0,"49":0,"50":0,"51":0,"52":0,"53":0,"54":0,"55":0,"56":0,"57":0,"58":0,"59":0,"60":0,"61":0,"62":0,"63":0,"64":0,"65":0,"66":0},"f":{"0":0,"1":0,"2":0,"3":0,"4":0,"5":0,"6":0,"7":0,"8":0,"9":0,"10":0,"11":0,"12":0,"13":0,"14":0,"15":0,"16":0,"17":0},"b":{"0":[0,0],"1":[0,0],"2":[0,0],"3":[0,0],"4":[0,0],"5":[0,0],"6":[0,0],"7":[0,0],"8":[0,0],"9":[0,0],"10":[0,0],"11":[0,0],"12":[0,0],"13":[0,0],"14":[0,0],"15":[0,0],"16":[0,0],"17":[0,0]},"meta":{"lastBranch":18,"lastFunction":18,"lastStatement":67,"seen":{"s:262:19:476:Infinity":0,"f:264:10:264:16":0,"s:264:10:264:Infinity":1,"f:268:12:268:13":1,"s:268:13:272:Infinity":2,"f:274:9:274:10":2,"s:274:10:275:Infinity":3,"f:277:10:277:Infinity":3,"s:277:10:278:Infinity":4,"f:283:15:283:16":4,"s:283:16:287:Infinity":5,"f:289:11:289:Infinity":5,"s:297:27:297:Infinity":6,"b:298:6:299:Infinity:undefined:undefined:undefined:undefined":0,"s:298:6:299:Infinity":7,"s:299:8:299:Infinity":8,"b:300:6:301:Infinity:undefined:undefined:undefined:undefined":1,"s:300:6:301:Infinity":9,"s:301:8:301:Infinity":10,"b:302:6:303:Infinity:undefined:undefined:undefined:undefined":2,"s:302:6:303:Infinity":11,"s:303:8:303:Infinity":12,"s:304:6:306:Infinity":13,"f:312:14:312:Infinity":6,"s:312:14:313:Infinity":14,"f:318:9:318:10":7,"s:318:10:319:Infinity":15,"f:324:13:324:14":8,"s:324:14:333:Infinity":16,"f:338:19:338:26":9,"s:347:27:347:Infinity":17,"s:348:6:348:Infinity":18,"b:349:6:349:Infinity:undefined:undefined:undefined:undefined":3,"s:349:6:349:Infinity":19,"s:349:27:349:Infinity":20,"b:350:6:351:Infinity:undefined:undefined:undefined:undefined":4,"s:350:6:351:Infinity":21,"s:351:8:351:Infinity":22,"b:352:6:353:Infinity:undefined:undefined:undefined:undefined":5,"s:352:6:353:Infinity":23,"s:353:8:353:Infinity":24,"b:354:6:355:Infinity:undefined:undefined:undefined:undefined":6,"s:354:6:355:Infinity":25,"s:355:8:355:Infinity":26,"b:356:6:357:Infinity:undefined:undefined:undefined:undefined":7,"s:356:6:357:Infinity":27,"s:357:8:357:Infinity":28,"s:359:18:359:Infinity":29,"s:360:23:360:Infinity":30,"b:362:6:367:Infinity:undefined:undefined:undefined:undefined":8,"s:362:6:367:Infinity":31,"s:363:26:363:Infinity":32,"s:364:8:366:Infinity":33,"s:369:6:369:Infinity":34,"f:372:17:372:24":10,"s:381:27:381:Infinity":35,"s:382:6:382:Infinity":36,"b:383:6:383:Infinity:undefined:undefined:undefined:undefined":9,"s:383:6:383:Infinity":37,"s:383:27:383:Infinity":38,"b:384:6:385:Infinity:undefined:undefined:undefined:undefined":10,"s:384:6:385:Infinity":39,"s:385:8:385:Infinity":40,"b:386:6:387:Infinity:undefined:undefined:undefined:undefined":11,"s:386:6:387:Infinity":41,"s:387:8:387:Infinity":42,"b:388:6:389:Infinity:undefined:undefined:undefined:undefined":12,"s:388:6:389:Infinity":43,"s:389:8:389:Infinity":44,"b:390:6:391:Infinity:undefined:undefined:undefined:undefined":13,"s:390:6:391:Infinity":45,"s:391:8:391:Infinity":46,"s:393:23:396:Infinity":47,"b:398:6:403:Infinity:undefined:undefined:undefined:undefined":14,"s:398:6:403:Infinity":48,"s:399:26:399:Infinity":49,"s:400:8:402:Infinity":50,"s:405:6:405:Infinity":51,"f:408:13:408:14":11,"s:413:27:413:Infinity":52,"b:414:6:414:Infinity:undefined:undefined:undefined:undefined":15,"s:414:6:414:Infinity":53,"s:414:27:414:Infinity":54,"b:415:6:416:Infinity:undefined:undefined:undefined:undefined":16,"s:415:6:416:Infinity":55,"s:416:8:416:Infinity":56,"s:417:6:419:Infinity":57,"f:425:14:425:15":12,"s:425:15:429:Infinity":58,"f:431:19:431:20":13,"s:447:27:447:Infinity":59,"s:448:6:450:Infinity":60,"f:448:37:448:38":14,"b:449:8:449:Infinity:undefined:undefined:undefined:undefined":17,"s:449:8:449:Infinity":61,"s:449:33:449:Infinity":62,"s:451:6:454:Infinity":63,"f:457:15:457:Infinity":15,"s:457:15:465:Infinity":64,"f:467:17:467:Infinity":16,"s:467:17:468:Infinity":65,"f:470:21:470:22":17,"s:470:22:474:Infinity":66}}}
,"/Users/bradgeisen/IQ-Data/dealscope/frontend/src/lib/env.ts": {"path":"/Users/bradgeisen/IQ-Data/dealscope/frontend/src/lib/env.ts","statementMap":{"0":{"start":{"line":17,"column":28},"end":{"line":17,"column":null}}},"fnMap":{},"branchMap":{},"s":{"0":19},"f":{},"b":{},"meta":{"lastBranch":0,"lastFunction":0,"lastStatement":1,"seen":{"s:17:28:17:Infinity":0}}}
,"/Users/bradgeisen/IQ-Data/dealscope/frontend/src/lib/priceUtils.ts": {"path":"/Users/bradgeisen/IQ-Data/dealscope/frontend/src/lib/priceUtils.ts","statementMap":{"0":{"start":{"line":26,"column":2},"end":{"line":26,"column":null}},"1":{"start":{"line":26,"column":19},"end":{"line":26,"column":null}},"2":{"start":{"line":27,"column":2},"end":{"line":27,"column":null}},"3":{"start":{"line":27,"column":28},"end":{"line":27,"column":null}},"4":{"start":{"line":28,"column":2},"end":{"line":28,"column":null}},"5":{"start":{"line":38,"column":2},"end":{"line":42,"column":null}},"6":{"start":{"line":39,"column":22},"end":{"line":39,"column":null}},"7":{"start":{"line":40,"column":22},"end":{"line":40,"column":null}},"8":{"start":{"line":41,"column":22},"end":{"line":41,"column":null}},"9":{"start":{"line":52,"column":2},"end":{"line":56,"column":null}},"10":{"start":{"line":53,"column":22},"end":{"line":53,"column":null}},"11":{"start":{"line":54,"column":22},"end":{"line":54,"column":null}},"12":{"start":{"line":55,"column":22},"end":{"line":55,"column":null}},"13":{"start":{"line":66,"column":2},"end":{"line":69,"column":null}},"14":{"start":{"line":80,"column":20},"end":{"line":80,"column":null}},"15":{"start":{"line":81,"column":2},"end":{"line":81,"column":null}},"16":{"start":{"line":91,"column":20},"end":{"line":91,"column":null}},"17":{"start":{"line":92,"column":2},"end":{"line":92,"column":null}}},"fnMap":{"0":{"name":"getPriceLabel","decl":{"start":{"line":25,"column":16},"end":{"line":25,"column":30}},"loc":{"start":{"line":25,"column":78},"end":{"line":29,"column":null}},"line":25},"1":{"name":"getPriceTargetLabel","decl":{"start":{"line":37,"column":16},"end":{"line":37,"column":36}},"loc":{"start":{"line":37,"column":65},"end":{"line":43,"column":null}},"line":37},"2":{"name":"getPriceTargetDescription","decl":{"start":{"line":51,"column":16},"end":{"line":51,"column":42}},"loc":{"start":{"line":51,"column":71},"end":{"line":57,"column":null}},"line":51},"3":{"name":"isPropertyOffMarket","decl":{"start":{"line":65,"column":16},"end":{"line":65,"column":36}},"loc":{"start":{"line":65,"column":69},"end":{"line":70,"column":null}},"line":65},"4":{"name":"getAtPriceLabel","decl":{"start":{"line":79,"column":16},"end":{"line":79,"column":32}},"loc":{"start":{"line":79,"column":80},"end":{"line":82,"column":null}},"line":79},"5":{"name":"getReturnsAtPriceLabel","decl":{"start":{"line":90,"column":16},"end":{"line":90,"column":39}},"loc":{"start":{"line":90,"column":70},"end":{"line":93,"column":null}},"line":90}},"branchMap":{"0":{"loc":{"start":{"line":26,"column":2},"end":{"line":26,"column":null}},"type":"if","locations":[{"start":{"line":26,"column":2},"end":{"line":26,"column":null}},{"start":{},"end":{}}],"line":26},"1":{"loc":{"start":{"line":27,"column":2},"end":{"line":27,"column":null}},"type":"if","locations":[{"start":{"line":27,"column":2},"end":{"line":27,"column":null}},{"start":{},"end":{}}],"line":27},"2":{"loc":{"start":{"line":38,"column":2},"end":{"line":42,"column":null}},"type":"switch","locations":[{"start":{"line":39,"column":4},"end":{"line":39,"column":null}},{"start":{"line":40,"column":4},"end":{"line":40,"column":null}},{"start":{"line":41,"column":4},"end":{"line":41,"column":null}}],"line":38},"3":{"loc":{"start":{"line":52,"column":2},"end":{"line":56,"column":null}},"type":"switch","locations":[{"start":{"line":53,"column":4},"end":{"line":53,"column":null}},{"start":{"line":54,"column":4},"end":{"line":54,"column":null}},{"start":{"line":55,"column":4},"end":{"line":55,"column":null}}],"line":52},"4":{"loc":{"start":{"line":66,"column":9},"end":{"line":69,"column":null}},"type":"binary-expr","locations":[{"start":{"line":66,"column":9},"end":{"line":66,"column":null}},{"start":{"line":67,"column":4},"end":{"line":67,"column":null}},{"start":{"line":68,"column":4},"end":{"line":68,"column":null}},{"start":{"line":69,"column":4},"end":{"line":69,"column":null}}],"line":66},"5":{"loc":{"start":{"line":91,"column":20},"end":{"line":91,"column":null}},"type":"cond-expr","locations":[{"start":{"line":91,"column":34},"end":{"line":91,"column":56}},{"start":{"line":91,"column":56},"end":{"line":91,"column":null}}],"line":91}},"s":{"0":8,"1":3,"2":5,"3":5,"4":3,"5":3,"6":1,"7":1,"8":1,"9":3,"10":1,"11":1,"12":1,"13":7,"14":3,"15":3,"16":2,"17":2},"f":{"0":8,"1":3,"2":3,"3":7,"4":3,"5":2},"b":{"0":[3,5],"1":[2,3],"2":[1,1,1],"3":[1,1,1],"4":[7,5,4,3],"5":[1,1]},"meta":{"lastBranch":6,"lastFunction":6,"lastStatement":18,"seen":{"f:25:16:25:30":0,"b:26:2:26:Infinity:undefined:undefined:undefined:undefined":0,"s:26:2:26:Infinity":0,"s:26:19:26:Infinity":1,"b:27:2:27:Infinity:undefined:undefined:undefined:undefined":1,"s:27:2:27:Infinity":2,"s:27:28:27:Infinity":3,"s:28:2:28:Infinity":4,"f:37:16:37:36":1,"b:39:4:39:Infinity:40:4:40:Infinity:41:4:41:Infinity":2,"s:38:2:42:Infinity":5,"s:39:22:39:Infinity":6,"s:40:22:40:Infinity":7,"s:41:22:41:Infinity":8,"f:51:16:51:42":2,"b:53:4:53:Infinity:54:4:54:Infinity:55:4:55:Infinity":3,"s:52:2:56:Infinity":9,"s:53:22:53:Infinity":10,"s:54:22:54:Infinity":11,"s:55:22:55:Infinity":12,"f:65:16:65:36":3,"s:66:2:69:Infinity":13,"b:66:9:66:Infinity:67:4:67:Infinity:68:4:68:Infinity:69:4:69:Infinity":4,"f:79:16:79:32":4,"s:80:20:80:Infinity":14,"s:81:2:81:Infinity":15,"f:90:16:90:39":5,"s:91:20:91:Infinity":16,"b:91:34:91:56:91:56:91:Infinity":5,"s:92:2:92:Infinity":17}}}
,"/Users/bradgeisen/IQ-Data/dealscope/frontend/src/lib/validations/auth.ts": {"path":"/Users/bradgeisen/IQ-Data/dealscope/frontend/src/lib/validations/auth.ts","statementMap":{"0":{"start":{"line":11,"column":23},"end":{"line":17,"column":null}},"1":{"start":{"line":20,"column":20},"end":{"line":23,"column":null}},"2":{"start":{"line":28,"column":27},"end":{"line":31,"column":null}},"3":{"start":{"line":38,"column":30},"end":{"line":49,"column":null}},"4":{"start":{"line":46,"column":20},"end":{"line":46,"column":60}},"5":{"start":{"line":56,"column":36},"end":{"line":58,"column":null}},"6":{"start":{"line":65,"column":35},"end":{"line":71,"column":null}},"7":{"start":{"line":68,"column":20},"end":{"line":68,"column":60}}},"fnMap":{"0":{"name":"(anonymous_0)","decl":{"start":{"line":46,"column":10},"end":{"line":46,"column":11}},"loc":{"start":{"line":46,"column":20},"end":{"line":46,"column":60}},"line":46},"1":{"name":"(anonymous_1)","decl":{"start":{"line":68,"column":10},"end":{"line":68,"column":11}},"loc":{"start":{"line":68,"column":20},"end":{"line":68,"column":60}},"line":68}},"branchMap":{},"s":{"0":1,"1":1,"2":1,"3":1,"4":7,"5":1,"6":1,"7":2},"f":{"0":7,"1":2},"b":{},"meta":{"lastBranch":0,"lastFunction":2,"lastStatement":8,"seen":{"s:11:23:17:Infinity":0,"s:20:20:23:Infinity":1,"s:28:27:31:Infinity":2,"s:38:30:49:Infinity":3,"f:46:10:46:11":0,"s:46:20:46:60":4,"s:56:36:58:Infinity":5,"s:65:35:71:Infinity":6,"f:68:10:68:11":1,"s:68:20:68:60":7}}}
}
