{"/Users/bradgeisen/IQ-Data/dealscope/mobile/components/analytics/DealGapPriceLadder.tsx": {"path":"/Users/bradgeisen/IQ-Data/dealscope/mobile/components/analytics/DealGapPriceLadder.tsx","statementMap":{"0":{"start":{"line":13,"column":16},"end":{"line":13,"column":19}},"1":{"start":{"line":14,"column":16},"end":{"line":14,"column":19}},"2":{"start":{"line":15,"column":14},"end":{"line":15,"column":16}},"3":{"start":{"line":16,"column":14},"end":{"line":16,"column":37}},"4":{"start":{"line":17,"column":16},"end":{"line":17,"column":18}},"5":{"start":{"line":18,"column":19},"end":{"line":18,"column":31}},"6":{"start":{"line":19,"column":14},"end":{"line":19,"column":34}},"7":{"start":{"line":22,"column":16},"end":{"line":28,"column":3}},"8":{"start":{"line":29,"column":13},"end":{"line":29,"column":40}},"9":{"start":{"line":30,"column":10},"end":{"line":30,"column":18}},"10":{"start":{"line":31,"column":8},"end":{"line":31,"column":31}},"11":{"start":{"line":32,"column":2},"end":{"line":38,"column":3}},"12":{"start":{"line":32,"column":15},"end":{"line":32,"column":16}},"13":{"start":{"line":33,"column":4},"end":{"line":37,"column":5}},"14":{"start":{"line":34,"column":6},"end":{"line":34,"column":19}},"15":{"start":{"line":35,"column":6},"end":{"line":35,"column":23}},"16":{"start":{"line":36,"column":6},"end":{"line":36,"column":12}},"17":{"start":{"line":39,"column":12},"end":{"line":39,"column":41}},"18":{"start":{"line":40,"column":14},"end":{"line":40,"column":67}},"19":{"start":{"line":40,"column":40},"end":{"line":40,"column":67}},"20":{"start":{"line":41,"column":2},"end":{"line":41,"column":87}},"21":{"start":{"line":49,"column":2},"end":{"line":49,"column":51}},"22":{"start":{"line":49,"column":24},"end":{"line":49,"column":51}},"23":{"start":{"line":50,"column":14},"end":{"line":50,"column":49}},"24":{"start":{"line":51,"column":14},"end":{"line":51,"column":45}},"25":{"start":{"line":52,"column":18},"end":{"line":52,"column":53}},"26":{"start":{"line":53,"column":2},"end":{"line":53,"column":35}},"27":{"start":{"line":61,"column":2},"end":{"line":61,"column":35}},"28":{"start":{"line":61,"column":24},"end":{"line":61,"column":35}},"29":{"start":{"line":62,"column":14},"end":{"line":62,"column":49}},"30":{"start":{"line":63,"column":14},"end":{"line":63,"column":45}},"31":{"start":{"line":64,"column":2},"end":{"line":64,"column":45}},"32":{"start":{"line":73,"column":4},"end":{"line":77,"column":12}},"33":{"start":{"line":78,"column":13},"end":{"line":78,"column":39}},"34":{"start":{"line":80,"column":16},"end":{"line":80,"column":52}},"35":{"start":{"line":81,"column":14},"end":{"line":81,"column":52}},"36":{"start":{"line":82,"column":15},"end":{"line":82,"column":50}},"37":{"start":{"line":84,"column":18},"end":{"line":84,"column":57}},"38":{"start":{"line":85,"column":17},"end":{"line":85,"column":55}},"39":{"start":{"line":86,"column":18},"end":{"line":86,"column":43}},"40":{"start":{"line":87,"column":17},"end":{"line":87,"column":41}},"41":{"start":{"line":90,"column":4},"end":{"line":92,"column":9}},"42":{"start":{"line":93,"column":22},"end":{"line":93,"column":89}},"43":{"start":{"line":95,"column":21},"end":{"line":95,"column":42}},"44":{"start":{"line":96,"column":19},"end":{"line":96,"column":41}},"45":{"start":{"line":98,"column":2},"end":{"line":261,"column":4}},"46":{"start":{"line":275,"column":2},"end":{"line":281,"column":4}},"47":{"start":{"line":284,"column":15},"end":{"line":333,"column":2}}},"fnMap":{"0":{"name":"colorForPosition","decl":{"start":{"line":21,"column":9},"end":{"line":21,"column":25}},"loc":{"start":{"line":21,"column":45},"end":{"line":42,"column":1}},"line":21},"1":{"name":"(anonymous_1)","decl":{"start":{"line":40,"column":14},"end":{"line":40,"column":15}},"loc":{"start":{"line":40,"column":40},"end":{"line":40,"column":67}},"line":40},"2":{"name":"priceToY","decl":{"start":{"line":44,"column":9},"end":{"line":44,"column":17}},"loc":{"start":{"line":48,"column":10},"end":{"line":54,"column":1}},"line":48},"3":{"name":"posOnLadder","decl":{"start":{"line":56,"column":9},"end":{"line":56,"column":20}},"loc":{"start":{"line":60,"column":10},"end":{"line":65,"column":1}},"line":60},"4":{"name":"DealGapPriceLadder","decl":{"start":{"line":67,"column":16},"end":{"line":67,"column":34}},"loc":{"start":{"line":71,"column":28},"end":{"line":262,"column":1}},"line":71},"5":{"name":"PriceChip","decl":{"start":{"line":264,"column":9},"end":{"line":264,"column":18}},"loc":{"start":{"line":274,"column":3},"end":{"line":282,"column":1}},"line":274}},"branchMap":{"0":{"loc":{"start":{"line":33,"column":4},"end":{"line":37,"column":5}},"type":"if","locations":[{"start":{"line":33,"column":4},"end":{"line":37,"column":5}},{"start":{},"end":{}}],"line":33},"1":{"loc":{"start":{"line":33,"column":8},"end":{"line":33,"column":48}},"type":"binary-expr","locations":[{"start":{"line":33,"column":8},"end":{"line":33,"column":24}},{"start":{"line":33,"column":28},"end":{"line":33,"column":48}}],"line":33},"2":{"loc":{"start":{"line":39,"column":26},"end":{"line":39,"column":40}},"type":"binary-expr","locations":[{"start":{"line":39,"column":26},"end":{"line":39,"column":35}},{"start":{"line":39,"column":39},"end":{"line":39,"column":40}}],"line":39},"3":{"loc":{"start":{"line":49,"column":2},"end":{"line":49,"column":51}},"type":"if","locations":[{"start":{"line":49,"column":2},"end":{"line":49,"column":51}},{"start":{},"end":{}}],"line":49},"4":{"loc":{"start":{"line":61,"column":2},"end":{"line":61,"column":35}},"type":"if","locations":[{"start":{"line":61,"column":2},"end":{"line":61,"column":35}},{"start":{},"end":{}}],"line":61},"5":{"loc":{"start":{"line":73,"column":4},"end":{"line":77,"column":12}},"type":"binary-expr","locations":[{"start":{"line":73,"column":4},"end":{"line":73,"column":19}},{"start":{"line":74,"column":4},"end":{"line":77,"column":12}}],"line":73},"6":{"loc":{"start":{"line":78,"column":13},"end":{"line":78,"column":39}},"type":"cond-expr","locations":[{"start":{"line":78,"column":29},"end":{"line":78,"column":33}},{"start":{"line":78,"column":36},"end":{"line":78,"column":39}}],"line":78},"7":{"loc":{"start":{"line":90,"column":4},"end":{"line":92,"column":9}},"type":"cond-expr","locations":[{"start":{"line":91,"column":8},"end":{"line":91,"column":50}},{"start":{"line":92,"column":8},"end":{"line":92,"column":9}}],"line":90},"8":{"loc":{"start":{"line":93,"column":25},"end":{"line":93,"column":52}},"type":"cond-expr","locations":[{"start":{"line":93,"column":43},"end":{"line":93,"column":46}},{"start":{"line":93,"column":49},"end":{"line":93,"column":52}}],"line":93}},"s":{"0":0,"1":0,"2":0,"3":0,"4":0,"5":0,"6":0,"7":0,"8":0,"9":0,"10":0,"11":0,"12":0,"13":0,"14":0,"15":0,"16":0,"17":0,"18":0,"19":0,"20":0,"21":0,"22":0,"23":0,"24":0,"25":0,"26":0,"27":0,"28":0,"29":0,"30":0,"31":0,"32":0,"33":0,"34":0,"35":0,"36":0,"37":0,"38":0,"39":0,"40":0,"41":0,"42":0,"43":0,"44":0,"45":0,"46":0,"47":0},"f":{"0":0,"1":0,"2":0,"3":0,"4":0,"5":0},"b":{"0":[0,0],"1":[0,0],"2":[0,0],"3":[0,0],"4":[0,0],"5":[0,0],"6":[0,0],"7":[0,0],"8":[0,0]}}
,"/Users/bradgeisen/IQ-Data/dealscope/mobile/components/auth/AuthGuard.tsx": {"path":"/Users/bradgeisen/IQ-Data/dealscope/mobile/components/auth/AuthGuard.tsx","statementMap":{"0":{"start":{"line":25,"column":50},"end":{"line":25,"column":62}},"1":{"start":{"line":27,"column":2},"end":{"line":33,"column":3}},"2":{"start":{"line":28,"column":4},"end":{"line":32,"column":6}},"3":{"start":{"line":35,"column":2},"end":{"line":37,"column":3}},"4":{"start":{"line":36,"column":4},"end":{"line":36,"column":45}},"5":{"start":{"line":39,"column":2},"end":{"line":41,"column":3}},"6":{"start":{"line":40,"column":4},"end":{"line":40,"column":33}},"7":{"start":{"line":43,"column":2},"end":{"line":43,"column":25}},"8":{"start":{"line":46,"column":15},"end":{"line":53,"column":2}}},"fnMap":{"0":{"name":"AuthGuard","decl":{"start":{"line":24,"column":16},"end":{"line":24,"column":25}},"loc":{"start":{"line":24,"column":78},"end":{"line":44,"column":1}},"line":24}},"branchMap":{"0":{"loc":{"start":{"line":24,"column":38},"end":{"line":24,"column":58}},"type":"default-arg","locations":[{"start":{"line":24,"column":53},"end":{"line":24,"column":58}}],"line":24},"1":{"loc":{"start":{"line":27,"column":2},"end":{"line":33,"column":3}},"type":"if","locations":[{"start":{"line":27,"column":2},"end":{"line":33,"column":3}},{"start":{},"end":{}}],"line":27},"2":{"loc":{"start":{"line":35,"column":2},"end":{"line":37,"column":3}},"type":"if","locations":[{"start":{"line":35,"column":2},"end":{"line":37,"column":3}},{"start":{},"end":{}}],"line":35},"3":{"loc":{"start":{"line":39,"column":2},"end":{"line":41,"column":3}},"type":"if","locations":[{"start":{"line":39,"column":2},"end":{"line":41,"column":3}},{"start":{},"end":{}}],"line":39},"4":{"loc":{"start":{"line":39,"column":6},"end":{"line":39,"column":30}},"type":"binary-expr","locations":[{"start":{"line":39,"column":6},"end":{"line":39,"column":18}},{"start":{"line":39,"column":22},"end":{"line":39,"column":30}}],"line":39}},"s":{"0":0,"1":0,"2":0,"3":0,"4":0,"5":0,"6":0,"7":0,"8":0},"f":{"0":0},"b":{"0":[0],"1":[0,0],"2":[0,0],"3":[0,0],"4":[0,0]}}
,"/Users/bradgeisen/IQ-Data/dealscope/mobile/components/auth/BiometricLockScreen.tsx": {"path":"/Users/bradgeisen/IQ-Data/dealscope/mobile/components/auth/BiometricLockScreen.tsx","statementMap":{"0":{"start":{"line":11,"column":2},"end":{"line":24,"column":4}},"1":{"start":{"line":27,"column":15},"end":{"line":57,"column":2}}},"fnMap":{"0":{"name":"BiometricLockScreen","decl":{"start":{"line":10,"column":16},"end":{"line":10,"column":35}},"loc":{"start":{"line":10,"column":75},"end":{"line":25,"column":1}},"line":10}},"branchMap":{},"s":{"0":0,"1":0},"f":{"0":0},"b":{}}
,"/Users/bradgeisen/IQ-Data/dealscope/mobile/components/billing/ProGate.tsx": {"path":"/Users/bradgeisen/IQ-Data/dealscope/mobile/components/billing/ProGate.tsx","statementMap":{"0":{"start":{"line":29,"column":6},"end":{"line":29,"column":23}},"1":{"start":{"line":30,"column":17},"end":{"line":30,"column":28}},"2":{"start":{"line":33,"column":2},"end":{"line":76,"column":3}},"3":{"start":{"line":34,"column":4},"end":{"line":75,"column":6}},"4":{"start":{"line":40,"column":27},"end":{"line":40,"column":62}},"5":{"start":{"line":64,"column":27},"end":{"line":64,"column":62}},"6":{"start":{"line":79,"column":2},"end":{"line":100,"column":3}},"7":{"start":{"line":80,"column":4},"end":{"line":99,"column":6}},"8":{"start":{"line":92,"column":25},"end":{"line":92,"column":60}},"9":{"start":{"line":103,"column":2},"end":{"line":127,"column":4}},"10":{"start":{"line":119,"column":23},"end":{"line":119,"column":58}},"11":{"start":{"line":137,"column":2},"end":{"line":147,"column":4}},"12":{"start":{"line":139,"column":21},"end":{"line":139,"column":30}},"13":{"start":{"line":150,"column":15},"end":{"line":279,"column":2}}},"fnMap":{"0":{"name":"ProGate","decl":{"start":{"line":18,"column":16},"end":{"line":18,"column":23}},"loc":{"start":{"line":18,"column":78},"end":{"line":128,"column":1}},"line":18},"1":{"name":"(anonymous_1)","decl":{"start":{"line":40,"column":21},"end":{"line":40,"column":22}},"loc":{"start":{"line":40,"column":27},"end":{"line":40,"column":62}},"line":40},"2":{"name":"(anonymous_2)","decl":{"start":{"line":64,"column":21},"end":{"line":64,"column":22}},"loc":{"start":{"line":64,"column":27},"end":{"line":64,"column":62}},"line":64},"3":{"name":"(anonymous_3)","decl":{"start":{"line":92,"column":19},"end":{"line":92,"column":20}},"loc":{"start":{"line":92,"column":25},"end":{"line":92,"column":60}},"line":92},"4":{"name":"(anonymous_4)","decl":{"start":{"line":119,"column":17},"end":{"line":119,"column":18}},"loc":{"start":{"line":119,"column":23},"end":{"line":119,"column":58}},"line":119},"5":{"name":"RestoreButton","decl":{"start":{"line":130,"column":9},"end":{"line":130,"column":22}},"loc":{"start":{"line":136,"column":3},"end":{"line":148,"column":1}},"line":136},"6":{"name":"(anonymous_6)","decl":{"start":{"line":139,"column":15},"end":{"line":139,"column":16}},"loc":{"start":{"line":139,"column":21},"end":{"line":139,"column":30}},"line":139}},"branchMap":{"0":{"loc":{"start":{"line":18,"column":36},"end":{"line":18,"column":60}},"type":"default-arg","locations":[{"start":{"line":18,"column":46},"end":{"line":18,"column":60}}],"line":18},"1":{"loc":{"start":{"line":33,"column":2},"end":{"line":76,"column":3}},"type":"if","locations":[{"start":{"line":33,"column":2},"end":{"line":76,"column":3}},{"start":{},"end":{}}],"line":33},"2":{"loc":{"start":{"line":37,"column":9},"end":{"line":48,"column":9}},"type":"binary-expr","locations":[{"start":{"line":37,"column":9},"end":{"line":37,"column":26}},{"start":{"line":38,"column":10},"end":{"line":47,"column":22}}],"line":37},"3":{"loc":{"start":{"line":51,"column":9},"end":{"line":58,"column":9}},"type":"binary-expr","locations":[{"start":{"line":51,"column":9},"end":{"line":51,"column":22}},{"start":{"line":52,"column":10},"end":{"line":57,"column":17}}],"line":51},"4":{"loc":{"start":{"line":61,"column":9},"end":{"line":71,"column":9}},"type":"binary-expr","locations":[{"start":{"line":61,"column":9},"end":{"line":61,"column":27}},{"start":{"line":61,"column":31},"end":{"line":61,"column":42}},{"start":{"line":62,"column":10},"end":{"line":70,"column":22}}],"line":61},"5":{"loc":{"start":{"line":79,"column":2},"end":{"line":100,"column":3}},"type":"if","locations":[{"start":{"line":79,"column":2},"end":{"line":100,"column":3}},{"start":{},"end":{}}],"line":79},"6":{"loc":{"start":{"line":144,"column":9},"end":{"line":144,"column":79}},"type":"cond-expr","locations":[{"start":{"line":144,"column":23},"end":{"line":144,"column":37}},{"start":{"line":144,"column":40},"end":{"line":144,"column":79}}],"line":144}},"s":{"0":0,"1":0,"2":0,"3":0,"4":0,"5":0,"6":0,"7":0,"8":0,"9":0,"10":0,"11":0,"12":0,"13":0},"f":{"0":0,"1":0,"2":0,"3":0,"4":0,"5":0,"6":0},"b":{"0":[0],"1":[0,0],"2":[0,0],"3":[0,0],"4":[0,0,0],"5":[0,0],"6":[0,0]}}
,"/Users/bradgeisen/IQ-Data/dealscope/mobile/components/billing/UsageBar.tsx": {"path":"/Users/bradgeisen/IQ-Data/dealscope/mobile/components/billing/UsageBar.tsx","statementMap":{"0":{"start":{"line":7,"column":89},"end":{"line":11,"column":1}},"1":{"start":{"line":18,"column":17},"end":{"line":18,"column":28}},"2":{"start":{"line":19,"column":64},"end":{"line":19,"column":74}},"3":{"start":{"line":21,"column":2},"end":{"line":21,"column":38}},"4":{"start":{"line":21,"column":26},"end":{"line":21,"column":38}},"5":{"start":{"line":23,"column":12},"end":{"line":23,"column":31}},"6":{"start":{"line":25,"column":2},"end":{"line":44,"column":3}},"7":{"start":{"line":26,"column":4},"end":{"line":43,"column":6}},"8":{"start":{"line":29,"column":23},"end":{"line":29,"column":58}},"9":{"start":{"line":46,"column":2},"end":{"line":82,"column":4}},"10":{"start":{"line":49,"column":21},"end":{"line":49,"column":56}},"11":{"start":{"line":85,"column":15},"end":{"line":163,"column":2}}},"fnMap":{"0":{"name":"UsageBar","decl":{"start":{"line":17,"column":16},"end":{"line":17,"column":24}},"loc":{"start":{"line":17,"column":61},"end":{"line":83,"column":1}},"line":17},"1":{"name":"(anonymous_1)","decl":{"start":{"line":29,"column":17},"end":{"line":29,"column":18}},"loc":{"start":{"line":29,"column":23},"end":{"line":29,"column":58}},"line":29},"2":{"name":"(anonymous_2)","decl":{"start":{"line":49,"column":15},"end":{"line":49,"column":16}},"loc":{"start":{"line":49,"column":21},"end":{"line":49,"column":56}},"line":49}},"branchMap":{"0":{"loc":{"start":{"line":17,"column":27},"end":{"line":17,"column":42}},"type":"default-arg","locations":[{"start":{"line":17,"column":37},"end":{"line":17,"column":42}}],"line":17},"1":{"loc":{"start":{"line":21,"column":2},"end":{"line":21,"column":38}},"type":"if","locations":[{"start":{"line":21,"column":2},"end":{"line":21,"column":38}},{"start":{},"end":{}}],"line":21},"2":{"loc":{"start":{"line":21,"column":6},"end":{"line":21,"column":24}},"type":"binary-expr","locations":[{"start":{"line":21,"column":6},"end":{"line":21,"column":15}},{"start":{"line":21,"column":19},"end":{"line":21,"column":24}}],"line":21},"3":{"loc":{"start":{"line":25,"column":2},"end":{"line":44,"column":3}},"type":"if","locations":[{"start":{"line":25,"column":2},"end":{"line":44,"column":3}},{"start":{},"end":{}}],"line":25},"4":{"loc":{"start":{"line":59,"column":11},"end":{"line":63,"column":11}},"type":"binary-expr","locations":[{"start":{"line":59,"column":11},"end":{"line":59,"column":33}},{"start":{"line":60,"column":12},"end":{"line":62,"column":19}}],"line":59},"5":{"loc":{"start":{"line":61,"column":45},"end":{"line":61,"column":76}},"type":"cond-expr","locations":[{"start":{"line":61,"column":68},"end":{"line":61,"column":71}},{"start":{"line":61,"column":74},"end":{"line":61,"column":76}}],"line":61},"6":{"loc":{"start":{"line":65,"column":9},"end":{"line":71,"column":9}},"type":"cond-expr","locations":[{"start":{"line":66,"column":10},"end":{"line":68,"column":17}},{"start":{"line":70,"column":10},"end":{"line":70,"column":70}}],"line":65}},"s":{"0":0,"1":0,"2":0,"3":0,"4":0,"5":0,"6":0,"7":0,"8":0,"9":0,"10":0,"11":0},"f":{"0":0,"1":0,"2":0},"b":{"0":[0],"1":[0,0],"2":[0,0],"3":[0,0],"4":[0,0],"5":[0,0],"6":[0,0]}}
,"/Users/bradgeisen/IQ-Data/dealscope/mobile/components/profile/AccountTab.tsx": {"path":"/Users/bradgeisen/IQ-Data/dealscope/mobile/components/profile/AccountTab.tsx","statementMap":{"0":{"start":{"line":15,"column":34},"end":{"line":15,"column":64}},"1":{"start":{"line":16,"column":28},"end":{"line":16,"column":40}},"2":{"start":{"line":17,"column":25},"end":{"line":17,"column":40}},"3":{"start":{"line":20,"column":36},"end":{"line":20,"column":48}},"4":{"start":{"line":21,"column":28},"end":{"line":21,"column":40}},"5":{"start":{"line":22,"column":32},"end":{"line":22,"column":44}},"6":{"start":{"line":23,"column":36},"end":{"line":23,"column":51}},"7":{"start":{"line":24,"column":36},"end":{"line":24,"column":51}},"8":{"start":{"line":27,"column":4},"end":{"line":27,"column":33}},"9":{"start":{"line":27,"column":26},"end":{"line":27,"column":33}},"10":{"start":{"line":28,"column":4},"end":{"line":28,"column":17}},"11":{"start":{"line":29,"column":4},"end":{"line":34,"column":5}},"12":{"start":{"line":30,"column":6},"end":{"line":30,"column":95}},"13":{"start":{"line":31,"column":6},"end":{"line":31,"column":58}},"14":{"start":{"line":33,"column":6},"end":{"line":33,"column":48}},"15":{"start":{"line":38,"column":4},"end":{"line":41,"column":5}},"16":{"start":{"line":39,"column":6},"end":{"line":39,"column":59}},"17":{"start":{"line":40,"column":6},"end":{"line":40,"column":13}},"18":{"start":{"line":42,"column":4},"end":{"line":42,"column":19}},"19":{"start":{"line":43,"column":4},"end":{"line":43,"column":24}},"20":{"start":{"line":44,"column":4},"end":{"line":44,"column":23}},"21":{"start":{"line":45,"column":4},"end":{"line":54,"column":5}},"22":{"start":{"line":46,"column":6},"end":{"line":46,"column":53}},"23":{"start":{"line":47,"column":6},"end":{"line":47,"column":25}},"24":{"start":{"line":48,"column":6},"end":{"line":48,"column":23}},"25":{"start":{"line":49,"column":6},"end":{"line":49,"column":19}},"26":{"start":{"line":51,"column":6},"end":{"line":51,"column":61}},"27":{"start":{"line":53,"column":6},"end":{"line":53,"column":26}},"28":{"start":{"line":57,"column":2},"end":{"line":132,"column":4}},"29":{"start":{"line":135,"column":15},"end":{"line":196,"column":2}}},"fnMap":{"0":{"name":"AccountTab","decl":{"start":{"line":14,"column":16},"end":{"line":14,"column":26}},"loc":{"start":{"line":14,"column":54},"end":{"line":133,"column":1}},"line":14},"1":{"name":"handleSaveName","decl":{"start":{"line":26,"column":17},"end":{"line":26,"column":31}},"loc":{"start":{"line":26,"column":34},"end":{"line":35,"column":3}},"line":26},"2":{"name":"handleChangePassword","decl":{"start":{"line":37,"column":17},"end":{"line":37,"column":37}},"loc":{"start":{"line":37,"column":40},"end":{"line":55,"column":3}},"line":37}},"branchMap":{"0":{"loc":{"start":{"line":15,"column":43},"end":{"line":15,"column":63}},"type":"binary-expr","locations":[{"start":{"line":15,"column":43},"end":{"line":15,"column":57}},{"start":{"line":15,"column":61},"end":{"line":15,"column":63}}],"line":15},"1":{"loc":{"start":{"line":27,"column":4},"end":{"line":27,"column":33}},"type":"if","locations":[{"start":{"line":27,"column":4},"end":{"line":27,"column":33}},{"start":{},"end":{}}],"line":27},"2":{"loc":{"start":{"line":33,"column":15},"end":{"line":33,"column":46}},"type":"binary-expr","locations":[{"start":{"line":33,"column":15},"end":{"line":33,"column":26}},{"start":{"line":33,"column":30},"end":{"line":33,"column":46}}],"line":33},"3":{"loc":{"start":{"line":38,"column":4},"end":{"line":41,"column":5}},"type":"if","locations":[{"start":{"line":38,"column":4},"end":{"line":41,"column":5}},{"start":{},"end":{}}],"line":38},"4":{"loc":{"start":{"line":51,"column":17},"end":{"line":51,"column":59}},"type":"binary-expr","locations":[{"start":{"line":51,"column":17},"end":{"line":51,"column":28}},{"start":{"line":51,"column":32},"end":{"line":51,"column":59}}],"line":51},"5":{"loc":{"start":{"line":59,"column":7},"end":{"line":59,"column":53}},"type":"cond-expr","locations":[{"start":{"line":59,"column":15},"end":{"line":59,"column":46}},{"start":{"line":59,"column":49},"end":{"line":59,"column":53}}],"line":59},"6":{"loc":{"start":{"line":74,"column":39},"end":{"line":74,"column":59}},"type":"binary-expr","locations":[{"start":{"line":74,"column":39},"end":{"line":74,"column":53}},{"start":{"line":74,"column":57},"end":{"line":74,"column":59}}],"line":74},"7":{"loc":{"start":{"line":75,"column":17},"end":{"line":75,"column":81}},"type":"cond-expr","locations":[{"start":{"line":75,"column":62},"end":{"line":75,"column":71}},{"start":{"line":75,"column":74},"end":{"line":75,"column":81}}],"line":75},"8":{"loc":{"start":{"line":75,"column":38},"end":{"line":75,"column":58}},"type":"binary-expr","locations":[{"start":{"line":75,"column":38},"end":{"line":75,"column":52}},{"start":{"line":75,"column":56},"end":{"line":75,"column":58}}],"line":75},"9":{"loc":{"start":{"line":94,"column":51},"end":{"line":94,"column":95}},"type":"cond-expr","locations":[{"start":{"line":94,"column":70},"end":{"line":94,"column":82}},{"start":{"line":94,"column":85},"end":{"line":94,"column":95}}],"line":94},"10":{"loc":{"start":{"line":95,"column":13},"end":{"line":95,"column":44}},"type":"cond-expr","locations":[{"start":{"line":95,"column":32},"end":{"line":95,"column":37}},{"start":{"line":95,"column":40},"end":{"line":95,"column":44}}],"line":95},"11":{"loc":{"start":{"line":102,"column":7},"end":{"line":102,"column":57}},"type":"cond-expr","locations":[{"start":{"line":102,"column":17},"end":{"line":102,"column":50}},{"start":{"line":102,"column":53},"end":{"line":102,"column":57}}],"line":102},"12":{"loc":{"start":{"line":103,"column":7},"end":{"line":107,"column":7}},"type":"binary-expr","locations":[{"start":{"line":103,"column":7},"end":{"line":103,"column":16}},{"start":{"line":104,"column":8},"end":{"line":106,"column":15}}],"line":103},"13":{"loc":{"start":{"line":128,"column":18},"end":{"line":128,"column":48}},"type":"binary-expr","locations":[{"start":{"line":128,"column":18},"end":{"line":128,"column":28}},{"start":{"line":128,"column":32},"end":{"line":128,"column":48}}],"line":128}},"s":{"0":0,"1":0,"2":0,"3":0,"4":0,"5":0,"6":0,"7":0,"8":0,"9":0,"10":0,"11":0,"12":0,"13":0,"14":0,"15":0,"16":0,"17":0,"18":0,"19":0,"20":0,"21":0,"22":0,"23":0,"24":0,"25":0,"26":0,"27":0,"28":0,"29":0},"f":{"0":0,"1":0,"2":0},"b":{"0":[0,0],"1":[0,0],"2":[0,0],"3":[0,0],"4":[0,0],"5":[0,0],"6":[0,0],"7":[0,0],"8":[0,0],"9":[0,0],"10":[0,0],"11":[0,0],"12":[0,0],"13":[0,0]}}
,"/Users/bradgeisen/IQ-Data/dealscope/mobile/components/profile/InvestorTab.tsx": {"path":"/Users/bradgeisen/IQ-Data/dealscope/mobile/components/profile/InvestorTab.tsx","statementMap":{"0":{"start":{"line":13,"column":26},"end":{"line":13,"column":85}},"1":{"start":{"line":14,"column":20},"end":{"line":14,"column":71}},"2":{"start":{"line":15,"column":19},"end":{"line":22,"column":1}},"3":{"start":{"line":25,"column":39},"end":{"line":25,"column":59}},"4":{"start":{"line":26,"column":25},"end":{"line":26,"column":51}},"5":{"start":{"line":27,"column":28},"end":{"line":27,"column":40}},"6":{"start":{"line":29,"column":38},"end":{"line":29,"column":92}},"7":{"start":{"line":30,"column":38},"end":{"line":30,"column":93}},"8":{"start":{"line":31,"column":26},"end":{"line":31,"column":73}},"9":{"start":{"line":33,"column":2},"end":{"line":39,"column":16}},"10":{"start":{"line":34,"column":4},"end":{"line":38,"column":5}},"11":{"start":{"line":35,"column":6},"end":{"line":35,"column":65}},"12":{"start":{"line":36,"column":6},"end":{"line":36,"column":56}},"13":{"start":{"line":37,"column":6},"end":{"line":37,"column":52}},"14":{"start":{"line":42,"column":4},"end":{"line":44,"column":6}},"15":{"start":{"line":43,"column":6},"end":{"line":43,"column":70}},"16":{"start":{"line":43,"column":45},"end":{"line":43,"column":53}},"17":{"start":{"line":48,"column":4},"end":{"line":48,"column":17}},"18":{"start":{"line":49,"column":4},"end":{"line":58,"column":5}},"19":{"start":{"line":50,"column":6},"end":{"line":54,"column":9}},"20":{"start":{"line":55,"column":6},"end":{"line":55,"column":56}},"21":{"start":{"line":57,"column":6},"end":{"line":57,"column":48}},"22":{"start":{"line":61,"column":2},"end":{"line":61,"column":29}},"23":{"start":{"line":61,"column":17},"end":{"line":61,"column":29}},"24":{"start":{"line":63,"column":2},"end":{"line":129,"column":4}},"25":{"start":{"line":71,"column":10},"end":{"line":79,"column":22}},"26":{"start":{"line":74,"column":27},"end":{"line":74,"column":45}},"27":{"start":{"line":87,"column":25},"end":{"line":87,"column":50}},"28":{"start":{"line":88,"column":10},"end":{"line":103,"column":12}},"29":{"start":{"line":92,"column":29},"end":{"line":92,"column":49}},"30":{"start":{"line":111,"column":10},"end":{"line":119,"column":22}},"31":{"start":{"line":114,"column":27},"end":{"line":114,"column":39}},"32":{"start":{"line":132,"column":15},"end":{"line":194,"column":2}}},"fnMap":{"0":{"name":"InvestorTab","decl":{"start":{"line":24,"column":16},"end":{"line":24,"column":27}},"loc":{"start":{"line":24,"column":30},"end":{"line":130,"column":1}},"line":24},"1":{"name":"(anonymous_1)","decl":{"start":{"line":33,"column":12},"end":{"line":33,"column":13}},"loc":{"start":{"line":33,"column":18},"end":{"line":39,"column":3}},"line":33},"2":{"name":"toggleStrategy","decl":{"start":{"line":41,"column":11},"end":{"line":41,"column":25}},"loc":{"start":{"line":41,"column":38},"end":{"line":45,"column":3}},"line":41},"3":{"name":"(anonymous_3)","decl":{"start":{"line":42,"column":18},"end":{"line":42,"column":19}},"loc":{"start":{"line":43,"column":6},"end":{"line":43,"column":70}},"line":43},"4":{"name":"(anonymous_4)","decl":{"start":{"line":43,"column":38},"end":{"line":43,"column":39}},"loc":{"start":{"line":43,"column":45},"end":{"line":43,"column":53}},"line":43},"5":{"name":"handleSave","decl":{"start":{"line":47,"column":17},"end":{"line":47,"column":27}},"loc":{"start":{"line":47,"column":30},"end":{"line":59,"column":3}},"line":47},"6":{"name":"(anonymous_6)","decl":{"start":{"line":70,"column":31},"end":{"line":70,"column":32}},"loc":{"start":{"line":71,"column":10},"end":{"line":79,"column":22}},"line":71},"7":{"name":"(anonymous_7)","decl":{"start":{"line":74,"column":21},"end":{"line":74,"column":22}},"loc":{"start":{"line":74,"column":27},"end":{"line":74,"column":45}},"line":74},"8":{"name":"(anonymous_8)","decl":{"start":{"line":86,"column":24},"end":{"line":86,"column":25}},"loc":{"start":{"line":86,"column":31},"end":{"line":104,"column":9}},"line":86},"9":{"name":"(anonymous_9)","decl":{"start":{"line":92,"column":23},"end":{"line":92,"column":24}},"loc":{"start":{"line":92,"column":29},"end":{"line":92,"column":49}},"line":92},"10":{"name":"(anonymous_10)","decl":{"start":{"line":110,"column":25},"end":{"line":110,"column":26}},"loc":{"start":{"line":111,"column":10},"end":{"line":119,"column":22}},"line":111},"11":{"name":"(anonymous_11)","decl":{"start":{"line":114,"column":21},"end":{"line":114,"column":22}},"loc":{"start":{"line":114,"column":27},"end":{"line":114,"column":39}},"line":114}},"branchMap":{"0":{"loc":{"start":{"line":29,"column":47},"end":{"line":29,"column":91}},"type":"binary-expr","locations":[{"start":{"line":29,"column":47},"end":{"line":29,"column":77}},{"start":{"line":29,"column":81},"end":{"line":29,"column":91}}],"line":29},"1":{"loc":{"start":{"line":30,"column":57},"end":{"line":30,"column":92}},"type":"binary-expr","locations":[{"start":{"line":30,"column":57},"end":{"line":30,"column":86}},{"start":{"line":30,"column":90},"end":{"line":30,"column":92}}],"line":30},"2":{"loc":{"start":{"line":31,"column":35},"end":{"line":31,"column":72}},"type":"binary-expr","locations":[{"start":{"line":31,"column":35},"end":{"line":31,"column":58}},{"start":{"line":31,"column":62},"end":{"line":31,"column":72}}],"line":31},"3":{"loc":{"start":{"line":34,"column":4},"end":{"line":38,"column":5}},"type":"if","locations":[{"start":{"line":34,"column":4},"end":{"line":38,"column":5}},{"start":{},"end":{}}],"line":34},"4":{"loc":{"start":{"line":35,"column":20},"end":{"line":35,"column":63}},"type":"binary-expr","locations":[{"start":{"line":35,"column":20},"end":{"line":35,"column":49}},{"start":{"line":35,"column":53},"end":{"line":35,"column":63}}],"line":35},"5":{"loc":{"start":{"line":36,"column":20},"end":{"line":36,"column":54}},"type":"binary-expr","locations":[{"start":{"line":36,"column":20},"end":{"line":36,"column":48}},{"start":{"line":36,"column":52},"end":{"line":36,"column":54}}],"line":36},"6":{"loc":{"start":{"line":37,"column":14},"end":{"line":37,"column":50}},"type":"binary-expr","locations":[{"start":{"line":37,"column":14},"end":{"line":37,"column":36}},{"start":{"line":37,"column":40},"end":{"line":37,"column":50}}],"line":37},"7":{"loc":{"start":{"line":43,"column":6},"end":{"line":43,"column":70}},"type":"cond-expr","locations":[{"start":{"line":43,"column":26},"end":{"line":43,"column":54}},{"start":{"line":43,"column":57},"end":{"line":43,"column":70}}],"line":43},"8":{"loc":{"start":{"line":57,"column":15},"end":{"line":57,"column":46}},"type":"binary-expr","locations":[{"start":{"line":57,"column":15},"end":{"line":57,"column":26}},{"start":{"line":57,"column":30},"end":{"line":57,"column":46}}],"line":57},"9":{"loc":{"start":{"line":61,"column":2},"end":{"line":61,"column":29}},"type":"if","locations":[{"start":{"line":61,"column":2},"end":{"line":61,"column":29}},{"start":{},"end":{}}],"line":61},"10":{"loc":{"start":{"line":65,"column":7},"end":{"line":65,"column":53}},"type":"cond-expr","locations":[{"start":{"line":65,"column":15},"end":{"line":65,"column":46}},{"start":{"line":65,"column":49},"end":{"line":65,"column":53}}],"line":65},"11":{"loc":{"start":{"line":73,"column":33},"end":{"line":73,"column":72}},"type":"binary-expr","locations":[{"start":{"line":73,"column":33},"end":{"line":73,"column":51}},{"start":{"line":73,"column":55},"end":{"line":73,"column":72}}],"line":73},"12":{"loc":{"start":{"line":76,"column":43},"end":{"line":76,"column":86}},"type":"binary-expr","locations":[{"start":{"line":76,"column":43},"end":{"line":76,"column":61}},{"start":{"line":76,"column":65},"end":{"line":76,"column":86}}],"line":76},"13":{"loc":{"start":{"line":91,"column":35},"end":{"line":91,"column":62}},"type":"binary-expr","locations":[{"start":{"line":91,"column":35},"end":{"line":91,"column":41}},{"start":{"line":91,"column":45},"end":{"line":91,"column":62}}],"line":91},"14":{"loc":{"start":{"line":95,"column":22},"end":{"line":95,"column":69}},"type":"cond-expr","locations":[{"start":{"line":95,"column":31},"end":{"line":95,"column":49}},{"start":{"line":95,"column":52},"end":{"line":95,"column":69}}],"line":95},"15":{"loc":{"start":{"line":97,"column":23},"end":{"line":97,"column":60}},"type":"cond-expr","locations":[{"start":{"line":97,"column":32},"end":{"line":97,"column":45}},{"start":{"line":97,"column":48},"end":{"line":97,"column":60}}],"line":97},"16":{"loc":{"start":{"line":99,"column":45},"end":{"line":99,"column":76}},"type":"binary-expr","locations":[{"start":{"line":99,"column":45},"end":{"line":99,"column":51}},{"start":{"line":99,"column":55},"end":{"line":99,"column":76}}],"line":99},"17":{"loc":{"start":{"line":113,"column":33},"end":{"line":113,"column":66}},"type":"binary-expr","locations":[{"start":{"line":113,"column":33},"end":{"line":113,"column":45}},{"start":{"line":113,"column":49},"end":{"line":113,"column":66}}],"line":113},"18":{"loc":{"start":{"line":116,"column":43},"end":{"line":116,"column":80}},"type":"binary-expr","locations":[{"start":{"line":116,"column":43},"end":{"line":116,"column":55}},{"start":{"line":116,"column":59},"end":{"line":116,"column":80}}],"line":116}},"s":{"0":0,"1":0,"2":0,"3":0,"4":0,"5":0,"6":0,"7":0,"8":0,"9":0,"10":0,"11":0,"12":0,"13":0,"14":0,"15":0,"16":0,"17":0,"18":0,"19":0,"20":0,"21":0,"22":0,"23":0,"24":0,"25":0,"26":0,"27":0,"28":0,"29":0,"30":0,"31":0,"32":0},"f":{"0":0,"1":0,"2":0,"3":0,"4":0,"5":0,"6":0,"7":0,"8":0,"9":0,"10":0,"11":0},"b":{"0":[0,0],"1":[0,0],"2":[0,0],"3":[0,0],"4":[0,0],"5":[0,0],"6":[0,0],"7":[0,0],"8":[0,0],"9":[0,0],"10":[0,0],"11":[0,0],"12":[0,0],"13":[0,0],"14":[0,0],"15":[0,0],"16":[0,0],"17":[0,0],"18":[0,0]}}
,"/Users/bradgeisen/IQ-Data/dealscope/mobile/components/profile/SessionList.tsx": {"path":"/Users/bradgeisen/IQ-Data/dealscope/mobile/components/profile/SessionList.tsx","statementMap":{"0":{"start":{"line":8,"column":15},"end":{"line":8,"column":55}},"1":{"start":{"line":9,"column":15},"end":{"line":9,"column":39}},"2":{"start":{"line":10,"column":2},"end":{"line":10,"column":34}},"3":{"start":{"line":10,"column":16},"end":{"line":10,"column":34}},"4":{"start":{"line":11,"column":2},"end":{"line":11,"column":39}},"5":{"start":{"line":11,"column":17},"end":{"line":11,"column":39}},"6":{"start":{"line":12,"column":16},"end":{"line":12,"column":37}},"7":{"start":{"line":13,"column":2},"end":{"line":13,"column":41}},"8":{"start":{"line":13,"column":18},"end":{"line":13,"column":41}},"9":{"start":{"line":14,"column":15},"end":{"line":14,"column":37}},"10":{"start":{"line":15,"column":2},"end":{"line":15,"column":24}},"11":{"start":{"line":19,"column":2},"end":{"line":19,"column":43}},"12":{"start":{"line":19,"column":11},"end":{"line":19,"column":43}},"13":{"start":{"line":20,"column":16},"end":{"line":20,"column":32}},"14":{"start":{"line":21,"column":2},"end":{"line":21,"column":89}},"15":{"start":{"line":21,"column":57},"end":{"line":21,"column":89}},"16":{"start":{"line":22,"column":2},"end":{"line":22,"column":65}},"17":{"start":{"line":22,"column":33},"end":{"line":22,"column":65}},"18":{"start":{"line":23,"column":2},"end":{"line":23,"column":79}},"19":{"start":{"line":23,"column":55},"end":{"line":23,"column":79}},"20":{"start":{"line":24,"column":2},"end":{"line":24,"column":85}},"21":{"start":{"line":24,"column":60},"end":{"line":24,"column":85}},"22":{"start":{"line":25,"column":2},"end":{"line":25,"column":25}},"23":{"start":{"line":29,"column":13},"end":{"line":29,"column":29}},"24":{"start":{"line":31,"column":40},"end":{"line":35,"column":4}},"25":{"start":{"line":33,"column":19},"end":{"line":33,"column":41}},"26":{"start":{"line":37,"column":25},"end":{"line":42,"column":4}},"27":{"start":{"line":38,"column":32},"end":{"line":38,"column":57}},"28":{"start":{"line":40,"column":6},"end":{"line":40,"column":63}},"29":{"start":{"line":45,"column":4},"end":{"line":56,"column":6}},"30":{"start":{"line":53,"column":25},"end":{"line":53,"column":58}},"31":{"start":{"line":59,"column":2},"end":{"line":65,"column":3}},"32":{"start":{"line":60,"column":4},"end":{"line":64,"column":6}},"33":{"start":{"line":67,"column":2},"end":{"line":100,"column":4}},"34":{"start":{"line":71,"column":8},"end":{"line":97,"column":15}},"35":{"start":{"line":90,"column":29},"end":{"line":90,"column":44}},"36":{"start":{"line":103,"column":15},"end":{"line":140,"column":2}}},"fnMap":{"0":{"name":"timeAgo","decl":{"start":{"line":7,"column":9},"end":{"line":7,"column":16}},"loc":{"start":{"line":7,"column":42},"end":{"line":16,"column":1}},"line":7},"1":{"name":"deviceIcon","decl":{"start":{"line":18,"column":9},"end":{"line":18,"column":19}},"loc":{"start":{"line":18,"column":71},"end":{"line":26,"column":1}},"line":18},"2":{"name":"SessionList","decl":{"start":{"line":28,"column":16},"end":{"line":28,"column":27}},"loc":{"start":{"line":28,"column":30},"end":{"line":101,"column":1}},"line":28},"3":{"name":"(anonymous_3)","decl":{"start":{"line":33,"column":13},"end":{"line":33,"column":14}},"loc":{"start":{"line":33,"column":19},"end":{"line":33,"column":41}},"line":33},"4":{"name":"(anonymous_4)","decl":{"start":{"line":38,"column":16},"end":{"line":38,"column":17}},"loc":{"start":{"line":38,"column":32},"end":{"line":38,"column":57}},"line":38},"5":{"name":"(anonymous_5)","decl":{"start":{"line":39,"column":15},"end":{"line":39,"column":16}},"loc":{"start":{"line":39,"column":21},"end":{"line":41,"column":5}},"line":39},"6":{"name":"handleRevoke","decl":{"start":{"line":44,"column":11},"end":{"line":44,"column":23}},"loc":{"start":{"line":44,"column":46},"end":{"line":57,"column":3}},"line":44},"7":{"name":"(anonymous_7)","decl":{"start":{"line":53,"column":19},"end":{"line":53,"column":20}},"loc":{"start":{"line":53,"column":25},"end":{"line":53,"column":58}},"line":53},"8":{"name":"(anonymous_8)","decl":{"start":{"line":70,"column":21},"end":{"line":70,"column":22}},"loc":{"start":{"line":71,"column":8},"end":{"line":97,"column":15}},"line":71},"9":{"name":"(anonymous_9)","decl":{"start":{"line":90,"column":23},"end":{"line":90,"column":24}},"loc":{"start":{"line":90,"column":29},"end":{"line":90,"column":44}},"line":90}},"branchMap":{"0":{"loc":{"start":{"line":10,"column":2},"end":{"line":10,"column":34}},"type":"if","locations":[{"start":{"line":10,"column":2},"end":{"line":10,"column":34}},{"start":{},"end":{}}],"line":10},"1":{"loc":{"start":{"line":11,"column":2},"end":{"line":11,"column":39}},"type":"if","locations":[{"start":{"line":11,"column":2},"end":{"line":11,"column":39}},{"start":{},"end":{}}],"line":11},"2":{"loc":{"start":{"line":13,"column":2},"end":{"line":13,"column":41}},"type":"if","locations":[{"start":{"line":13,"column":2},"end":{"line":13,"column":41}},{"start":{},"end":{}}],"line":13},"3":{"loc":{"start":{"line":19,"column":2},"end":{"line":19,"column":43}},"type":"if","locations":[{"start":{"line":19,"column":2},"end":{"line":19,"column":43}},{"start":{},"end":{}}],"line":19},"4":{"loc":{"start":{"line":21,"column":2},"end":{"line":21,"column":89}},"type":"if","locations":[{"start":{"line":21,"column":2},"end":{"line":21,"column":89}},{"start":{},"end":{}}],"line":21},"5":{"loc":{"start":{"line":21,"column":6},"end":{"line":21,"column":55}},"type":"binary-expr","locations":[{"start":{"line":21,"column":6},"end":{"line":21,"column":30}},{"start":{"line":21,"column":34},"end":{"line":21,"column":55}}],"line":21},"6":{"loc":{"start":{"line":22,"column":2},"end":{"line":22,"column":65}},"type":"if","locations":[{"start":{"line":22,"column":2},"end":{"line":22,"column":65}},{"start":{},"end":{}}],"line":22},"7":{"loc":{"start":{"line":23,"column":2},"end":{"line":23,"column":79}},"type":"if","locations":[{"start":{"line":23,"column":2},"end":{"line":23,"column":79}},{"start":{},"end":{}}],"line":23},"8":{"loc":{"start":{"line":23,"column":6},"end":{"line":23,"column":53}},"type":"binary-expr","locations":[{"start":{"line":23,"column":6},"end":{"line":23,"column":27}},{"start":{"line":23,"column":31},"end":{"line":23,"column":53}}],"line":23},"9":{"loc":{"start":{"line":24,"column":2},"end":{"line":24,"column":85}},"type":"if","locations":[{"start":{"line":24,"column":2},"end":{"line":24,"column":85}},{"start":{},"end":{}}],"line":24},"10":{"loc":{"start":{"line":24,"column":6},"end":{"line":24,"column":58}},"type":"binary-expr","locations":[{"start":{"line":24,"column":6},"end":{"line":24,"column":31}},{"start":{"line":24,"column":35},"end":{"line":24,"column":58}}],"line":24},"11":{"loc":{"start":{"line":47,"column":28},"end":{"line":47,"column":64}},"type":"binary-expr","locations":[{"start":{"line":47,"column":28},"end":{"line":47,"column":47}},{"start":{"line":47,"column":51},"end":{"line":47,"column":64}}],"line":47},"12":{"loc":{"start":{"line":59,"column":2},"end":{"line":65,"column":3}},"type":"if","locations":[{"start":{"line":59,"column":2},"end":{"line":65,"column":3}},{"start":{},"end":{}}],"line":59},"13":{"loc":{"start":{"line":75,"column":19},"end":{"line":75,"column":66}},"type":"cond-expr","locations":[{"start":{"line":75,"column":34},"end":{"line":75,"column":47}},{"start":{"line":75,"column":50},"end":{"line":75,"column":66}}],"line":75},"14":{"loc":{"start":{"line":79,"column":15},"end":{"line":79,"column":48}},"type":"binary-expr","locations":[{"start":{"line":79,"column":15},"end":{"line":79,"column":28}},{"start":{"line":79,"column":32},"end":{"line":79,"column":48}}],"line":79},"15":{"loc":{"start":{"line":80,"column":15},"end":{"line":82,"column":15}},"type":"binary-expr","locations":[{"start":{"line":80,"column":15},"end":{"line":80,"column":27}},{"start":{"line":81,"column":16},"end":{"line":81,"column":69}}],"line":80},"16":{"loc":{"start":{"line":85,"column":15},"end":{"line":85,"column":43}},"type":"binary-expr","locations":[{"start":{"line":85,"column":15},"end":{"line":85,"column":27}},{"start":{"line":85,"column":31},"end":{"line":85,"column":43}}],"line":85},"17":{"loc":{"start":{"line":88,"column":11},"end":{"line":96,"column":11}},"type":"binary-expr","locations":[{"start":{"line":88,"column":11},"end":{"line":88,"column":24}},{"start":{"line":89,"column":12},"end":{"line":95,"column":24}}],"line":88}},"s":{"0":0,"1":0,"2":0,"3":0,"4":0,"5":0,"6":0,"7":0,"8":0,"9":0,"10":0,"11":0,"12":0,"13":0,"14":0,"15":0,"16":0,"17":0,"18":0,"19":0,"20":0,"21":0,"22":0,"23":0,"24":0,"25":0,"26":0,"27":0,"28":0,"29":0,"30":0,"31":0,"32":0,"33":0,"34":0,"35":0,"36":0},"f":{"0":0,"1":0,"2":0,"3":0,"4":0,"5":0,"6":0,"7":0,"8":0,"9":0},"b":{"0":[0,0],"1":[0,0],"2":[0,0],"3":[0,0],"4":[0,0],"5":[0,0],"6":[0,0],"7":[0,0],"8":[0,0],"9":[0,0],"10":[0,0],"11":[0,0],"12":[0,0],"13":[0,0],"14":[0,0],"15":[0,0],"16":[0,0],"17":[0,0]}}
,"/Users/bradgeisen/IQ-Data/dealscope/mobile/components/property/PhotoCarousel.tsx": {"path":"/Users/bradgeisen/IQ-Data/dealscope/mobile/components/property/PhotoCarousel.tsx","statementMap":{"0":{"start":{"line":15,"column":28},"end":{"line":15,"column":52}},"1":{"start":{"line":16,"column":21},"end":{"line":16,"column":24}},"2":{"start":{"line":23,"column":40},"end":{"line":23,"column":51}},"3":{"start":{"line":24,"column":18},"end":{"line":24,"column":40}},"4":{"start":{"line":26,"column":2},"end":{"line":33,"column":3}},"5":{"start":{"line":27,"column":4},"end":{"line":32,"column":6}},"6":{"start":{"line":36,"column":18},"end":{"line":36,"column":70}},"7":{"start":{"line":37,"column":4},"end":{"line":37,"column":53}},"8":{"start":{"line":37,"column":31},"end":{"line":37,"column":53}},"9":{"start":{"line":40,"column":2},"end":{"line":81,"column":4}},"10":{"start":{"line":50,"column":32},"end":{"line":50,"column":41}},"11":{"start":{"line":52,"column":10},"end":{"line":57,"column":12}},"12":{"start":{"line":70,"column":12},"end":{"line":76,"column":14}},"13":{"start":{"line":84,"column":15},"end":{"line":140,"column":2}}},"fnMap":{"0":{"name":"PhotoCarousel","decl":{"start":{"line":22,"column":16},"end":{"line":22,"column":29}},"loc":{"start":{"line":22,"column":62},"end":{"line":82,"column":1}},"line":22},"1":{"name":"onScroll","decl":{"start":{"line":35,"column":11},"end":{"line":35,"column":19}},"loc":{"start":{"line":35,"column":64},"end":{"line":38,"column":3}},"line":35},"2":{"name":"(anonymous_2)","decl":{"start":{"line":50,"column":22},"end":{"line":50,"column":23}},"loc":{"start":{"line":50,"column":32},"end":{"line":50,"column":41}},"line":50},"3":{"name":"(anonymous_3)","decl":{"start":{"line":51,"column":20},"end":{"line":51,"column":21}},"loc":{"start":{"line":52,"column":10},"end":{"line":57,"column":12}},"line":52},"4":{"name":"(anonymous_4)","decl":{"start":{"line":69,"column":22},"end":{"line":69,"column":23}},"loc":{"start":{"line":70,"column":12},"end":{"line":76,"column":14}},"line":70}},"branchMap":{"0":{"loc":{"start":{"line":26,"column":2},"end":{"line":33,"column":3}},"type":"if","locations":[{"start":{"line":26,"column":2},"end":{"line":33,"column":3}},{"start":{},"end":{}}],"line":26},"1":{"loc":{"start":{"line":26,"column":6},"end":{"line":26,"column":36}},"type":"binary-expr","locations":[{"start":{"line":26,"column":6},"end":{"line":26,"column":13}},{"start":{"line":26,"column":17},"end":{"line":26,"column":36}}],"line":26},"2":{"loc":{"start":{"line":37,"column":4},"end":{"line":37,"column":53}},"type":"if","locations":[{"start":{"line":37,"column":4},"end":{"line":37,"column":53}},{"start":{},"end":{}}],"line":37},"3":{"loc":{"start":{"line":67,"column":7},"end":{"line":79,"column":7}},"type":"binary-expr","locations":[{"start":{"line":67,"column":7},"end":{"line":67,"column":24}},{"start":{"line":67,"column":28},"end":{"line":67,"column":47}},{"start":{"line":68,"column":8},"end":{"line":78,"column":15}}],"line":67},"4":{"loc":{"start":{"line":74,"column":16},"end":{"line":74,"column":53}},"type":"binary-expr","locations":[{"start":{"line":74,"column":16},"end":{"line":74,"column":33}},{"start":{"line":74,"column":37},"end":{"line":74,"column":53}}],"line":74}},"s":{"0":0,"1":0,"2":0,"3":0,"4":0,"5":0,"6":0,"7":0,"8":0,"9":0,"10":0,"11":0,"12":0,"13":0},"f":{"0":0,"1":0,"2":0,"3":0,"4":0},"b":{"0":[0,0],"1":[0,0],"2":[0,0],"3":[0,0,0],"4":[0,0]}}
,"/Users/bradgeisen/IQ-Data/dealscope/mobile/components/property/PropertyInfoCard.tsx": {"path":"/Users/bradgeisen/IQ-Data/dealscope/mobile/components/property/PropertyInfoCard.tsx","statementMap":{"0":{"start":{"line":28,"column":2},"end":{"line":28,"column":32}},"1":{"start":{"line":28,"column":15},"end":{"line":28,"column":32}},"2":{"start":{"line":29,"column":2},"end":{"line":31,"column":46}},"3":{"start":{"line":31,"column":29},"end":{"line":31,"column":44}},"4":{"start":{"line":45,"column":30},"end":{"line":72,"column":35}},"5":{"start":{"line":74,"column":2},"end":{"line":126,"column":4}},"6":{"start":{"line":106,"column":10},"end":{"line":112,"column":17}},"7":{"start":{"line":129,"column":15},"end":{"line":200,"column":2}}},"fnMap":{"0":{"name":"formatStatus","decl":{"start":{"line":27,"column":9},"end":{"line":27,"column":21}},"loc":{"start":{"line":27,"column":65},"end":{"line":32,"column":1}},"line":27},"1":{"name":"(anonymous_1)","decl":{"start":{"line":31,"column":22},"end":{"line":31,"column":23}},"loc":{"start":{"line":31,"column":29},"end":{"line":31,"column":44}},"line":31},"2":{"name":"PropertyInfoCard","decl":{"start":{"line":34,"column":16},"end":{"line":34,"column":32}},"loc":{"start":{"line":44,"column":26},"end":{"line":127,"column":1}},"line":44},"3":{"name":"(anonymous_3)","decl":{"start":{"line":105,"column":19},"end":{"line":105,"column":20}},"loc":{"start":{"line":106,"column":10},"end":{"line":112,"column":17}},"line":106}},"branchMap":{"0":{"loc":{"start":{"line":28,"column":2},"end":{"line":28,"column":32}},"type":"if","locations":[{"start":{"line":28,"column":2},"end":{"line":28,"column":32}},{"start":{},"end":{}}],"line":28},"1":{"loc":{"start":{"line":46,"column":4},"end":{"line":48,"column":12}},"type":"cond-expr","locations":[{"start":{"line":47,"column":8},"end":{"line":47,"column":71}},{"start":{"line":48,"column":8},"end":{"line":48,"column":12}}],"line":46},"2":{"loc":{"start":{"line":49,"column":4},"end":{"line":51,"column":12}},"type":"cond-expr","locations":[{"start":{"line":50,"column":8},"end":{"line":50,"column":75}},{"start":{"line":51,"column":8},"end":{"line":51,"column":12}}],"line":49},"3":{"loc":{"start":{"line":52,"column":4},"end":{"line":58,"column":12}},"type":"cond-expr","locations":[{"start":{"line":53,"column":8},"end":{"line":57,"column":9}},{"start":{"line":58,"column":8},"end":{"line":58,"column":12}}],"line":52},"4":{"loc":{"start":{"line":59,"column":4},"end":{"line":61,"column":12}},"type":"cond-expr","locations":[{"start":{"line":60,"column":8},"end":{"line":60,"column":78}},{"start":{"line":61,"column":8},"end":{"line":61,"column":12}}],"line":59},"5":{"loc":{"start":{"line":62,"column":4},"end":{"line":68,"column":12}},"type":"cond-expr","locations":[{"start":{"line":63,"column":8},"end":{"line":67,"column":9}},{"start":{"line":68,"column":8},"end":{"line":68,"column":12}}],"line":62},"6":{"loc":{"start":{"line":69,"column":4},"end":{"line":71,"column":12}},"type":"cond-expr","locations":[{"start":{"line":70,"column":8},"end":{"line":70,"column":68}},{"start":{"line":71,"column":8},"end":{"line":71,"column":12}}],"line":69},"7":{"loc":{"start":{"line":78,"column":9},"end":{"line":97,"column":9}},"type":"binary-expr","locations":[{"start":{"line":78,"column":9},"end":{"line":78,"column":22}},{"start":{"line":79,"column":10},"end":{"line":96,"column":17}}],"line":78},"8":{"loc":{"start":{"line":85,"column":20},"end":{"line":89,"column":37}},"type":"cond-expr","locations":[{"start":{"line":86,"column":24},"end":{"line":86,"column":36}},{"start":{"line":87,"column":24},"end":{"line":89,"column":37}}],"line":85},"9":{"loc":{"start":{"line":87,"column":24},"end":{"line":89,"column":37}},"type":"cond-expr","locations":[{"start":{"line":88,"column":26},"end":{"line":88,"column":36}},{"start":{"line":89,"column":26},"end":{"line":89,"column":37}}],"line":87},"10":{"loc":{"start":{"line":98,"column":9},"end":{"line":100,"column":9}},"type":"binary-expr","locations":[{"start":{"line":98,"column":9},"end":{"line":98,"column":26}},{"start":{"line":99,"column":10},"end":{"line":99,"column":71}}],"line":98},"11":{"loc":{"start":{"line":117,"column":7},"end":{"line":124,"column":7}},"type":"binary-expr","locations":[{"start":{"line":117,"column":7},"end":{"line":117,"column":27}},{"start":{"line":118,"column":8},"end":{"line":123,"column":15}}],"line":117}},"s":{"0":0,"1":0,"2":0,"3":0,"4":0,"5":0,"6":0,"7":0},"f":{"0":0,"1":0,"2":0,"3":0},"b":{"0":[0,0],"1":[0,0],"2":[0,0],"3":[0,0],"4":[0,0],"5":[0,0],"6":[0,0],"7":[0,0],"8":[0,0],"9":[0,0],"10":[0,0],"11":[0,0]}}
,"/Users/bradgeisen/IQ-Data/dealscope/mobile/components/strategy/CollapsibleSection.tsx": {"path":"/Users/bradgeisen/IQ-Data/dealscope/mobile/components/strategy/CollapsibleSection.tsx","statementMap":{"0":{"start":{"line":14,"column":0},"end":{"line":16,"column":1}},"1":{"start":{"line":15,"column":2},"end":{"line":15,"column":56}},"2":{"start":{"line":35,"column":30},"end":{"line":35,"column":51}},"3":{"start":{"line":38,"column":4},"end":{"line":38,"column":73}},"4":{"start":{"line":39,"column":4},"end":{"line":39,"column":25}},"5":{"start":{"line":39,"column":21},"end":{"line":39,"column":23}},"6":{"start":{"line":42,"column":2},"end":{"line":62,"column":4}},"7":{"start":{"line":80,"column":2},"end":{"line":105,"column":4}},"8":{"start":{"line":108,"column":15},"end":{"line":168,"column":2}}},"fnMap":{"0":{"name":"CollapsibleSection","decl":{"start":{"line":27,"column":16},"end":{"line":27,"column":34}},"loc":{"start":{"line":34,"column":28},"end":{"line":63,"column":1}},"line":34},"1":{"name":"toggle","decl":{"start":{"line":37,"column":11},"end":{"line":37,"column":17}},"loc":{"start":{"line":37,"column":20},"end":{"line":40,"column":3}},"line":37},"2":{"name":"(anonymous_2)","decl":{"start":{"line":39,"column":14},"end":{"line":39,"column":15}},"loc":{"start":{"line":39,"column":21},"end":{"line":39,"column":23}},"line":39},"3":{"name":"FinancialRow","decl":{"start":{"line":73,"column":16},"end":{"line":73,"column":28}},"loc":{"start":{"line":79,"column":13},"end":{"line":106,"column":1}},"line":79}},"branchMap":{"0":{"loc":{"start":{"line":14,"column":0},"end":{"line":16,"column":1}},"type":"if","locations":[{"start":{"line":14,"column":0},"end":{"line":16,"column":1}},{"start":{},"end":{}}],"line":14},"1":{"loc":{"start":{"line":14,"column":4},"end":{"line":14,"column":80}},"type":"binary-expr","locations":[{"start":{"line":14,"column":4},"end":{"line":14,"column":29}},{"start":{"line":14,"column":33},"end":{"line":14,"column":80}}],"line":14},"2":{"loc":{"start":{"line":29,"column":2},"end":{"line":29,"column":29}},"type":"default-arg","locations":[{"start":{"line":29,"column":16},"end":{"line":29,"column":29}}],"line":29},"3":{"loc":{"start":{"line":30,"column":2},"end":{"line":30,"column":21}},"type":"default-arg","locations":[{"start":{"line":30,"column":16},"end":{"line":30,"column":21}}],"line":30},"4":{"loc":{"start":{"line":48,"column":11},"end":{"line":52,"column":11}},"type":"binary-expr","locations":[{"start":{"line":48,"column":11},"end":{"line":48,"column":22}},{"start":{"line":48,"column":26},"end":{"line":48,"column":34}},{"start":{"line":49,"column":12},"end":{"line":51,"column":24}}],"line":48},"5":{"loc":{"start":{"line":54,"column":18},"end":{"line":54,"column":56}},"type":"cond-expr","locations":[{"start":{"line":54,"column":27},"end":{"line":54,"column":39}},{"start":{"line":54,"column":42},"end":{"line":54,"column":56}}],"line":54},"6":{"loc":{"start":{"line":60,"column":7},"end":{"line":60,"column":60}},"type":"binary-expr","locations":[{"start":{"line":60,"column":7},"end":{"line":60,"column":13}},{"start":{"line":60,"column":17},"end":{"line":60,"column":60}}],"line":60},"7":{"loc":{"start":{"line":78,"column":2},"end":{"line":78,"column":29}},"type":"default-arg","locations":[{"start":{"line":78,"column":16},"end":{"line":78,"column":29}}],"line":78},"8":{"loc":{"start":{"line":84,"column":8},"end":{"line":84,"column":60}},"type":"binary-expr","locations":[{"start":{"line":84,"column":8},"end":{"line":84,"column":17}},{"start":{"line":84,"column":21},"end":{"line":84,"column":60}}],"line":84},"9":{"loc":{"start":{"line":90,"column":10},"end":{"line":90,"column":81}},"type":"binary-expr","locations":[{"start":{"line":90,"column":10},"end":{"line":90,"column":19}},{"start":{"line":90,"column":23},"end":{"line":90,"column":81}}],"line":90},"10":{"loc":{"start":{"line":98,"column":10},"end":{"line":98,"column":97}},"type":"binary-expr","locations":[{"start":{"line":98,"column":10},"end":{"line":98,"column":19}},{"start":{"line":98,"column":23},"end":{"line":98,"column":97}}],"line":98},"11":{"loc":{"start":{"line":99,"column":10},"end":{"line":99,"column":43}},"type":"binary-expr","locations":[{"start":{"line":99,"column":10},"end":{"line":99,"column":18}},{"start":{"line":99,"column":22},"end":{"line":99,"column":43}}],"line":99}},"s":{"0":0,"1":0,"2":0,"3":0,"4":0,"5":0,"6":0,"7":0,"8":0},"f":{"0":0,"1":0,"2":0,"3":0},"b":{"0":[0,0],"1":[0,0],"2":[0],"3":[0],"4":[0,0,0],"5":[0,0],"6":[0,0],"7":[0],"8":[0,0],"9":[0,0],"10":[0,0],"11":[0,0]}}
,"/Users/bradgeisen/IQ-Data/dealscope/mobile/components/strategy/MultiStrategyComparison.tsx": {"path":"/Users/bradgeisen/IQ-Data/dealscope/mobile/components/strategy/MultiStrategyComparison.tsx","statementMap":{"0":{"start":{"line":12,"column":2},"end":{"line":12,"column":59}},"1":{"start":{"line":12,"column":39},"end":{"line":12,"column":59}},"2":{"start":{"line":13,"column":2},"end":{"line":13,"column":42}},"3":{"start":{"line":13,"column":21},"end":{"line":13,"column":42}},"4":{"start":{"line":14,"column":2},"end":{"line":14,"column":40}},"5":{"start":{"line":14,"column":21},"end":{"line":14,"column":40}},"6":{"start":{"line":15,"column":2},"end":{"line":15,"column":42}},"7":{"start":{"line":15,"column":21},"end":{"line":15,"column":42}},"8":{"start":{"line":16,"column":2},"end":{"line":16,"column":20}},"9":{"start":{"line":20,"column":2},"end":{"line":20,"column":53}},"10":{"start":{"line":33,"column":17},"end":{"line":33,"column":62}},"11":{"start":{"line":33,"column":44},"end":{"line":33,"column":61}},"12":{"start":{"line":34,"column":17},"end":{"line":34,"column":36}},"13":{"start":{"line":36,"column":2},"end":{"line":105,"column":4}},"14":{"start":{"line":50,"column":20},"end":{"line":52,"column":9}},"15":{"start":{"line":51,"column":17},"end":{"line":51,"column":69}},"16":{"start":{"line":53,"column":8},"end":{"line":53,"column":30}},"17":{"start":{"line":53,"column":18},"end":{"line":53,"column":30}},"18":{"start":{"line":54,"column":23},"end":{"line":54,"column":48}},"19":{"start":{"line":55,"column":20},"end":{"line":55,"column":29}},"20":{"start":{"line":56,"column":21},"end":{"line":56,"column":44}},"21":{"start":{"line":58,"column":8},"end":{"line":102,"column":10}},"22":{"start":{"line":65,"column":27},"end":{"line":65,"column":51}},"23":{"start":{"line":108,"column":15},"end":{"line":211,"column":2}}},"fnMap":{"0":{"name":"gradeColor","decl":{"start":{"line":11,"column":9},"end":{"line":11,"column":19}},"loc":{"start":{"line":11,"column":43},"end":{"line":17,"column":1}},"line":11},"1":{"name":"scoreToBgOpacity","decl":{"start":{"line":19,"column":9},"end":{"line":19,"column":25}},"loc":{"start":{"line":19,"column":49},"end":{"line":21,"column":1}},"line":19},"2":{"name":"MultiStrategyComparison","decl":{"start":{"line":28,"column":16},"end":{"line":28,"column":39}},"loc":{"start":{"line":31,"column":33},"end":{"line":106,"column":1}},"line":31},"3":{"name":"(anonymous_3)","decl":{"start":{"line":33,"column":34},"end":{"line":33,"column":35}},"loc":{"start":{"line":33,"column":44},"end":{"line":33,"column":61}},"line":33},"4":{"name":"(anonymous_4)","decl":{"start":{"line":49,"column":18},"end":{"line":49,"column":19}},"loc":{"start":{"line":49,"column":32},"end":{"line":103,"column":7}},"line":49},"5":{"name":"(anonymous_5)","decl":{"start":{"line":51,"column":10},"end":{"line":51,"column":11}},"loc":{"start":{"line":51,"column":17},"end":{"line":51,"column":69}},"line":51},"6":{"name":"(anonymous_6)","decl":{"start":{"line":65,"column":21},"end":{"line":65,"column":22}},"loc":{"start":{"line":65,"column":27},"end":{"line":65,"column":51}},"line":65}},"branchMap":{"0":{"loc":{"start":{"line":12,"column":2},"end":{"line":12,"column":59}},"type":"if","locations":[{"start":{"line":12,"column":2},"end":{"line":12,"column":59}},{"start":{},"end":{}}],"line":12},"1":{"loc":{"start":{"line":12,"column":6},"end":{"line":12,"column":37}},"type":"binary-expr","locations":[{"start":{"line":12,"column":6},"end":{"line":12,"column":20}},{"start":{"line":12,"column":24},"end":{"line":12,"column":37}}],"line":12},"2":{"loc":{"start":{"line":13,"column":2},"end":{"line":13,"column":42}},"type":"if","locations":[{"start":{"line":13,"column":2},"end":{"line":13,"column":42}},{"start":{},"end":{}}],"line":13},"3":{"loc":{"start":{"line":14,"column":2},"end":{"line":14,"column":40}},"type":"if","locations":[{"start":{"line":14,"column":2},"end":{"line":14,"column":40}},{"start":{},"end":{}}],"line":14},"4":{"loc":{"start":{"line":15,"column":2},"end":{"line":15,"column":42}},"type":"if","locations":[{"start":{"line":15,"column":2},"end":{"line":15,"column":42}},{"start":{},"end":{}}],"line":15},"5":{"loc":{"start":{"line":51,"column":17},"end":{"line":51,"column":69}},"type":"binary-expr","locations":[{"start":{"line":51,"column":17},"end":{"line":51,"column":40}},{"start":{"line":51,"column":44},"end":{"line":51,"column":69}}],"line":51},"6":{"loc":{"start":{"line":53,"column":8},"end":{"line":53,"column":30}},"type":"if","locations":[{"start":{"line":53,"column":8},"end":{"line":53,"column":30}},{"start":{},"end":{}}],"line":53},"7":{"loc":{"start":{"line":63,"column":14},"end":{"line":63,"column":51}},"type":"binary-expr","locations":[{"start":{"line":63,"column":14},"end":{"line":63,"column":20}},{"start":{"line":63,"column":24},"end":{"line":63,"column":51}}],"line":63},"8":{"loc":{"start":{"line":81,"column":17},"end":{"line":86,"column":17}},"type":"binary-expr","locations":[{"start":{"line":81,"column":17},"end":{"line":81,"column":23}},{"start":{"line":82,"column":18},"end":{"line":85,"column":25}}],"line":81}},"s":{"0":0,"1":0,"2":0,"3":0,"4":0,"5":0,"6":0,"7":0,"8":0,"9":0,"10":0,"11":0,"12":0,"13":0,"14":0,"15":0,"16":0,"17":0,"18":0,"19":0,"20":0,"21":0,"22":0,"23":0},"f":{"0":0,"1":0,"2":0,"3":0,"4":0,"5":0,"6":0},"b":{"0":[0,0],"1":[0,0],"2":[0,0],"3":[0,0],"4":[0,0],"5":[0,0],"6":[0,0],"7":[0,0],"8":[0,0]}}
,"/Users/bradgeisen/IQ-Data/dealscope/mobile/components/strategy/StrategyMetrics.tsx": {"path":"/Users/bradgeisen/IQ-Data/dealscope/mobile/components/strategy/StrategyMetrics.tsx","statementMap":{"0":{"start":{"line":20,"column":2},"end":{"line":20,"column":26}},"1":{"start":{"line":20,"column":17},"end":{"line":20,"column":26}},"2":{"start":{"line":21,"column":14},"end":{"line":21,"column":23}},"3":{"start":{"line":22,"column":2},"end":{"line":22,"column":40}},"4":{"start":{"line":26,"column":14},"end":{"line":26,"column":31}},"5":{"start":{"line":27,"column":18},"end":{"line":27,"column":31}},"6":{"start":{"line":28,"column":15},"end":{"line":28,"column":24}},"7":{"start":{"line":29,"column":19},"end":{"line":29,"column":41}},"8":{"start":{"line":30,"column":14},"end":{"line":30,"column":38}},"9":{"start":{"line":31,"column":21},"end":{"line":31,"column":62}},"10":{"start":{"line":32,"column":2},"end":{"line":39,"column":4}},"11":{"start":{"line":43,"column":14},"end":{"line":43,"column":31}},"12":{"start":{"line":44,"column":14},"end":{"line":44,"column":46}},"13":{"start":{"line":45,"column":14},"end":{"line":45,"column":33}},"14":{"start":{"line":46,"column":17},"end":{"line":46,"column":28}},"15":{"start":{"line":47,"column":19},"end":{"line":47,"column":69}},"16":{"start":{"line":48,"column":19},"end":{"line":48,"column":41}},"17":{"start":{"line":49,"column":2},"end":{"line":56,"column":4}},"18":{"start":{"line":60,"column":23},"end":{"line":60,"column":72}},"19":{"start":{"line":61,"column":24},"end":{"line":61,"column":64}},"20":{"start":{"line":62,"column":21},"end":{"line":62,"column":73}},"21":{"start":{"line":63,"column":14},"end":{"line":63,"column":22}},"22":{"start":{"line":64,"column":20},"end":{"line":64,"column":54}},"23":{"start":{"line":65,"column":22},"end":{"line":65,"column":54}},"24":{"start":{"line":66,"column":2},"end":{"line":73,"column":4}},"25":{"start":{"line":77,"column":20},"end":{"line":77,"column":62}},"26":{"start":{"line":78,"column":14},"end":{"line":78,"column":22}},"27":{"start":{"line":79,"column":24},"end":{"line":79,"column":43}},"28":{"start":{"line":80,"column":18},"end":{"line":80,"column":42}},"29":{"start":{"line":81,"column":21},"end":{"line":81,"column":47}},"30":{"start":{"line":82,"column":23},"end":{"line":82,"column":41}},"31":{"start":{"line":83,"column":2},"end":{"line":90,"column":4}},"32":{"start":{"line":94,"column":18},"end":{"line":94,"column":72}},"33":{"start":{"line":95,"column":18},"end":{"line":95,"column":67}},"34":{"start":{"line":96,"column":21},"end":{"line":96,"column":77}},"35":{"start":{"line":97,"column":23},"end":{"line":97,"column":41}},"36":{"start":{"line":98,"column":23},"end":{"line":98,"column":49}},"37":{"start":{"line":99,"column":19},"end":{"line":99,"column":41}},"38":{"start":{"line":100,"column":2},"end":{"line":107,"column":4}},"39":{"start":{"line":111,"column":24},"end":{"line":111,"column":43}},"40":{"start":{"line":112,"column":14},"end":{"line":112,"column":47}},"41":{"start":{"line":113,"column":19},"end":{"line":113,"column":43}},"42":{"start":{"line":114,"column":20},"end":{"line":114,"column":35}},"43":{"start":{"line":115,"column":23},"end":{"line":115,"column":41}},"44":{"start":{"line":116,"column":17},"end":{"line":116,"column":79}},"45":{"start":{"line":117,"column":2},"end":{"line":124,"column":4}},"46":{"start":{"line":127,"column":82},"end":{"line":134,"column":1}},"47":{"start":{"line":137,"column":18},"end":{"line":137,"column":56}},"48":{"start":{"line":139,"column":2},"end":{"line":147,"column":3}},"49":{"start":{"line":140,"column":4},"end":{"line":146,"column":6}},"50":{"start":{"line":149,"column":2},"end":{"line":167,"column":4}},"51":{"start":{"line":153,"column":10},"end":{"line":163,"column":17}},"52":{"start":{"line":170,"column":15},"end":{"line":208,"column":2}}},"fnMap":{"0":{"name":"n","decl":{"start":{"line":19,"column":9},"end":{"line":19,"column":10}},"loc":{"start":{"line":19,"column":31},"end":{"line":23,"column":1}},"line":19},"1":{"name":"buildLTRMetrics","decl":{"start":{"line":25,"column":9},"end":{"line":25,"column":24}},"loc":{"start":{"line":25,"column":66},"end":{"line":40,"column":1}},"line":25},"2":{"name":"buildSTRMetrics","decl":{"start":{"line":42,"column":9},"end":{"line":42,"column":24}},"loc":{"start":{"line":42,"column":66},"end":{"line":57,"column":1}},"line":42},"3":{"name":"buildBRRRRMetrics","decl":{"start":{"line":59,"column":9},"end":{"line":59,"column":26}},"loc":{"start":{"line":59,"column":68},"end":{"line":74,"column":1}},"line":59},"4":{"name":"buildFlipMetrics","decl":{"start":{"line":76,"column":9},"end":{"line":76,"column":25}},"loc":{"start":{"line":76,"column":67},"end":{"line":91,"column":1}},"line":76},"5":{"name":"buildHouseHackMetrics","decl":{"start":{"line":93,"column":9},"end":{"line":93,"column":30}},"loc":{"start":{"line":93,"column":72},"end":{"line":108,"column":1}},"line":93},"6":{"name":"buildWholesaleMetrics","decl":{"start":{"line":110,"column":9},"end":{"line":110,"column":30}},"loc":{"start":{"line":110,"column":72},"end":{"line":125,"column":1}},"line":110},"7":{"name":"StrategyMetrics","decl":{"start":{"line":136,"column":16},"end":{"line":136,"column":31}},"loc":{"start":{"line":136,"column":89},"end":{"line":168,"column":1}},"line":136},"8":{"name":"(anonymous_8)","decl":{"start":{"line":152,"column":21},"end":{"line":152,"column":22}},"loc":{"start":{"line":153,"column":10},"end":{"line":163,"column":17}},"line":153}},"branchMap":{"0":{"loc":{"start":{"line":20,"column":2},"end":{"line":20,"column":26}},"type":"if","locations":[{"start":{"line":20,"column":2},"end":{"line":20,"column":26}},{"start":{},"end":{}}],"line":20},"1":{"loc":{"start":{"line":22,"column":9},"end":{"line":22,"column":39}},"type":"cond-expr","locations":[{"start":{"line":22,"column":32},"end":{"line":22,"column":35}},{"start":{"line":22,"column":38},"end":{"line":22,"column":39}}],"line":22},"2":{"loc":{"start":{"line":30,"column":16},"end":{"line":30,"column":37}},"type":"binary-expr","locations":[{"start":{"line":30,"column":16},"end":{"line":30,"column":28}},{"start":{"line":30,"column":32},"end":{"line":30,"column":37}}],"line":30},"3":{"loc":{"start":{"line":31,"column":23},"end":{"line":31,"column":61}},"type":"binary-expr","locations":[{"start":{"line":31,"column":23},"end":{"line":31,"column":36}},{"start":{"line":31,"column":40},"end":{"line":31,"column":61}}],"line":31},"4":{"loc":{"start":{"line":44,"column":16},"end":{"line":44,"column":45}},"type":"binary-expr","locations":[{"start":{"line":44,"column":16},"end":{"line":44,"column":36}},{"start":{"line":44,"column":40},"end":{"line":44,"column":45}}],"line":44},"5":{"loc":{"start":{"line":47,"column":21},"end":{"line":47,"column":68}},"type":"binary-expr","locations":[{"start":{"line":47,"column":21},"end":{"line":47,"column":43}},{"start":{"line":47,"column":47},"end":{"line":47,"column":68}}],"line":47},"6":{"loc":{"start":{"line":60,"column":25},"end":{"line":60,"column":71}},"type":"binary-expr","locations":[{"start":{"line":60,"column":25},"end":{"line":60,"column":48}},{"start":{"line":60,"column":52},"end":{"line":60,"column":71}}],"line":60},"7":{"loc":{"start":{"line":61,"column":26},"end":{"line":61,"column":63}},"type":"binary-expr","locations":[{"start":{"line":61,"column":26},"end":{"line":61,"column":42}},{"start":{"line":61,"column":46},"end":{"line":61,"column":63}}],"line":61},"8":{"loc":{"start":{"line":62,"column":23},"end":{"line":62,"column":72}},"type":"binary-expr","locations":[{"start":{"line":62,"column":23},"end":{"line":62,"column":44}},{"start":{"line":62,"column":48},"end":{"line":62,"column":72}}],"line":62},"9":{"loc":{"start":{"line":64,"column":22},"end":{"line":64,"column":53}},"type":"binary-expr","locations":[{"start":{"line":64,"column":22},"end":{"line":64,"column":36}},{"start":{"line":64,"column":40},"end":{"line":64,"column":53}}],"line":64},"10":{"loc":{"start":{"line":72,"column":36},"end":{"line":72,"column":62}},"type":"cond-expr","locations":[{"start":{"line":72,"column":50},"end":{"line":72,"column":55}},{"start":{"line":72,"column":58},"end":{"line":72,"column":62}}],"line":72},"11":{"loc":{"start":{"line":77,"column":22},"end":{"line":77,"column":61}},"type":"binary-expr","locations":[{"start":{"line":77,"column":22},"end":{"line":77,"column":34}},{"start":{"line":77,"column":38},"end":{"line":77,"column":61}}],"line":77},"12":{"loc":{"start":{"line":87,"column":32},"end":{"line":87,"column":60}},"type":"cond-expr","locations":[{"start":{"line":87,"column":42},"end":{"line":87,"column":50}},{"start":{"line":87,"column":53},"end":{"line":87,"column":60}}],"line":87},"13":{"loc":{"start":{"line":94,"column":20},"end":{"line":94,"column":71}},"type":"binary-expr","locations":[{"start":{"line":94,"column":20},"end":{"line":94,"column":38}},{"start":{"line":94,"column":42},"end":{"line":94,"column":71}}],"line":94},"14":{"loc":{"start":{"line":95,"column":20},"end":{"line":95,"column":66}},"type":"binary-expr","locations":[{"start":{"line":95,"column":20},"end":{"line":95,"column":40}},{"start":{"line":95,"column":44},"end":{"line":95,"column":66}}],"line":95},"15":{"loc":{"start":{"line":96,"column":23},"end":{"line":96,"column":76}},"type":"binary-expr","locations":[{"start":{"line":96,"column":23},"end":{"line":96,"column":48}},{"start":{"line":96,"column":52},"end":{"line":96,"column":76}}],"line":96},"16":{"loc":{"start":{"line":112,"column":16},"end":{"line":112,"column":46}},"type":"binary-expr","locations":[{"start":{"line":112,"column":16},"end":{"line":112,"column":21}},{"start":{"line":112,"column":25},"end":{"line":112,"column":46}}],"line":112},"17":{"loc":{"start":{"line":113,"column":21},"end":{"line":113,"column":42}},"type":"binary-expr","locations":[{"start":{"line":113,"column":21},"end":{"line":113,"column":33}},{"start":{"line":113,"column":37},"end":{"line":113,"column":42}}],"line":113},"18":{"loc":{"start":{"line":116,"column":17},"end":{"line":116,"column":79}},"type":"binary-expr","locations":[{"start":{"line":116,"column":17},"end":{"line":116,"column":46}},{"start":{"line":116,"column":50},"end":{"line":116,"column":79}}],"line":116},"19":{"loc":{"start":{"line":123,"column":35},"end":{"line":123,"column":56}},"type":"cond-expr","locations":[{"start":{"line":123,"column":44},"end":{"line":123,"column":49}},{"start":{"line":123,"column":52},"end":{"line":123,"column":56}}],"line":123},"20":{"loc":{"start":{"line":137,"column":18},"end":{"line":137,"column":56}},"type":"cond-expr","locations":[{"start":{"line":137,"column":25},"end":{"line":137,"column":51}},{"start":{"line":137,"column":54},"end":{"line":137,"column":56}}],"line":137},"21":{"loc":{"start":{"line":139,"column":2},"end":{"line":147,"column":3}},"type":"if","locations":[{"start":{"line":139,"column":2},"end":{"line":147,"column":3}},{"start":{},"end":{}}],"line":139},"22":{"loc":{"start":{"line":139,"column":6},"end":{"line":139,"column":35}},"type":"binary-expr","locations":[{"start":{"line":139,"column":6},"end":{"line":139,"column":11}},{"start":{"line":139,"column":15},"end":{"line":139,"column":35}}],"line":139},"23":{"loc":{"start":{"line":157,"column":25},"end":{"line":157,"column":62}},"type":"cond-expr","locations":[{"start":{"line":157,"column":38},"end":{"line":157,"column":49}},{"start":{"line":157,"column":52},"end":{"line":157,"column":62}}],"line":157}},"s":{"0":0,"1":0,"2":0,"3":0,"4":0,"5":0,"6":0,"7":0,"8":0,"9":0,"10":0,"11":0,"12":0,"13":0,"14":0,"15":0,"16":0,"17":0,"18":0,"19":0,"20":0,"21":0,"22":0,"23":0,"24":0,"25":0,"26":0,"27":0,"28":0,"29":0,"30":0,"31":0,"32":0,"33":0,"34":0,"35":0,"36":0,"37":0,"38":0,"39":0,"40":0,"41":0,"42":0,"43":0,"44":0,"45":0,"46":0,"47":0,"48":0,"49":0,"50":0,"51":0,"52":0},"f":{"0":0,"1":0,"2":0,"3":0,"4":0,"5":0,"6":0,"7":0,"8":0},"b":{"0":[0,0],"1":[0,0],"2":[0,0],"3":[0,0],"4":[0,0],"5":[0,0],"6":[0,0],"7":[0,0],"8":[0,0],"9":[0,0],"10":[0,0],"11":[0,0],"12":[0,0],"13":[0,0],"14":[0,0],"15":[0,0],"16":[0,0],"17":[0,0],"18":[0,0],"19":[0,0],"20":[0,0],"21":[0,0],"22":[0,0],"23":[0,0]}}
,"/Users/bradgeisen/IQ-Data/dealscope/mobile/components/strategy/StrategyPills.tsx": {"path":"/Users/bradgeisen/IQ-Data/dealscope/mobile/components/strategy/StrategyPills.tsx","statementMap":{"0":{"start":{"line":16,"column":41},"end":{"line":23,"column":1}},"1":{"start":{"line":32,"column":2},"end":{"line":72,"column":4}},"2":{"start":{"line":39,"column":25},"end":{"line":39,"column":40}},"3":{"start":{"line":40,"column":22},"end":{"line":40,"column":36}},"4":{"start":{"line":41,"column":8},"end":{"line":69,"column":10}},"5":{"start":{"line":48,"column":27},"end":{"line":48,"column":41}},"6":{"start":{"line":76,"column":2},"end":{"line":76,"column":62}},"7":{"start":{"line":76,"column":32},"end":{"line":76,"column":43}},"8":{"start":{"line":79,"column":15},"end":{"line":110,"column":2}}},"fnMap":{"0":{"name":"StrategyPills","decl":{"start":{"line":31,"column":16},"end":{"line":31,"column":29}},"loc":{"start":{"line":31,"column":80},"end":{"line":73,"column":1}},"line":31},"1":{"name":"(anonymous_1)","decl":{"start":{"line":38,"column":22},"end":{"line":38,"column":23}},"loc":{"start":{"line":38,"column":29},"end":{"line":70,"column":7}},"line":38},"2":{"name":"(anonymous_2)","decl":{"start":{"line":48,"column":21},"end":{"line":48,"column":22}},"loc":{"start":{"line":48,"column":27},"end":{"line":48,"column":41}},"line":48},"3":{"name":"getStrategyDef","decl":{"start":{"line":75,"column":16},"end":{"line":75,"column":30}},"loc":{"start":{"line":75,"column":60},"end":{"line":77,"column":1}},"line":75},"4":{"name":"(anonymous_4)","decl":{"start":{"line":76,"column":25},"end":{"line":76,"column":26}},"loc":{"start":{"line":76,"column":32},"end":{"line":76,"column":43}},"line":76}},"branchMap":{"0":{"loc":{"start":{"line":46,"column":14},"end":{"line":46,"column":90}},"type":"binary-expr","locations":[{"start":{"line":46,"column":14},"end":{"line":46,"column":22}},{"start":{"line":46,"column":26},"end":{"line":46,"column":90}}],"line":46},"1":{"loc":{"start":{"line":53,"column":21},"end":{"line":53,"column":54}},"type":"cond-expr","locations":[{"start":{"line":53,"column":32},"end":{"line":53,"column":39}},{"start":{"line":53,"column":42},"end":{"line":53,"column":54}}],"line":53},"2":{"loc":{"start":{"line":58,"column":16},"end":{"line":58,"column":79}},"type":"binary-expr","locations":[{"start":{"line":58,"column":16},"end":{"line":58,"column":24}},{"start":{"line":58,"column":28},"end":{"line":58,"column":79}}],"line":58},"3":{"loc":{"start":{"line":63,"column":13},"end":{"line":67,"column":13}},"type":"binary-expr","locations":[{"start":{"line":63,"column":13},"end":{"line":63,"column":18}},{"start":{"line":64,"column":14},"end":{"line":66,"column":21}}],"line":63},"4":{"loc":{"start":{"line":76,"column":9},"end":{"line":76,"column":61}},"type":"binary-expr","locations":[{"start":{"line":76,"column":9},"end":{"line":76,"column":44}},{"start":{"line":76,"column":48},"end":{"line":76,"column":61}}],"line":76}},"s":{"0":0,"1":0,"2":0,"3":0,"4":0,"5":0,"6":0,"7":0,"8":0},"f":{"0":0,"1":0,"2":0,"3":0,"4":0},"b":{"0":[0,0],"1":[0,0],"2":[0,0],"3":[0,0],"4":[0,0]}}
,"/Users/bradgeisen/IQ-Data/dealscope/mobile/components/ui/AnimatedBookmark.tsx": {"path":"/Users/bradgeisen/IQ-Data/dealscope/mobile/components/ui/AnimatedBookmark.tsx","statementMap":{"0":{"start":{"line":34,"column":16},"end":{"line":34,"column":33}},"1":{"start":{"line":37,"column":4},"end":{"line":41,"column":6}},"2":{"start":{"line":42,"column":4},"end":{"line":45,"column":6}},"3":{"start":{"line":46,"column":4},"end":{"line":46,"column":14}},"4":{"start":{"line":49,"column":20},"end":{"line":51,"column":5}},"5":{"start":{"line":49,"column":44},"end":{"line":51,"column":3}},"6":{"start":{"line":53,"column":2},"end":{"line":68,"column":4}}},"fnMap":{"0":{"name":"AnimatedBookmark","decl":{"start":{"line":26,"column":16},"end":{"line":26,"column":32}},"loc":{"start":{"line":33,"column":26},"end":{"line":69,"column":1}},"line":33},"1":{"name":"handlePress","decl":{"start":{"line":36,"column":11},"end":{"line":36,"column":22}},"loc":{"start":{"line":36,"column":25},"end":{"line":47,"column":3}},"line":36},"2":{"name":"(anonymous_2)","decl":{"start":{"line":49,"column":37},"end":{"line":49,"column":38}},"loc":{"start":{"line":49,"column":44},"end":{"line":51,"column":3}},"line":49}},"branchMap":{"0":{"loc":{"start":{"line":30,"column":2},"end":{"line":30,"column":11}},"type":"default-arg","locations":[{"start":{"line":30,"column":9},"end":{"line":30,"column":11}}],"line":30},"1":{"loc":{"start":{"line":31,"column":2},"end":{"line":31,"column":28}},"type":"default-arg","locations":[{"start":{"line":31,"column":15},"end":{"line":31,"column":28}}],"line":31},"2":{"loc":{"start":{"line":32,"column":2},"end":{"line":32,"column":31}},"type":"default-arg","locations":[{"start":{"line":32,"column":17},"end":{"line":32,"column":31}}],"line":32},"3":{"loc":{"start":{"line":38,"column":6},"end":{"line":40,"column":44}},"type":"cond-expr","locations":[{"start":{"line":39,"column":10},"end":{"line":39,"column":43}},{"start":{"line":40,"column":10},"end":{"line":40,"column":44}}],"line":38},"4":{"loc":{"start":{"line":58,"column":24},"end":{"line":58,"column":42}},"type":"cond-expr","locations":[{"start":{"line":58,"column":35},"end":{"line":58,"column":38}},{"start":{"line":58,"column":41},"end":{"line":58,"column":42}}],"line":58},"5":{"loc":{"start":{"line":62,"column":16},"end":{"line":62,"column":57}},"type":"cond-expr","locations":[{"start":{"line":62,"column":26},"end":{"line":62,"column":36}},{"start":{"line":62,"column":39},"end":{"line":62,"column":57}}],"line":62},"6":{"loc":{"start":{"line":64,"column":17},"end":{"line":64,"column":52}},"type":"cond-expr","locations":[{"start":{"line":64,"column":27},"end":{"line":64,"column":37}},{"start":{"line":64,"column":40},"end":{"line":64,"column":52}}],"line":64}},"s":{"0":0,"1":0,"2":0,"3":0,"4":0,"5":0,"6":0},"f":{"0":0,"1":0,"2":0},"b":{"0":[0],"1":[0],"2":[0],"3":[0,0],"4":[0,0],"5":[0,0],"6":[0,0]}}
[...]
,"/Users/bradgeisen/IQ-Data/dealscope/mobile/services/places.ts": {"path":"/Users/bradgeisen/IQ-Data/dealscope/mobile/services/places.ts","statementMap":{"0":{"start":{"line":13,"column":2},"end":{"line":15,"column":4}},"1":{"start":{"line":18,"column":2},"end":{"line":18,"column":64}},"2":{"start":{"line":21,"column":2},"end":{"line":21,"column":59}},"3":{"start":{"line":47,"column":59},"end":{"line":47,"column":63}},"4":{"start":{"line":57,"column":2},"end":{"line":57,"column":53}},"5":{"start":{"line":57,"column":43},"end":{"line":57,"column":53}},"6":{"start":{"line":59,"column":17},"end":{"line":64,"column":4}},"7":{"start":{"line":66,"column":2},"end":{"line":73,"column":3}},"8":{"start":{"line":67,"column":16},"end":{"line":67,"column":60}},"9":{"start":{"line":68,"column":39},"end":{"line":68,"column":55}},"10":{"start":{"line":69,"column":4},"end":{"line":69,"column":54}},"11":{"start":{"line":69,"column":30},"end":{"line":69,"column":54}},"12":{"start":{"line":70,"column":4},"end":{"line":70,"column":14}},"13":{"start":{"line":72,"column":4},"end":{"line":72,"column":14}},"14":{"start":{"line":84,"column":2},"end":{"line":84,"column":51}},"15":{"start":{"line":84,"column":22},"end":{"line":84,"column":51}},"16":{"start":{"line":85,"column":2},"end":{"line":88,"column":3}},"17":{"start":{"line":86,"column":4},"end":{"line":86,"column":17}},"18":{"start":{"line":87,"column":4},"end":{"line":87,"column":11}},"19":{"start":{"line":89,"column":2},"end":{"line":92,"column":14}},"20":{"start":{"line":90,"column":20},"end":{"line":90,"column":54}},"21":{"start":{"line":91,"column":4},"end":{"line":91,"column":22}},"22":{"start":{"line":101,"column":2},"end":{"line":101,"column":28}},"23":{"start":{"line":101,"column":16},"end":{"line":101,"column":28}},"24":{"start":{"line":103,"column":17},"end":{"line":107,"column":4}},"25":{"start":{"line":109,"column":2},"end":{"line":116,"column":3}},"26":{"start":{"line":110,"column":16},"end":{"line":110,"column":61}},"27":{"start":{"line":111,"column":39},"end":{"line":111,"column":55}},"28":{"start":{"line":112,"column":4},"end":{"line":112,"column":67}},"29":{"start":{"line":112,"column":30},"end":{"line":112,"column":67}},"30":{"start":{"line":113,"column":4},"end":{"line":113,"column":16}},"31":{"start":{"line":115,"column":4},"end":{"line":115,"column":16}},"32":{"start":{"line":120,"column":2},"end":{"line":120,"column":28}}},"fnMap":{"0":{"name":"fetchPlacePredictions","decl":{"start":{"line":54,"column":22},"end":{"line":54,"column":43}},"loc":{"start":{"line":56,"column":30},"end":{"line":74,"column":1}},"line":56},"1":{"name":"fetchPlacePredictionsDebounced","decl":{"start":{"line":79,"column":16},"end":{"line":79,"column":46}},"loc":{"start":{"line":83,"column":8},"end":{"line":93,"column":1}},"line":83},"2":{"name":"(anonymous_2)","decl":{"start":{"line":89,"column":30},"end":{"line":89,"column":31}},"loc":{"start":{"line":89,"column":42},"end":{"line":92,"column":3}},"line":89},"3":{"name":"getPlaceDetails","decl":{"start":{"line":98,"column":22},"end":{"line":98,"column":37}},"loc":{"start":{"line":100,"column":26},"end":{"line":117,"column":1}},"line":100},"4":{"name":"isPlacesConfigured","decl":{"start":{"line":119,"column":16},"end":{"line":119,"column":34}},"loc":{"start":{"line":119,"column":46},"end":{"line":121,"column":1}},"line":119}},"branchMap":{"0":{"loc":{"start":{"line":13,"column":2},"end":{"line":15,"column":4}},"type":"binary-expr","locations":[{"start":{"line":13,"column":2},"end":{"line":13,"column":49}},{"start":{"line":14,"column":2},"end":{"line":14,"column":47}},{"start":{"line":15,"column":2},"end":{"line":15,"column":4}}],"line":13},"1":{"loc":{"start":{"line":57,"column":2},"end":{"line":57,"column":53}},"type":"if","locations":[{"start":{"line":57,"column":2},"end":{"line":57,"column":53}},{"start":{},"end":{}}],"line":57},"2":{"loc":{"start":{"line":57,"column":6},"end":{"line":57,"column":41}},"type":"binary-expr","locations":[{"start":{"line":57,"column":6},"end":{"line":57,"column":14}},{"start":{"line":57,"column":18},"end":{"line":57,"column":41}}],"line":57},"3":{"loc":{"start":{"line":69,"column":4},"end":{"line":69,"column":54}},"type":"if","locations":[{"start":{"line":69,"column":4},"end":{"line":69,"column":54}},{"start":{},"end":{}}],"line":69},"4":{"loc":{"start":{"line":82,"column":2},"end":{"line":82,"column":15}},"type":"default-arg","locations":[{"start":{"line":82,"column":12},"end":{"line":82,"column":15}}],"line":82},"5":{"loc":{"start":{"line":84,"column":2},"end":{"line":84,"column":51}},"type":"if","locations":[{"start":{"line":84,"column":2},"end":{"line":84,"column":51}},{"start":{},"end":{}}],"line":84},"6":{"loc":{"start":{"line":85,"column":2},"end":{"line":88,"column":3}},"type":"if","locations":[{"start":{"line":85,"column":2},"end":{"line":88,"column":3}},{"start":{},"end":{}}],"line":85},"7":{"loc":{"start":{"line":101,"column":2},"end":{"line":101,"column":28}},"type":"if","locations":[{"start":{"line":101,"column":2},"end":{"line":101,"column":28}},{"start":{},"end":{}}],"line":101},"8":{"loc":{"start":{"line":112,"column":4},"end":{"line":112,"column":67}},"type":"if","locations":[{"start":{"line":112,"column":4},"end":{"line":112,"column":67}},{"start":{},"end":{}}],"line":112}},"s":{"0":0,"1":0,"2":0,"3":0,"4":0,"5":0,"6":0,"7":0,"8":0,"9":0,"10":0,"11":0,"12":0,"13":0,"14":0,"15":0,"16":0,"17":0,"18":0,"19":0,"20":0,"21":0,"22":0,"23":0,"24":0,"25":0,"26":0,"27":0,"28":0,"29":0,"30":0,"31":0,"32":0},"f":{"0":0,"1":0,"2":0,"3":0,"4":0},"b":{"0":[0,0,0],"1":[0,0],"2":[0,0],"3":[0,0],"4":[0],"5":[0,0],"6":[0,0],"7":[0,0],"8":[0,0]}}
,"/Users/bradgeisen/IQ-Data/dealscope/mobile/services/query-persistence.ts": {"path":"/Users/bradgeisen/IQ-Data/dealscope/mobile/services/query-persistence.ts","statementMap":{"0":{"start":{"line":14,"column":18},"end":{"line":14,"column":36}},"1":{"start":{"line":15,"column":19},"end":{"line":15,"column":38}},"2":{"start":{"line":17,"column":29},"end":{"line":27,"column":1}},"3":{"start":{"line":36,"column":16},"end":{"line":36,"column":41}},"4":{"start":{"line":37,"column":2},"end":{"line":37,"column":73}},"5":{"start":{"line":37,"column":47},"end":{"line":37,"column":71}},"6":{"start":{"line":45,"column":2},"end":{"line":67,"column":3}},"7":{"start":{"line":46,"column":18},"end":{"line":46,"column":45}},"8":{"start":{"line":47,"column":38},"end":{"line":47,"column":40}},"9":{"start":{"line":49,"column":4},"end":{"line":62,"column":5}},"10":{"start":{"line":50,"column":6},"end":{"line":61,"column":7}},"11":{"start":{"line":56,"column":8},"end":{"line":60,"column":11}},"12":{"start":{"line":64,"column":4},"end":{"line":64,"column":67}},"13":{"start":{"line":66,"column":4},"end":{"line":66,"column":66}},"14":{"start":{"line":75,"column":2},"end":{"line":91,"column":3}},"15":{"start":{"line":76,"column":16},"end":{"line":76,"column":53}},"16":{"start":{"line":77,"column":4},"end":{"line":77,"column":21}},"17":{"start":{"line":77,"column":14},"end":{"line":77,"column":21}},"18":{"start":{"line":79,"column":38},"end":{"line":79,"column":53}},"19":{"start":{"line":80,"column":16},"end":{"line":80,"column":26}},"20":{"start":{"line":82,"column":4},"end":{"line":88,"column":5}},"21":{"start":{"line":83,"column":6},"end":{"line":83,"column":59}},"22":{"start":{"line":83,"column":50},"end":{"line":83,"column":59}},"23":{"start":{"line":85,"column":6},"end":{"line":87,"column":9}},"24":{"start":{"line":90,"column":4},"end":{"line":90,"column":69}},"25":{"start":{"line":98,"column":2},"end":{"line":102,"column":3}},"26":{"start":{"line":99,"column":4},"end":{"line":99,"column":45}}},"fnMap":{"0":{"name":"shouldPersist","decl":{"start":{"line":35,"column":9},"end":{"line":35,"column":22}},"loc":{"start":{"line":35,"column":53},"end":{"line":38,"column":1}},"line":35},"1":{"name":"(anonymous_1)","decl":{"start":{"line":37,"column":35},"end":{"line":37,"column":36}},"loc":{"start":{"line":37,"column":47},"end":{"line":37,"column":71}},"line":37},"2":{"name":"persistQueryCache","decl":{"start":{"line":44,"column":22},"end":{"line":44,"column":39}},"loc":{"start":{"line":44,"column":81},"end":{"line":68,"column":1}},"line":44},"3":{"name":"restoreQueryCache","decl":{"start":{"line":74,"column":22},"end":{"line":74,"column":39}},"loc":{"start":{"line":74,"column":81},"end":{"line":92,"column":1}},"line":74},"4":{"name":"clearPersistedCache","decl":{"start":{"line":97,"column":22},"end":{"line":97,"column":41}},"loc":{"start":{"line":97,"column":59},"end":{"line":103,"column":1}},"line":97}},"branchMap":{"0":{"loc":{"start":{"line":36,"column":23},"end":{"line":36,"column":40}},"type":"binary-expr","locations":[{"start":{"line":36,"column":23},"end":{"line":36,"column":34}},{"start":{"line":36,"column":38},"end":{"line":36,"column":40}}],"line":36},"1":{"loc":{"start":{"line":50,"column":6},"end":{"line":61,"column":7}},"type":"if","locations":[{"start":{"line":50,"column":6},"end":{"line":61,"column":7}},{"start":{},"end":{}}],"line":50},"2":{"loc":{"start":{"line":51,"column":8},"end":{"line":54,"column":59}},"type":"binary-expr","locations":[{"start":{"line":51,"column":8},"end":{"line":51,"column":40}},{"start":{"line":52,"column":8},"end":{"line":52,"column":32}},{"start":{"line":53,"column":8},"end":{"line":53,"column":50}},{"start":{"line":54,"column":8},"end":{"line":54,"column":59}}],"line":51},"3":{"loc":{"start":{"line":77,"column":4},"end":{"line":77,"column":21}},"type":"if","locations":[{"start":{"line":77,"column":4},"end":{"line":77,"column":21}},{"start":{},"end":{}}],"line":77},"4":{"loc":{"start":{"line":83,"column":6},"end":{"line":83,"column":59}},"type":"if","locations":[{"start":{"line":83,"column":6},"end":{"line":83,"column":59}},{"start":{},"end":{}}],"line":83}},"s":{"0":0,"1":0,"2":0,"3":0,"4":0,"5":0,"6":0,"7":0,"8":0,"9":0,"10":0,"11":0,"12":0,"13":0,"14":0,"15":0,"16":0,"17":0,"18":0,"19":0,"20":0,"21":0,"22":0,"23":0,"24":0,"25":0,"26":0},"f":{"0":0,"1":0,"2":0,"3":0,"4":0},"b":{"0":[0,0],"1":[0,0],"2":[0,0,0,0],"3":[0,0],"4":[0,0]}}
,"/Users/bradgeisen/IQ-Data/dealscope/mobile/services/token-manager.ts": {"path":"/Users/bradgeisen/IQ-Data/dealscope/mobile/services/token-manager.ts","statementMap":{"0":{"start":{"line":11,"column":25},"end":{"line":11,"column":44}},"1":{"start":{"line":12,"column":26},"end":{"line":12,"column":46}},"2":{"start":{"line":14,"column":34},"end":{"line":14,"column":38}},"3":{"start":{"line":15,"column":35},"end":{"line":15,"column":39}},"4":{"start":{"line":16,"column":16},"end":{"line":16,"column":21}},"5":{"start":{"line":22,"column":2},"end":{"line":22,"column":24}},"6":{"start":{"line":22,"column":17},"end":{"line":22,"column":24}},"7":{"start":{"line":23,"column":2},"end":{"line":33,"column":3}},"8":{"start":{"line":24,"column":30},"end":{"line":27,"column":6}},"9":{"start":{"line":28,"column":4},"end":{"line":28,"column":26}},"10":{"start":{"line":29,"column":4},"end":{"line":29,"column":28}},"11":{"start":{"line":31,"column":4},"end":{"line":31,"column":24}},"12":{"start":{"line":32,"column":4},"end":{"line":32,"column":25}},"13":{"start":{"line":34,"column":2},"end":{"line":34,"column":19}},"14":{"start":{"line":38,"column":2},"end":{"line":38,"column":22}},"15":{"start":{"line":42,"column":2},"end":{"line":42,"column":23}},"16":{"start":{"line":46,"column":2},"end":{"line":46,"column":31}},"17":{"start":{"line":56,"column":2},"end":{"line":56,"column":29}},"18":{"start":{"line":57,"column":2},"end":{"line":57,"column":31}},"19":{"start":{"line":58,"column":2},"end":{"line":61,"column":5}},"20":{"start":{"line":68,"column":2},"end":{"line":68,"column":29}},"21":{"start":{"line":69,"column":2},"end":{"line":69,"column":64}},"22":{"start":{"line":76,"column":2},"end":{"line":76,"column":22}},"23":{"start":{"line":77,"column":2},"end":{"line":77,"column":23}},"24":{"start":{"line":78,"column":2},"end":{"line":81,"column":5}}},"fnMap":{"0":{"name":"hydrateTokens","decl":{"start":{"line":21,"column":22},"end":{"line":21,"column":35}},"loc":{"start":{"line":21,"column":53},"end":{"line":35,"column":1}},"line":21},"1":{"name":"getAccessToken","decl":{"start":{"line":37,"column":16},"end":{"line":37,"column":30}},"loc":{"start":{"line":37,"column":48},"end":{"line":39,"column":1}},"line":37},"2":{"name":"getRefreshToken","decl":{"start":{"line":41,"column":16},"end":{"line":41,"column":31}},"loc":{"start":{"line":41,"column":49},"end":{"line":43,"column":1}},"line":41},"3":{"name":"hasTokens","decl":{"start":{"line":45,"column":16},"end":{"line":45,"column":25}},"loc":{"start":{"line":45,"column":37},"end":{"line":47,"column":1}},"line":45},"4":{"name":"setTokens","decl":{"start":{"line":52,"column":22},"end":{"line":52,"column":31}},"loc":{"start":{"line":55,"column":17},"end":{"line":62,"column":1}},"line":55},"5":{"name":"setAccessToken","decl":{"start":{"line":67,"column":22},"end":{"line":67,"column":36}},"loc":{"start":{"line":67,"column":73},"end":{"line":70,"column":1}},"line":67},"6":{"name":"clearTokens","decl":{"start":{"line":75,"column":22},"end":{"line":75,"column":33}},"loc":{"start":{"line":75,"column":51},"end":{"line":82,"column":1}},"line":75}},"branchMap":{"0":{"loc":{"start":{"line":22,"column":2},"end":{"line":22,"column":24}},"type":"if","locations":[{"start":{"line":22,"column":2},"end":{"line":22,"column":24}},{"start":{},"end":{}}],"line":22}},"s":{"0":2,"1":2,"2":2,"3":2,"4":2,"5":0,"6":0,"7":0,"8":0,"9":0,"10":0,"11":0,"12":0,"13":0,"14":6,"15":4,"16":2,"17":6,"18":6,"19":6,"20":1,"21":1,"22":2,"23":2,"24":2},"f":{"0":0,"1":6,"2":4,"3":2,"4":6,"5":1,"6":2},"b":{"0":[0,0]},"_coverageSchema":"1a1c01bbd47fc00a2c39e90264f33305004495a9","hash":"5c8a30fad89c422cc80093959a8426f974aea905"}
,"/Users/bradgeisen/IQ-Data/dealscope/mobile/utils/formatters.ts": {"path":"/Users/bradgeisen/IQ-Data/dealscope/mobile/utils/formatters.ts","statementMap":{"0":{"start":{"line":7,"column":2},"end":{"line":7,"column":59}},"1":{"start":{"line":7,"column":48},"end":{"line":7,"column":59}},"2":{"start":{"line":8,"column":2},"end":{"line":12,"column":5}},"3":{"start":{"line":16,"column":2},"end":{"line":16,"column":59}},"4":{"start":{"line":16,"column":48},"end":{"line":16,"column":59}},"5":{"start":{"line":17,"column":14},"end":{"line":17,"column":29}},"6":{"start":{"line":18,"column":15},"end":{"line":18,"column":35}},"7":{"start":{"line":19,"column":2},"end":{"line":19,"column":74}},"8":{"start":{"line":19,"column":24},"end":{"line":19,"column":74}},"9":{"start":{"line":20,"column":2},"end":{"line":20,"column":66}},"10":{"start":{"line":20,"column":20},"end":{"line":20,"column":66}},"11":{"start":{"line":21,"column":2},"end":{"line":21,"column":37}},"12":{"start":{"line":28,"column":2},"end":{"line":28,"column":59}},"13":{"start":{"line":28,"column":48},"end":{"line":28,"column":59}},"14":{"start":{"line":29,"column":2},"end":{"line":29,"column":39}},"15":{"start":{"line":36,"column":2},"end":{"line":36,"column":59}},"16":{"start":{"line":36,"column":48},"end":{"line":36,"column":59}},"17":{"start":{"line":37,"column":2},"end":{"line":39,"column":5}}},"fnMap":{"0":{"name":"formatCurrency","decl":{"start":{"line":6,"column":16},"end":{"line":6,"column":30}},"loc":{"start":{"line":6,"column":73},"end":{"line":13,"column":1}},"line":6},"1":{"name":"formatCompactCurrency","decl":{"start":{"line":15,"column":16},"end":{"line":15,"column":37}},"loc":{"start":{"line":15,"column":80},"end":{"line":22,"column":1}},"line":15},"2":{"name":"formatPercent","decl":{"start":{"line":24,"column":16},"end":{"line":24,"column":29}},"loc":{"start":{"line":27,"column":10},"end":{"line":30,"column":1}},"line":27},"3":{"name":"formatNumber","decl":{"start":{"line":32,"column":16},"end":{"line":32,"column":28}},"loc":{"start":{"line":35,"column":10},"end":{"line":40,"column":1}},"line":35}},"branchMap":{"0":{"loc":{"start":{"line":7,"column":2},"end":{"line":7,"column":59}},"type":"if","locations":[{"start":{"line":7,"column":2},"end":{"line":7,"column":59}},{"start":{},"end":{}}],"line":7},"1":{"loc":{"start":{"line":7,"column":6},"end":{"line":7,"column":46}},"type":"binary-expr","locations":[{"start":{"line":7,"column":6},"end":{"line":7,"column":19}},{"start":{"line":7,"column":23},"end":{"line":7,"column":46}}],"line":7},"2":{"loc":{"start":{"line":16,"column":2},"end":{"line":16,"column":59}},"type":"if","locations":[{"start":{"line":16,"column":2},"end":{"line":16,"column":59}},{"start":{},"end":{}}],"line":16},"3":{"loc":{"start":{"line":16,"column":6},"end":{"line":16,"column":46}},"type":"binary-expr","locations":[{"start":{"line":16,"column":6},"end":{"line":16,"column":19}},{"start":{"line":16,"column":23},"end":{"line":16,"column":46}}],"line":16},"4":{"loc":{"start":{"line":18,"column":15},"end":{"line":18,"column":35}},"type":"cond-expr","locations":[{"start":{"line":18,"column":27},"end":{"line":18,"column":30}},{"start":{"line":18,"column":33},"end":{"line":18,"column":35}}],"line":18},"5":{"loc":{"start":{"line":19,"column":2},"end":{"line":19,"column":74}},"type":"if","locations":[{"start":{"line":19,"column":2},"end":{"line":19,"column":74}},{"start":{},"end":{}}],"line":19},"6":{"loc":{"start":{"line":20,"column":2},"end":{"line":20,"column":66}},"type":"if","locations":[{"start":{"line":20,"column":2},"end":{"line":20,"column":66}},{"start":{},"end":{}}],"line":20},"7":{"loc":{"start":{"line":26,"column":2},"end":{"line":26,"column":14}},"type":"default-arg","locations":[{"start":{"line":26,"column":13},"end":{"line":26,"column":14}}],"line":26},"8":{"loc":{"start":{"line":28,"column":2},"end":{"line":28,"column":59}},"type":"if","locations":[{"start":{"line":28,"column":2},"end":{"line":28,"column":59}},{"start":{},"end":{}}],"line":28},"9":{"loc":{"start":{"line":28,"column":6},"end":{"line":28,"column":46}},"type":"binary-expr","locations":[{"start":{"line":28,"column":6},"end":{"line":28,"column":19}},{"start":{"line":28,"column":23},"end":{"line":28,"column":46}}],"line":28},"10":{"loc":{"start":{"line":34,"column":2},"end":{"line":34,"column":14}},"type":"default-arg","locations":[{"start":{"line":34,"column":13},"end":{"line":34,"column":14}}],"line":34},"11":{"loc":{"start":{"line":36,"column":2},"end":{"line":36,"column":59}},"type":"if","locations":[{"start":{"line":36,"column":2},"end":{"line":36,"column":59}},{"start":{},"end":{}}],"line":36},"12":{"loc":{"start":{"line":36,"column":6},"end":{"line":36,"column":46}},"type":"binary-expr","locations":[{"start":{"line":36,"column":6},"end":{"line":36,"column":19}},{"start":{"line":36,"column":23},"end":{"line":36,"column":46}}],"line":36}},"s":{"0":5,"1":3,"2":2,"3":4,"4":0,"5":4,"6":4,"7":4,"8":1,"9":3,"10":2,"11":1,"12":3,"13":1,"14":2,"15":0,"16":0,"17":0},"f":{"0":5,"1":4,"2":3,"3":0},"b":{"0":[3,2],"1":[5,3],"2":[0,4],"3":[4,4],"4":[1,3],"5":[1,3],"6":[2,1],"7":[3],"8":[1,2],"9":[3,2],"10":[0],"11":[0,0],"12":[0,0]},"_coverageSchema":"1a1c01bbd47fc00a2c39e90264f33305004495a9","hash":"e09078bce7e1fa81cef95f9cd32cceece0e5d9d1"}
}
