TN:
SF:components/analytics/DealGapPriceLadder.tsx
FN:21,colorForPosition
FN:40,(anonymous_1)
FN:44,priceToY
FN:56,posOnLadder
FN:67,DealGapPriceLadder
FN:264,PriceChip
FNF:6
FNH:0
FNDA:0,colorForPosition
FNDA:0,(anonymous_1)
FNDA:0,priceToY
FNDA:0,posOnLadder
FNDA:0,DealGapPriceLadder
FNDA:0,PriceChip
DA:13,0
DA:14,0
DA:15,0
DA:16,0
DA:17,0
DA:18,0
DA:19,0
DA:22,0
DA:29,0
DA:30,0
DA:31,0
DA:32,0
DA:33,0
DA:34,0
DA:35,0
DA:36,0
DA:39,0
DA:40,0
DA:41,0
DA:49,0
DA:50,0
DA:51,0
DA:52,0
DA:53,0
DA:61,0
DA:62,0
DA:63,0
DA:64,0
DA:73,0
DA:78,0
DA:80,0
DA:81,0
DA:82,0
DA:84,0
DA:85,0
DA:86,0
DA:87,0
DA:90,0
DA:93,0
DA:95,0
DA:96,0
DA:98,0
DA:275,0
DA:284,0
LF:44
LH:0
BRDA:33,0,0,0
BRDA:33,0,1,0
BRDA:33,1,0,0
BRDA:33,1,1,0
BRDA:39,2,0,0
BRDA:39,2,1,0
BRDA:49,3,0,0
BRDA:49,3,1,0
BRDA:61,4,0,0
BRDA:61,4,1,0
BRDA:73,5,0,0
BRDA:73,5,1,0
BRDA:78,6,0,0
BRDA:78,6,1,0
BRDA:90,7,0,0
BRDA:90,7,1,0
BRDA:93,8,0,0
BRDA:93,8,1,0
BRF:18
BRH:0
end_of_record
TN:
SF:components/auth/AuthGuard.tsx
FN:24,AuthGuard
FNF:1
FNH:0
FNDA:0,AuthGuard
DA:25,0
DA:27,0
DA:28,0
DA:35,0
DA:36,0
DA:39,0
DA:40,0
DA:43,0
DA:46,0
LF:9
LH:0
BRDA:24,0,0,0
BRDA:27,1,0,0
BRDA:27,1,1,0
BRDA:35,2,0,0
BRDA:35,2,1,0
BRDA:39,3,0,0
BRDA:39,3,1,0
BRDA:39,4,0,0
BRDA:39,4,1,0
BRF:9
BRH:0
end_of_record
TN:
SF:components/auth/BiometricLockScreen.tsx
FN:10,BiometricLockScreen
FNF:1
FNH:0
FNDA:0,BiometricLockScreen
DA:11,0
DA:27,0
LF:2
LH:0
BRF:0
BRH:0
end_of_record
TN:
SF:components/billing/ProGate.tsx
FN:18,ProGate
FN:40,(anonymous_1)
FN:64,(anonymous_2)
FN:92,(anonymous_3)
FN:119,(anonymous_4)
FN:130,RestoreButton
FN:139,(anonymous_6)
FNF:7
FNH:0
FNDA:0,ProGate
FNDA:0,(anonymous_1)
FNDA:0,(anonymous_2)
FNDA:0,(anonymous_3)
FNDA:0,(anonymous_4)
FNDA:0,RestoreButton
FNDA:0,(anonymous_6)
DA:29,0
DA:30,0
DA:33,0
DA:34,0
DA:40,0
DA:64,0
DA:79,0
DA:80,0
DA:92,0
DA:103,0
DA:119,0
DA:137,0
DA:139,0
DA:150,0
LF:14
LH:0
BRDA:18,0,0,0
BRDA:33,1,0,0
BRDA:33,1,1,0
BRDA:37,2,0,0
BRDA:37,2,1,0
BRDA:51,3,0,0
BRDA:51,3,1,0
BRDA:61,4,0,0
BRDA:61,4,1,0
BRDA:61,4,2,0
BRDA:79,5,0,0
BRDA:79,5,1,0
BRDA:144,6,0,0
BRDA:144,6,1,0
BRF:14
BRH:0
end_of_record
TN:
SF:components/billing/UsageBar.tsx
FN:17,UsageBar
FN:29,(anonymous_1)
FN:49,(anonymous_2)
FNF:3
FNH:0
FNDA:0,UsageBar
FNDA:0,(anonymous_1)
FNDA:0,(anonymous_2)
DA:7,0
DA:18,0
DA:19,0
DA:21,0
DA:23,0
DA:25,0
DA:26,0
DA:29,0
DA:46,0
DA:49,0
DA:85,0
LF:11
LH:0
BRDA:17,0,0,0
BRDA:21,1,0,0
BRDA:21,1,1,0
BRDA:21,2,0,0
BRDA:21,2,1,0
BRDA:25,3,0,0
BRDA:25,3,1,0
BRDA:59,4,0,0
BRDA:59,4,1,0
BRDA:61,5,0,0
BRDA:61,5,1,0
BRDA:65,6,0,0
BRDA:65,6,1,0
BRF:13
BRH:0
end_of_record
TN:
SF:components/profile/AccountTab.tsx
FN:14,AccountTab
FN:26,handleSaveName
FN:37,handleChangePassword
FNF:3
FNH:0
FNDA:0,AccountTab
FNDA:0,handleSaveName
FNDA:0,handleChangePassword
DA:15,0
DA:16,0
DA:17,0
DA:20,0
DA:21,0
DA:22,0
DA:23,0
DA:24,0
DA:27,0
DA:28,0
DA:29,0
DA:30,0
DA:31,0
DA:33,0
DA:38,0
DA:39,0
DA:40,0
DA:42,0
DA:43,0
DA:44,0
DA:45,0
DA:46,0
DA:47,0
DA:48,0
DA:49,0
DA:51,0
DA:53,0
DA:57,0
DA:135,0
LF:29
LH:0
BRDA:15,0,0,0
BRDA:15,0,1,0
BRDA:27,1,0,0
BRDA:27,1,1,0
BRDA:33,2,0,0
BRDA:33,2,1,0
BRDA:38,3,0,0
BRDA:38,3,1,0
BRDA:51,4,0,0
BRDA:51,4,1,0
BRDA:59,5,0,0
BRDA:59,5,1,0
BRDA:74,6,0,0
BRDA:74,6,1,0
BRDA:75,7,0,0
BRDA:75,7,1,0
BRDA:75,8,0,0
BRDA:75,8,1,0
BRDA:94,9,0,0
BRDA:94,9,1,0
BRDA:95,10,0,0
BRDA:95,10,1,0
BRDA:102,11,0,0
BRDA:102,11,1,0
BRDA:103,12,0,0
BRDA:103,12,1,0
BRDA:128,13,0,0
BRDA:128,13,1,0
BRF:28
BRH:0
end_of_record
TN:
SF:components/profile/InvestorTab.tsx
FN:24,InvestorTab
FN:33,(anonymous_1)
FN:41,toggleStrategy
FN:42,(anonymous_3)
FN:43,(anonymous_4)
FN:47,handleSave
FN:70,(anonymous_6)
FN:74,(anonymous_7)
FN:86,(anonymous_8)
FN:92,(anonymous_9)
FN:110,(anonymous_10)
FN:114,(anonymous_11)
FNF:12
FNH:0
FNDA:0,InvestorTab
FNDA:0,(anonymous_1)
FNDA:0,toggleStrategy
FNDA:0,(anonymous_3)
FNDA:0,(anonymous_4)
FNDA:0,handleSave
FNDA:0,(anonymous_6)
FNDA:0,(anonymous_7)
FNDA:0,(anonymous_8)
FNDA:0,(anonymous_9)
FNDA:0,(anonymous_10)
FNDA:0,(anonymous_11)
DA:13,0
DA:14,0
DA:15,0
DA:25,0
DA:26,0
DA:27,0
DA:29,0
DA:30,0
DA:31,0
DA:33,0
DA:34,0
DA:35,0
DA:36,0
DA:37,0
DA:42,0
DA:43,0
DA:48,0
DA:49,0
DA:50,0
DA:55,0
DA:57,0
DA:61,0
DA:63,0
DA:71,0
DA:74,0
DA:87,0
DA:88,0
DA:92,0
DA:111,0
DA:114,0
DA:132,0
LF:31
LH:0
BRDA:29,0,0,0
BRDA:29,0,1,0
BRDA:30,1,0,0
BRDA:30,1,1,0
BRDA:31,2,0,0
BRDA:31,2,1,0
BRDA:34,3,0,0
BRDA:34,3,1,0
BRDA:35,4,0,0
BRDA:35,4,1,0
BRDA:36,5,0,0
BRDA:36,5,1,0
BRDA:37,6,0,0
BRDA:37,6,1,0
BRDA:43,7,0,0
BRDA:43,7,1,0
BRDA:57,8,0,0
BRDA:57,8,1,0
BRDA:61,9,0,0
BRDA:61,9,1,0
BRDA:65,10,0,0
BRDA:65,10,1,0
BRDA:73,11,0,0
BRDA:73,11,1,0
BRDA:76,12,0,0
BRDA:76,12,1,0
BRDA:91,13,0,0
BRDA:91,13,1,0
BRDA:95,14,0,0
BRDA:95,14,1,0
BRDA:97,15,0,0
BRDA:97,15,1,0
BRDA:99,16,0,0
BRDA:99,16,1,0
BRDA:113,17,0,0
BRDA:113,17,1,0
BRDA:116,18,0,0
BRDA:116,18,1,0
BRF:38
BRH:0
end_of_record
TN:
SF:components/profile/SessionList.tsx
FN:7,timeAgo
FN:18,deviceIcon
FN:28,SessionList
FN:33,(anonymous_3)
FN:38,(anonymous_4)
FN:39,(anonymous_5)
FN:44,handleRevoke
FN:53,(anonymous_7)
FN:70,(anonymous_8)
FN:90,(anonymous_9)
FNF:10
FNH:0
FNDA:0,timeAgo
FNDA:0,deviceIcon
FNDA:0,SessionList
FNDA:0,(anonymous_3)
FNDA:0,(anonymous_4)
FNDA:0,(anonymous_5)
FNDA:0,handleRevoke
FNDA:0,(anonymous_7)
FNDA:0,(anonymous_8)
FNDA:0,(anonymous_9)
DA:8,0
DA:9,0
DA:10,0
DA:11,0
DA:12,0
DA:13,0
DA:14,0
DA:15,0
DA:19,0
DA:20,0
DA:21,0
DA:22,0
DA:23,0
DA:24,0
DA:25,0
DA:29,0
DA:31,0
DA:33,0
DA:37,0
DA:38,0
DA:40,0
DA:45,0
DA:53,0
DA:59,0
DA:60,0
DA:67,0
DA:71,0
DA:90,0
DA:103,0
LF:29
LH:0
BRDA:10,0,0,0
BRDA:10,0,1,0
BRDA:11,1,0,0
BRDA:11,1,1,0
BRDA:13,2,0,0
BRDA:13,2,1,0
BRDA:19,3,0,0
BRDA:19,3,1,0
BRDA:21,4,0,0
BRDA:21,4,1,0
BRDA:21,5,0,0
BRDA:21,5,1,0
BRDA:22,6,0,0
BRDA:22,6,1,0
BRDA:23,7,0,0
BRDA:23,7,1,0
BRDA:23,8,0,0
BRDA:23,8,1,0
BRDA:24,9,0,0
BRDA:24,9,1,0
BRDA:24,10,0,0
BRDA:24,10,1,0
BRDA:47,11,0,0
BRDA:47,11,1,0
BRDA:59,12,0,0
BRDA:59,12,1,0
BRDA:75,13,0,0
BRDA:75,13,1,0
BRDA:79,14,0,0
BRDA:79,14,1,0
BRDA:80,15,0,0
BRDA:80,15,1,0
BRDA:85,16,0,0
BRDA:85,16,1,0
BRDA:88,17,0,0
BRDA:88,17,1,0
BRF:36
BRH:0
end_of_record
TN:
SF:components/property/PhotoCarousel.tsx
FN:22,PhotoCarousel
FN:35,onScroll
FN:50,(anonymous_2)
FN:51,(anonymous_3)
FN:69,(anonymous_4)
FNF:5
FNH:0
FNDA:0,PhotoCarousel
FNDA:0,onScroll
FNDA:0,(anonymous_2)
FNDA:0,(anonymous_3)
FNDA:0,(anonymous_4)
DA:15,0
DA:16,0
DA:23,0
DA:24,0
DA:26,0
DA:27,0
DA:36,0
DA:37,0
DA:40,0
DA:50,0
DA:52,0
DA:70,0
DA:84,0
LF:13
LH:0
BRDA:26,0,0,0
BRDA:26,0,1,0
BRDA:26,1,0,0
BRDA:26,1,1,0
BRDA:37,2,0,0
BRDA:37,2,1,0
BRDA:67,3,0,0
BRDA:67,3,1,0
BRDA:67,3,2,0
BRDA:74,4,0,0
BRDA:74,4,1,0
BRF:11
BRH:0
end_of_record
TN:
SF:components/property/PropertyInfoCard.tsx
FN:27,formatStatus
FN:31,(anonymous_1)
FN:34,PropertyInfoCard
FN:105,(anonymous_3)
FNF:4
FNH:0
FNDA:0,formatStatus
FNDA:0,(anonymous_1)
FNDA:0,PropertyInfoCard
FNDA:0,(anonymous_3)
DA:28,0
DA:29,0
DA:31,0
DA:45,0
DA:74,0
DA:106,0
DA:129,0
LF:7
LH:0
BRDA:28,0,0,0
BRDA:28,0,1,0
BRDA:46,1,0,0
BRDA:46,1,1,0
BRDA:49,2,0,0
BRDA:49,2,1,0
BRDA:52,3,0,0
BRDA:52,3,1,0
BRDA:59,4,0,0
BRDA:59,4,1,0
BRDA:62,5,0,0
BRDA:62,5,1,0
BRDA:69,6,0,0
BRDA:69,6,1,0
BRDA:78,7,0,0
BRDA:78,7,1,0
BRDA:85,8,0,0
BRDA:85,8,1,0
BRDA:87,9,0,0
BRDA:87,9,1,0
BRDA:98,10,0,0
BRDA:98,10,1,0
BRDA:117,11,0,0
BRDA:117,11,1,0
BRF:24
BRH:0
end_of_record
TN:
SF:components/strategy/CollapsibleSection.tsx
FN:27,CollapsibleSection
FN:37,toggle
FN:39,(anonymous_2)
FN:73,FinancialRow
FNF:4
FNH:0
FNDA:0,CollapsibleSection
FNDA:0,toggle
FNDA:0,(anonymous_2)
FNDA:0,FinancialRow
DA:14,0
DA:15,0
DA:35,0
DA:38,0
DA:39,0
DA:42,0
DA:80,0
DA:108,0
LF:8
LH:0
BRDA:14,0,0,0
BRDA:14,0,1,0
BRDA:14,1,0,0
BRDA:14,1,1,0
BRDA:29,2,0,0
BRDA:30,3,0,0
BRDA:48,4,0,0
BRDA:48,4,1,0
BRDA:48,4,2,0
BRDA:54,5,0,0
BRDA:54,5,1,0
BRDA:60,6,0,0
BRDA:60,6,1,0
BRDA:78,7,0,0
BRDA:84,8,0,0
BRDA:84,8,1,0
BRDA:90,9,0,0
BRDA:90,9,1,0
BRDA:98,10,0,0
BRDA:98,10,1,0
BRDA:99,11,0,0
BRDA:99,11,1,0
BRF:22
BRH:0
end_of_record
TN:
SF:components/strategy/MultiStrategyComparison.tsx
FN:11,gradeColor
FN:19,scoreToBgOpacity
FN:28,MultiStrategyComparison
FN:33,(anonymous_3)
FN:49,(anonymous_4)
FN:51,(anonymous_5)
FN:65,(anonymous_6)
FNF:7
FNH:0
FNDA:0,gradeColor
FNDA:0,scoreToBgOpacity
FNDA:0,MultiStrategyComparison
FNDA:0,(anonymous_3)
FNDA:0,(anonymous_4)
FNDA:0,(anonymous_5)
FNDA:0,(anonymous_6)
DA:12,0
DA:13,0
DA:14,0
DA:15,0
DA:16,0
DA:20,0
DA:33,0
DA:34,0
DA:36,0
DA:50,0
DA:51,0
DA:53,0
DA:54,0
DA:55,0
DA:56,0
DA:58,0
DA:65,0
DA:108,0
LF:18
LH:0
BRDA:12,0,0,0
BRDA:12,0,1,0
BRDA:12,1,0,0
BRDA:12,1,1,0
BRDA:13,2,0,0
BRDA:13,2,1,0
BRDA:14,3,0,0
BRDA:14,3,1,0
BRDA:15,4,0,0
BRDA:15,4,1,0
BRDA:51,5,0,0
BRDA:51,5,1,0
BRDA:53,6,0,0
BRDA:53,6,1,0
BRDA:63,7,0,0
BRDA:63,7,1,0
BRDA:81,8,0,0
BRDA:81,8,1,0
BRF:18
BRH:0
end_of_record
TN:
SF:components/strategy/StrategyMetrics.tsx
FN:19,n
FN:25,buildLTRMetrics
FN:42,buildSTRMetrics
FN:59,buildBRRRRMetrics
FN:76,buildFlipMetrics
FN:93,buildHouseHackMetrics
FN:110,buildWholesaleMetrics
FN:136,StrategyMetrics
FN:152,(anonymous_8)
FNF:9
FNH:0
FNDA:0,n
FNDA:0,buildLTRMetrics
FNDA:0,buildSTRMetrics
FNDA:0,buildBRRRRMetrics
FNDA:0,buildFlipMetrics
FNDA:0,buildHouseHackMetrics
FNDA:0,buildWholesaleMetrics
FNDA:0,StrategyMetrics
FNDA:0,(anonymous_8)
DA:20,0
DA:21,0
DA:22,0
DA:26,0
DA:27,0
DA:28,0
DA:29,0
DA:30,0
DA:31,0
DA:32,0
DA:43,0
DA:44,0
DA:45,0
DA:46,0
DA:47,0
DA:48,0
DA:49,0
DA:60,0
DA:61,0
DA:62,0
DA:63,0
DA:64,0
DA:65,0
DA:66,0
DA:77,0
DA:78,0
DA:79,0
DA:80,0
DA:81,0
DA:82,0
DA:83,0
DA:94,0
DA:95,0
DA:96,0
DA:97,0
DA:98,0
DA:99,0
DA:100,0
DA:111,0
DA:112,0
DA:113,0
DA:114,0
DA:115,0
DA:116,0
DA:117,0
DA:127,0
DA:137,0
DA:139,0
DA:140,0
DA:149,0
DA:153,0
DA:170,0
LF:52
LH:0
BRDA:20,0,0,0
BRDA:20,0,1,0
BRDA:22,1,0,0
BRDA:22,1,1,0
BRDA:30,2,0,0
BRDA:30,2,1,0
BRDA:31,3,0,0
BRDA:31,3,1,0
BRDA:44,4,0,0
BRDA:44,4,1,0
BRDA:47,5,0,0
BRDA:47,5,1,0
BRDA:60,6,0,0
BRDA:60,6,1,0
BRDA:61,7,0,0
BRDA:61,7,1,0
BRDA:62,8,0,0
BRDA:62,8,1,0
BRDA:64,9,0,0
BRDA:64,9,1,0
BRDA:72,10,0,0
BRDA:72,10,1,0
BRDA:77,11,0,0
BRDA:77,11,1,0
BRDA:87,12,0,0
BRDA:87,12,1,0
BRDA:94,13,0,0
BRDA:94,13,1,0
BRDA:95,14,0,0
BRDA:95,14,1,0
BRDA:96,15,0,0
BRDA:96,15,1,0
BRDA:112,16,0,0
BRDA:112,16,1,0
BRDA:113,17,0,0
BRDA:113,17,1,0
BRDA:116,18,0,0
BRDA:116,18,1,0
BRDA:123,19,0,0
BRDA:123,19,1,0
BRDA:137,20,0,0
BRDA:137,20,1,0
BRDA:139,21,0,0
BRDA:139,21,1,0
BRDA:139,22,0,0
BRDA:139,22,1,0
BRDA:157,23,0,0
BRDA:157,23,1,0
BRF:48
BRH:0
end_of_record
TN:
SF:components/strategy/StrategyPills.tsx
FN:31,StrategyPills
FN:38,(anonymous_1)
FN:48,(anonymous_2)
FN:75,getStrategyDef
FN:76,(anonymous_4)
FNF:5
FNH:0
FNDA:0,StrategyPills
FNDA:0,(anonymous_1)
FNDA:0,(anonymous_2)
FNDA:0,getStrategyDef
FNDA:0,(anonymous_4)
DA:16,0
DA:32,0
DA:39,0
DA:40,0
DA:41,0
DA:48,0
DA:76,0
DA:79,0
LF:8
LH:0
BRDA:46,0,0,0
BRDA:46,0,1,0
BRDA:53,1,0,0
BRDA:53,1,1,0
BRDA:58,2,0,0
BRDA:58,2,1,0
BRDA:63,3,0,0
BRDA:63,3,1,0
BRDA:76,4,0,0
BRDA:76,4,1,0
BRF:10
BRH:0
end_of_record
TN:
SF:components/ui/AnimatedBookmark.tsx
FN:26,AnimatedBookmark
FN:36,handlePress
FN:49,(anonymous_2)
FNF:3
FNH:0
FNDA:0,AnimatedBookmark
FNDA:0,handlePress
FNDA:0,(anonymous_2)
DA:34,0
DA:37,0
DA:42,0
DA:46,0
DA:49,0
DA:53,0
LF:6
LH:0
BRDA:30,0,0,0
BRDA:31,1,0,0
BRDA:32,2,0,0
BRDA:38,3,0,0
BRDA:38,3,1,0
BRDA:58,4,0,0
BRDA:58,4,1,0
BRDA:62,5,0,0
BRDA:62,5,1,0
BRDA:64,6,0,0
BRDA:64,6,1,0
BRF:11
BRH:0
end_of_record
TN:
SF:components/ui/Button.tsx
FN:30,Button
FN:46,(anonymous_1)
FNF:2
FNH:0
FNDA:0,Button
FNDA:0,(anonymous_1)
DA:23,0
DA:39,0
DA:40,0
DA:42,0
DA:46,0
DA:69,0
LF:6
LH:0
BRDA:33,0,0,0
BRDA:34,1,0,0
BRDA:35,2,0,0
BRDA:40,3,0,0
BRDA:40,3,1,0
BRDA:49,4,0,0
BRDA:49,4,1,0
BRDA:50,5,0,0
BRDA:50,5,1,0
BRDA:51,6,0,0
BRDA:51,6,1,0
BRDA:51,6,2,0
BRDA:57,7,0,0
BRDA:57,7,1,0
BRF:14
BRH:0
end_of_record
TN:
SF:components/ui/DealMakerSlider.tsx
FN:49,formatSliderValue
FN:74,DealMakerSlider
FN:90,snapAndNotify
FN:103,(anonymous_3)
FN:111,(anonymous_4)
FN:120,startEditing
FN:131,(anonymous_6)
FN:134,submitEdit
FN:188,(anonymous_8)
FNF:9
FNH:0
FNDA:0,formatSliderValue
FNDA:0,DealMakerSlider
FNDA:0,snapAndNotify
FNDA:0,(anonymous_3)
FNDA:0,(anonymous_4)
FNDA:0,startEditing
FNDA:0,(anonymous_6)
FNDA:0,submitEdit
FNDA:0,(anonymous_8)
DA:50,0
DA:52,0
DA:58,0
DA:60,0
DA:62,0
DA:64,0
DA:66,0
DA:70,0
DA:71,0
DA:72,0
DA:80,0
DA:81,0
DA:82,0
DA:83,0
DA:84,0
DA:86,0
DA:87,0
DA:88,0
DA:91,0
DA:92,0
DA:93,0
DA:95,0
DA:96,0
DA:97,0
DA:99,0
DA:102,0
DA:104,0
DA:105,0
DA:106,0
DA:107,0
DA:111,0
DA:112,0
DA:113,0
DA:114,0
DA:115,0
DA:118,0
DA:122,0
DA:123,0
DA:124,0
DA:125,0
DA:127,0
DA:129,0
DA:130,0
DA:131,0
DA:135,0
DA:142,0
DA:143,0
DA:144,0
DA:145,0
DA:146,0
DA:147,0
DA:149,0
DA:152,0
DA:153,0
DA:154,0
DA:156,0
DA:188,0
DA:225,0
LF:58
LH:0
BRDA:50,0,0,0
BRDA:50,0,1,0
BRDA:50,0,2,0
BRDA:50,0,3,0
BRDA:50,0,4,0
BRDA:50,0,5,0
BRDA:62,1,0,0
BRDA:62,1,1,0
BRDA:78,2,0,0
BRDA:88,3,0,0
BRDA:88,3,1,0
BRDA:95,4,0,0
BRDA:95,4,1,0
BRDA:104,5,0,0
BRDA:104,5,1,0
BRDA:112,6,0,0
BRDA:112,6,1,0
BRDA:122,7,0,0
BRDA:122,7,1,0
BRDA:123,8,0,0
BRDA:123,8,1,0
BRDA:124,9,0,0
BRDA:124,9,1,0
BRDA:143,10,0,0
BRDA:143,10,1,0
BRDA:144,11,0,0
BRDA:144,11,1,0
BRDA:161,12,0,0
BRDA:161,12,1,0
BRDA:218,13,0,0
BRDA:218,13,1,0
BRF:31
BRH:0
end_of_record
TN:
SF:components/ui/ErrorBanner.tsx
FN:9,ErrorBanner
FNF:1
FNH:0
FNDA:0,ErrorBanner
DA:10,0
DA:12,0
DA:20,0
LF:3
LH:0
BRDA:10,0,0,0
BRDA:10,0,1,0
BRF:2
BRH:0
end_of_record
TN:
SF:components/ui/ErrorBoundary.tsx
FN:26,(anonymous_0)
FN:30,(anonymous_1)
FN:39,(anonymous_2)
FN:43,(anonymous_3)
FN:65,ErrorFallback
FN:95,GlobalCrashScreen
FNF:6
FNH:0
FNDA:0,(anonymous_0)
FNDA:0,(anonymous_1)
FNDA:0,(anonymous_2)
FNDA:0,(anonymous_3)
FNDA:0,ErrorFallback
FNDA:0,GlobalCrashScreen
DA:24,0
DA:27,0
DA:31,0
DA:39,0
DA:40,0
DA:44,0
DA:45,0
DA:47,0
DA:48,0
DA:51,0
DA:70,0
DA:102,0
DA:123,0
LF:13
LH:0
BRDA:45,0,0,0
BRDA:45,0,1,0
BRDA:47,1,0,0
BRDA:47,1,1,0
BRDA:68,2,0,0
BRF:5
BRH:0
end_of_record
TN:
SF:components/ui/GlowCard.tsx
FN:32,GlowCard
FN:41,(anonymous_1)
FN:54,handlePressIn
FN:58,handlePressOut
FNF:4
FNH:0
FNDA:0,GlowCard
FNDA:0,(anonymous_1)
FNDA:0,handlePressIn
FNDA:0,handlePressOut
DA:21,0
DA:39,0
DA:41,0
DA:42,0
DA:43,0
DA:55,0
DA:59,0
DA:62,0
DA:63,0
DA:75,0
DA:92,0
LF:11
LH:0
BRDA:34,0,0,0
BRDA:36,1,0,0
BRDA:42,2,0,0
BRDA:42,2,1,0
BRDA:62,3,0,0
BRDA:62,3,1,0
BRDA:81,4,0,0
BRDA:81,4,1,0
BRDA:82,5,0,0
BRDA:82,5,1,0
BRF:10
BRH:0
end_of_record
TN:
SF:components/ui/InAppNotification.tsx
FN:32,InAppNotificationManager
FN:43,(anonymous_1)
FN:45,(anonymous_2)
FN:48,(anonymous_3)
FN:60,(anonymous_4)
FN:61,(anonymous_5)
FN:70,(anonymous_6)
FN:73,(anonymous_7)
FN:77,handleTap
FN:82,(anonymous_9)
FN:86,(anonymous_10)
FN:122,getCategoryIcon
FNF:12
FNH:0
FNDA:0,InAppNotificationManager
FNDA:0,(anonymous_1)
FNDA:0,(anonymous_2)
FNDA:0,(anonymous_3)
FNDA:0,(anonymous_4)
FNDA:0,(anonymous_5)
FNDA:0,(anonymous_6)
FNDA:0,(anonymous_7)
FNDA:0,handleTap
FNDA:0,(anonymous_9)
FNDA:0,(anonymous_10)
FNDA:0,getCategoryIcon
DA:23,0
DA:33,0
DA:34,0
DA:35,0
DA:41,0
DA:43,0
DA:44,0
DA:45,0
DA:48,0
DA:49,0
DA:54,0
DA:60,0
DA:61,0
DA:62,0
DA:63,0
DA:70,0
DA:73,0
DA:74,0
DA:78,0
DA:79,0
DA:80,0
DA:81,0
DA:82,0
DA:86,0
DA:90,0
DA:92,0
DA:94,0
DA:123,0
DA:125,0
DA:127,0
DA:129,0
DA:131,0
DA:133,0
DA:135,0
DA:139,0
LF:35
LH:0
BRDA:64,0,0,0
BRDA:64,0,1,0
BRDA:65,1,0,0
BRDA:65,1,1,0
BRDA:66,2,0,0
BRDA:66,2,1,0
BRDA:74,3,0,0
BRDA:74,3,1,0
BRDA:78,4,0,0
BRDA:78,4,1,0
BRDA:81,5,0,0
BRDA:81,5,1,0
BRDA:90,6,0,0
BRDA:90,6,1,0
BRDA:123,7,0,0
BRDA:123,7,1,0
BRDA:123,7,2,0
BRDA:123,7,3,0
BRDA:123,7,4,0
BRDA:123,7,5,0
BRF:20
BRH:0
end_of_record
TN:
SF:components/ui/Input.tsx
FN:24,Input
FN:75,(anonymous_1)
FN:75,(anonymous_2)
FNF:3
FNH:0
FNDA:0,Input
FNDA:0,(anonymous_1)
FNDA:0,(anonymous_2)
DA:24,0
DA:39,0
DA:41,0
DA:42,0
DA:44,0
DA:75,0
DA:104,0
LF:7
LH:0
BRDA:39,0,0,0
BRDA:39,0,1,0
BRDA:41,1,0,0
BRDA:41,1,1,0
BRDA:42,2,0,0
BRDA:42,2,1,0
BRDA:46,3,0,0
BRDA:46,3,1,0
BRDA:48,4,0,0
BRDA:48,4,1,0
BRDA:49,5,0,0
BRDA:49,5,1,0
BRDA:62,6,0,0
BRDA:62,6,1,0
BRDA:63,7,0,0
BRDA:63,7,1,0
BRDA:63,7,2,0
BRDA:73,8,0,0
BRDA:73,8,1,0
BRDA:78,9,0,0
BRDA:78,9,1,0
BRDA:81,10,0,0
BRDA:81,10,1,0
BRDA:88,11,0,0
BRDA:88,11,1,0
BRDA:88,11,2,0
BRDA:99,12,0,0
BRDA:99,12,1,0
BRF:28
BRH:0
end_of_record
TN:
SF:components/ui/OfflineBanner.tsx
FN:17,OfflineBanner
FN:21,(anonymous_1)
FN:25,(anonymous_2)
FN:42,CachedDataNotice
FN:61,formatTimeAgo
FNF:5
FNH:0
FNDA:0,OfflineBanner
FNDA:0,(anonymous_1)
FNDA:0,(anonymous_2)
FNDA:0,CachedDataNotice
FNDA:0,formatTimeAgo
DA:18,0
DA:19,0
DA:21,0
DA:22,0
DA:25,0
DA:29,0
DA:31,0
DA:47,0
DA:49,0
DA:51,0
DA:53,0
DA:62,0
DA:63,0
DA:64,0
DA:65,0
DA:66,0
DA:67,0
DA:68,0
DA:69,0
DA:72,0
LF:20
LH:0
BRDA:22,0,0,0
BRDA:22,0,1,0
BRDA:29,1,0,0
BRDA:29,1,1,0
BRDA:49,2,0,0
BRDA:49,2,1,0
BRDA:49,3,0,0
BRDA:49,3,1,0
BRDA:64,4,0,0
BRDA:64,4,1,0
BRDA:65,5,0,0
BRDA:65,5,1,0
BRDA:67,6,0,0
BRDA:67,6,1,0
BRF:14
BRH:0
end_of_record
TN:
SF:components/ui/OfflineGuard.tsx
FN:21,OfflineGuard
FNF:1
FNH:0
FNDA:0,OfflineGuard
DA:26,0
DA:28,0
DA:29,0
DA:32,0
DA:46,0
LF:5
LH:0
BRDA:23,0,0,0
BRDA:24,1,0,0
BRDA:28,2,0,0
BRDA:28,2,1,0
BRDA:28,3,0,0
BRDA:28,3,1,0
BRF:6
BRH:0
end_of_record
TN:
SF:components/ui/Skeleton.tsx
FN:23,SkeletonBox
FN:31,(anonymous_1)
FN:39,(anonymous_2)
FN:58,VerdictSkeleton
FN:120,StrategySkeleton
FN:130,(anonymous_5)
FN:140,(anonymous_6)
FN:149,(anonymous_7)
FN:158,PropertyDetailsSkeleton
FN:170,(anonymous_9)
FN:177,(anonymous_10)
FN:189,DealVaultListSkeleton
FN:192,(anonymous_12)
FNF:13
FNH:0
FNDA:0,SkeletonBox
FNDA:0,(anonymous_1)
FNDA:0,(anonymous_2)
FNDA:0,VerdictSkeleton
FNDA:0,StrategySkeleton
FNDA:0,(anonymous_5)
FNDA:0,(anonymous_6)
FNDA:0,(anonymous_7)
FNDA:0,PropertyDetailsSkeleton
FNDA:0,(anonymous_9)
FNDA:0,(anonymous_10)
FNDA:0,DealVaultListSkeleton
FNDA:0,(anonymous_12)
DA:29,0
DA:31,0
DA:32,0
DA:39,0
DA:43,0
DA:59,0
DA:121,0
DA:131,0
DA:141,0
DA:150,0
DA:159,0
DA:171,0
DA:178,0
DA:190,0
DA:193,0
DA:211,0
LF:16
LH:0
BRDA:24,0,0,0
BRDA:25,1,0,0
BRDA:26,2,0,0
BRF:3
BRH:0
end_of_record
TN:
SF:components/ui/StatusCard.tsx
FN:20,StatusCard
FNF:1
FNH:0
FNDA:0,StatusCard
DA:7,0
DA:21,0
DA:23,0
DA:35,0
LF:4
LH:0
BRF:0
BRH:0
end_of_record
TN:
SF:components/verdict/DealGapBar.tsx
FN:9,getDealZone
FN:17,markerPosition
FN:30,DealGapBar
FNF:3
FNH:0
FNDA:0,getDealZone
FNDA:0,markerPosition
FNDA:0,DealGapBar
DA:10,0
DA:11,0
DA:12,0
DA:13,0
DA:14,0
DA:20,0
DA:21,0
DA:31,0
DA:32,0
DA:34,0
DA:95,0
LF:11
LH:0
BRDA:10,0,0,0
BRDA:10,0,1,0
BRDA:11,1,0,0
BRDA:11,1,1,0
BRDA:12,2,0,0
BRDA:12,2,1,0
BRDA:13,3,0,0
BRDA:13,3,1,0
BRDA:46,4,0,0
BRDA:46,4,1,0
BRF:10
BRH:0
end_of_record
TN:
SF:components/verdict/PriceCards.tsx
FN:14,PriceCard
FN:55,PriceCards
FNF:2
FNH:0
FNDA:0,PriceCard
FNDA:0,PriceCards
DA:15,0
DA:56,0
DA:83,0
LF:3
LH:0
BRDA:19,0,0,0
BRDA:19,0,1,0
BRDA:25,1,0,0
BRDA:25,1,1,0
BRDA:33,2,0,0
BRDA:33,2,1,0
BRDA:39,3,0,0
BRDA:39,3,1,0
BRF:8
BRH:0
end_of_record
TN:
SF:components/verdict/ScoreComponentBars.tsx
FN:11,componentColor
FN:19,componentLabel
FN:59,ScoreComponentBars
FN:63,(anonymous_3)
FNF:4
FNH:0
FNDA:0,componentColor
FNDA:0,componentLabel
FNDA:0,ScoreComponentBars
FNDA:0,(anonymous_3)
DA:12,0
DA:13,0
DA:14,0
DA:15,0
DA:16,0
DA:20,0
DA:21,0
DA:22,0
DA:23,0
DA:24,0
DA:25,0
DA:27,0
DA:28,0
DA:29,0
DA:30,0
DA:31,0
DA:32,0
DA:34,0
DA:35,0
DA:36,0
DA:37,0
DA:38,0
DA:39,0
DA:41,0
DA:42,0
DA:43,0
DA:44,0
DA:45,0
DA:48,0
DA:60,0
DA:64,0
DA:65,0
DA:66,0
DA:67,0
DA:69,0
DA:85,0
LF:36
LH:0
BRDA:12,0,0,0
BRDA:12,0,1,0
BRDA:13,1,0,0
BRDA:13,1,1,0
BRDA:14,2,0,0
BRDA:14,2,1,0
BRDA:15,3,0,0
BRDA:15,3,1,0
BRDA:20,4,0,0
BRDA:20,4,1,0
BRDA:21,5,0,0
BRDA:21,5,1,0
BRDA:22,6,0,0
BRDA:22,6,1,0
BRDA:23,7,0,0
BRDA:23,7,1,0
BRDA:24,8,0,0
BRDA:24,8,1,0
BRDA:27,9,0,0
BRDA:27,9,1,0
BRDA:28,10,0,0
BRDA:28,10,1,0
BRDA:29,11,0,0
BRDA:29,11,1,0
BRDA:30,12,0,0
BRDA:30,12,1,0
BRDA:31,13,0,0
BRDA:31,13,1,0
BRDA:34,14,0,0
BRDA:34,14,1,0
BRDA:35,15,0,0
BRDA:35,15,1,0
BRDA:36,16,0,0
BRDA:36,16,1,0
BRDA:37,17,0,0
BRDA:37,17,1,0
BRDA:38,18,0,0
BRDA:38,18,1,0
BRDA:41,19,0,0
BRDA:41,19,1,0
BRDA:42,20,0,0
BRDA:42,20,1,0
BRDA:43,21,0,0
BRDA:43,21,1,0
BRDA:44,22,0,0
BRDA:44,22,1,0
BRF:46
BRH:0
end_of_record
TN:
SF:components/verdict/StrategyGrid.tsx
FN:96,StrategyGrid
FN:115,(anonymous_1)
FN:117,(anonymous_2)
FN:131,(anonymous_3)
FNF:4
FNH:0
FNDA:0,StrategyGrid
FNDA:0,(anonymous_1)
FNDA:0,(anonymous_2)
FNDA:0,(anonymous_3)
DA:18,0
DA:101,0
DA:116,0
DA:117,0
DA:119,0
DA:120,0
DA:121,0
DA:123,0
DA:131,0
DA:175,0
LF:10
LH:0
BRDA:117,0,0,0
BRDA:117,0,1,0
BRDA:120,1,0,0
BRDA:120,1,1,0
BRDA:121,2,0,0
BRDA:121,2,1,0
BRDA:128,3,0,0
BRDA:128,3,1,0
BRDA:129,4,0,0
BRDA:129,4,1,0
BRDA:157,5,0,0
BRDA:157,5,1,0
BRF:12
BRH:0
end_of_record
TN:
SF:components/verdict/VerdictScoreRing.tsx
FN:22,scoreColor
FN:30,verdictLabelForScore
FN:43,VerdictScoreRing
FN:48,(anonymous_3)
FN:55,(anonymous_4)
FNF:5
FNH:0
FNDA:0,scoreColor
FNDA:0,verdictLabelForScore
FNDA:0,VerdictScoreRing
FNDA:0,(anonymous_3)
FNDA:0,(anonymous_4)
DA:12,0
DA:14,0
DA:15,0
DA:16,0
DA:17,0
DA:18,0
DA:19,0
DA:20,0
DA:23,0
DA:24,0
DA:25,0
DA:26,0
DA:27,0
DA:31,0
DA:32,0
DA:33,0
DA:34,0
DA:35,0
DA:44,0
DA:45,0
DA:46,0
DA:48,0
DA:49,0
DA:55,0
DA:56,0
DA:57,0
DA:62,0
DA:108,0
LF:28
LH:0
BRDA:23,0,0,0
BRDA:23,0,1,0
BRDA:24,1,0,0
BRDA:24,1,1,0
BRDA:25,2,0,0
BRDA:25,2,1,0
BRDA:26,3,0,0
BRDA:26,3,1,0
BRDA:31,4,0,0
BRDA:31,4,1,0
BRDA:32,5,0,0
BRDA:32,5,1,0
BRDA:33,6,0,0
BRDA:33,6,1,0
BRDA:34,7,0,0
BRDA:34,7,1,0
BRDA:45,8,0,0
BRDA:45,8,1,0
BRF:18
BRH:0
end_of_record
TN:
SF:hooks/useAuth.ts
FN:12,useAuth
FNF:1
FNH:0
FNDA:0,useAuth
DA:13,0
DA:15,0
DA:16,0
DA:18,0
LF:4
LH:0
BRDA:15,0,0,0
BRDA:15,0,1,0
BRDA:16,1,0,0
BRDA:16,1,1,0
BRF:4
BRH:0
end_of_record
TN:
SF:hooks/useBiometricLock.ts
FN:24,useBiometricLock
FN:28,(anonymous_1)
FN:36,(anonymous_2)
FN:37,handleAppStateChange
FN:66,(anonymous_4)
FNF:5
FNH:0
FNDA:0,useBiometricLock
FNDA:0,(anonymous_1)
FNDA:0,(anonymous_2)
FNDA:0,handleAppStateChange
FNDA:0,(anonymous_4)
DA:22,0
DA:25,0
DA:26,0
DA:28,0
DA:29,0
DA:30,0
DA:31,0
DA:33,0
DA:36,0
DA:38,0
DA:39,0
DA:40,0
DA:43,0
DA:44,0
DA:45,0
DA:47,0
DA:48,0
DA:50,0
DA:55,0
DA:57,0
DA:58,0
DA:59,0
DA:60,0
DA:65,0
DA:66,0
DA:69,0
LF:26
LH:0
BRDA:30,0,0,0
BRDA:30,0,1,0
BRDA:38,1,0,0
BRDA:38,1,1,0
BRDA:38,2,0,0
BRDA:38,2,1,0
BRDA:43,3,0,0
BRDA:43,3,1,0
BRDA:43,4,0,0
BRDA:43,4,1,0
BRDA:47,5,0,0
BRDA:47,5,1,0
BRDA:48,6,0,0
BRDA:48,6,1,0
BRDA:55,7,0,0
BRDA:55,7,1,0
BRDA:55,8,0,0
BRDA:55,8,1,0
BRDA:59,9,0,0
BRDA:59,9,1,0
BRF:20
BRH:0
end_of_record
TN:
SF:hooks/useNetworkStatus.ts
FN:26,initNetworkListener
FN:27,(anonymous_1)
FN:30,(anonymous_2)
FN:38,isGloballyOnline
FN:45,useNetworkStatus
FN:49,(anonymous_5)
FN:50,handler
FN:56,(anonymous_7)
FN:62,(anonymous_8)
FNF:9
FNH:0
FNDA:0,initNetworkListener
FNDA:0,(anonymous_1)
FNDA:0,(anonymous_2)
FNDA:0,isGloballyOnline
FNDA:0,useNetworkStatus
FNDA:0,(anonymous_5)
FNDA:0,handler
FNDA:0,(anonymous_7)
FNDA:0,(anonymous_8)
DA:20,0
DA:21,0
DA:27,0
DA:28,0
DA:29,0
DA:30,0
DA:32,0
DA:39,0
DA:46,0
DA:47,0
DA:49,0
DA:51,0
DA:53,0
DA:56,0
DA:57,0
DA:58,0
DA:59,0
DA:62,0
DA:63,0
DA:67,0
LF:20
LH:0
BRDA:28,0,0,0
BRDA:28,0,1,0
BRDA:57,1,0,0
BRDA:57,1,1,0
BRDA:59,2,0,0
BRDA:59,2,1,0
BRF:6
BRH:0
end_of_record
TN:
SF:hooks/useNotifications.ts
FN:27,useNotificationSetup
FN:33,(anonymous_1)
FN:35,(anonymous_2)
FN:44,(anonymous_3)
FN:52,(anonymous_4)
FN:55,(anonymous_5)
FN:68,useRequestPushPermission
FN:69,(anonymous_7)
FN:83,cleanupNotificationsOnLogout
FNF:9
FNH:0
FNDA:0,useNotificationSetup
FNDA:0,(anonymous_1)
FNDA:0,(anonymous_2)
FNDA:0,(anonymous_3)
FNDA:0,(anonymous_4)
FNDA:0,(anonymous_5)
FNDA:0,useRequestPushPermission
FNDA:0,(anonymous_7)
FNDA:0,cleanupNotificationsOnLogout
DA:28,0
DA:29,0
DA:30,0
DA:33,0
DA:34,0
DA:36,0
DA:38,0
DA:39,0
DA:40,0
DA:44,0
DA:45,0
DA:46,0
DA:52,0
DA:53,0
DA:55,0
DA:56,0
DA:57,0
DA:58,0
DA:69,0
DA:70,0
DA:71,0
DA:72,0
DA:74,0
DA:77,0
DA:84,0
LF:25
LH:0
BRDA:39,0,0,0
BRDA:39,0,1,0
BRDA:45,1,0,0
BRDA:45,1,1,0
BRDA:53,2,0,0
BRDA:53,2,1,0
BRDA:57,3,0,0
BRDA:57,3,1,0
BRDA:71,4,0,0
BRDA:71,4,1,0
BRF:10
BRH:0
end_of_record
TN:
SF:hooks/useOnboarding.ts
FN:41,useOnboarding
FN:47,(anonymous_1)
FN:52,(anonymous_2)
FN:53,(anonymous_3)
FN:59,(anonymous_4)
FN:60,(anonymous_5)
FN:65,(anonymous_6)
FN:68,(anonymous_7)
FN:72,(anonymous_8)
FN:73,(anonymous_9)
FN:76,(anonymous_10)
FNF:11
FNH:0
FNDA:0,useOnboarding
FNDA:0,(anonymous_1)
FNDA:0,(anonymous_2)
FNDA:0,(anonymous_3)
FNDA:0,(anonymous_4)
FNDA:0,(anonymous_5)
FNDA:0,(anonymous_6)
FNDA:0,(anonymous_7)
FNDA:0,(anonymous_8)
FNDA:0,(anonymous_9)
FNDA:0,(anonymous_10)
DA:26,0
DA:39,0
DA:42,0
DA:43,0
DA:44,0
DA:46,0
DA:48,0
DA:51,0
DA:52,0
DA:54,0
DA:58,0
DA:60,0
DA:65,0
DA:66,0
DA:67,0
DA:68,0
DA:72,0
DA:73,0
DA:76,0
DA:77,0
DA:78,0
DA:81,0
LF:22
LH:0
BRDA:67,0,0,0
BRDA:67,0,1,0
BRDA:73,1,0,0
BRDA:73,1,1,0
BRDA:88,2,0,0
BRDA:88,2,1,0
BRF:6
BRH:0
end_of_record
TN:
SF:hooks/useProfileData.ts
FN:63,useUserProfile
FN:67,(anonymous_1)
FN:73,useInvestorProfile
FN:77,(anonymous_3)
FN:83,useUpdateUser
FN:86,(anonymous_5)
FN:88,(anonymous_6)
FN:94,useUpdateInvestorProfile
FN:97,(anonymous_8)
FN:99,(anonymous_9)
FNF:10
FNH:0
FNDA:0,useUserProfile
FNDA:0,(anonymous_1)
FNDA:0,useInvestorProfile
FNDA:0,(anonymous_3)
FNDA:0,useUpdateUser
FNDA:0,(anonymous_5)
FNDA:0,(anonymous_6)
FNDA:0,useUpdateInvestorProfile
FNDA:0,(anonymous_8)
FNDA:0,(anonymous_9)
DA:58,0
DA:64,0
DA:65,0
DA:67,0
DA:74,0
DA:75,0
DA:77,0
DA:84,0
DA:85,0
DA:87,0
DA:89,0
DA:95,0
DA:96,0
DA:98,0
DA:100,0
LF:15
LH:0
BRF:0
BRH:0
end_of_record
TN:
SF:hooks/usePropertyData.ts
FN:18,finiteOrNull
FN:24,validatePropertyResponse
FN:61,usePropertyData
FN:65,(anonymous_3)
FN:68,(anonymous_4)
FN:82,(anonymous_5)
FNF:6
FNH:0
FNDA:0,finiteOrNull
FNDA:0,validatePropertyResponse
FNDA:0,usePropertyData
FNDA:0,(anonymous_3)
FNDA:0,(anonymous_4)
FNDA:0,(anonymous_5)
DA:16,0
DA:19,0
DA:20,0
DA:21,0
DA:27,0
DA:28,0
DA:29,0
DA:38,0
DA:42,0
DA:43,0
DA:44,0
DA:45,0
DA:46,0
DA:47,0
DA:53,0
DA:58,0
DA:62,0
DA:64,0
DA:66,0
DA:69,0
DA:73,0
DA:81,0
DA:83,0
DA:88,0
LF:24
LH:0
BRDA:19,0,0,0
BRDA:19,0,1,0
BRDA:20,1,0,0
BRDA:20,1,1,0
BRDA:21,2,0,0
BRDA:21,2,1,0
BRDA:28,3,0,0
BRDA:28,3,1,0
BRDA:38,4,0,0
BRDA:38,4,1,0
BRDA:43,5,0,0
BRDA:43,5,1,0
BRDA:44,6,0,0
BRDA:44,6,1,0
BRDA:46,7,0,0
BRDA:46,7,1,0
BRDA:53,8,0,0
BRDA:53,8,1,0
BRF:18
BRH:0
end_of_record
TN:
SF:hooks/useSavedProperties.ts
FN:90,(anonymous_0)
FN:91,(anonymous_1)
FN:92,(anonymous_2)
FN:93,(anonymous_3)
FN:100,useSavedProperties
FN:112,(anonymous_5)
FN:131,useSavedPropertyStats
FN:135,(anonymous_7)
FN:145,useDeleteSavedProperty
FN:148,(anonymous_9)
FN:149,(anonymous_10)
FN:156,(anonymous_11)
FN:156,(anonymous_12)
FN:160,(anonymous_13)
FN:161,(anonymous_14)
FN:165,(anonymous_15)
FN:175,useSaveProperty
FN:185,(anonymous_17)
FN:193,(anonymous_18)
FN:201,(anonymous_19)
FN:203,(anonymous_20)
FN:211,(anonymous_21)
FN:212,(anonymous_22)
FN:220,(anonymous_23)
FN:221,(anonymous_24)
FN:235,(anonymous_25)
FN:241,(anonymous_26)
FNF:27
FNH:0
FNDA:0,(anonymous_0)
FNDA:0,(anonymous_1)
FNDA:0,(anonymous_2)
FNDA:0,(anonymous_3)
FNDA:0,useSavedProperties
FNDA:0,(anonymous_5)
FNDA:0,useSavedPropertyStats
FNDA:0,(anonymous_7)
FNDA:0,useDeleteSavedProperty
FNDA:0,(anonymous_9)
FNDA:0,(anonymous_10)
FNDA:0,(anonymous_11)
FNDA:0,(anonymous_12)
FNDA:0,(anonymous_13)
FNDA:0,(anonymous_14)
FNDA:0,(anonymous_15)
FNDA:0,useSaveProperty
FNDA:0,(anonymous_17)
FNDA:0,(anonymous_18)
FNDA:0,(anonymous_19)
FNDA:0,(anonymous_20)
FNDA:0,(anonymous_21)
FNDA:0,(anonymous_22)
FNDA:0,(anonymous_23)
FNDA:0,(anonymous_24)
FNDA:0,(anonymous_25)
FNDA:0,(anonymous_26)
DA:88,0
DA:90,0
DA:91,0
DA:92,0
DA:93,0
DA:107,0
DA:108,0
DA:110,0
DA:113,0
DA:114,0
DA:115,0
DA:116,0
DA:117,0
DA:118,0
DA:120,0
DA:123,0
DA:132,0
DA:133,0
DA:135,0
DA:146,0
DA:147,0
DA:148,0
DA:150,0
DA:151,0
DA:154,0
DA:156,0
DA:158,0
DA:161,0
DA:162,0
DA:166,0
DA:176,0
DA:177,0
DA:179,0
DA:180,0
DA:183,0
DA:186,0
DA:193,0
DA:194,0
DA:195,0
DA:196,0
DA:200,0
DA:202,0
DA:204,0
DA:205,0
DA:206,0
DA:210,0
DA:211,0
DA:213,0
DA:214,0
DA:215,0
DA:219,0
DA:221,0
DA:222,0
DA:235,0
DA:236,0
DA:237,0
DA:240,0
DA:242,0
DA:247,0
LF:59
LH:0
BRDA:116,0,0,0
BRDA:116,0,1,0
BRDA:116,1,0,0
BRDA:116,1,1,0
BRDA:117,2,0,0
BRDA:117,2,1,0
BRDA:118,3,0,0
BRDA:118,3,1,0
BRDA:123,4,0,0
BRDA:123,4,1,0
BRDA:189,5,0,0
BRDA:189,5,1,0
BRDA:194,6,0,0
BRDA:194,6,1,0
BRDA:196,7,0,0
BRDA:196,7,1,0
BRDA:236,8,0,0
BRDA:236,8,1,0
BRDA:242,9,0,0
BRDA:242,9,1,0
BRDA:250,10,0,0
BRDA:250,10,1,0
BRF:22
BRH:0
end_of_record
TN:
SF:hooks/useSearchHistory.ts
FN:65,(anonymous_0)
FN:66,(anonymous_1)
FN:68,(anonymous_2)
FN:75,useRecentSearches
FN:79,(anonymous_4)
FN:91,useSearchHistoryPaginated
FN:104,(anonymous_6)
FN:116,useSearchHistoryStats
FN:120,(anonymous_8)
FN:130,useDeleteSearchHistoryEntry
FN:133,(anonymous_10)
FN:134,(anonymous_11)
FN:138,(anonymous_12)
FN:138,(anonymous_13)
FN:141,(anonymous_14)
FN:147,useClearSearchHistory
FN:150,(anonymous_16)
FN:151,(anonymous_17)
FN:154,(anonymous_18)
FNF:19
FNH:0
FNDA:0,(anonymous_0)
FNDA:0,(anonymous_1)
FNDA:0,(anonymous_2)
FNDA:0,useRecentSearches
FNDA:0,(anonymous_4)
FNDA:0,useSearchHistoryPaginated
FNDA:0,(anonymous_6)
FNDA:0,useSearchHistoryStats
FNDA:0,(anonymous_8)
FNDA:0,useDeleteSearchHistoryEntry
FNDA:0,(anonymous_10)
FNDA:0,(anonymous_11)
FNDA:0,(anonymous_12)
FNDA:0,(anonymous_13)
FNDA:0,(anonymous_14)
FNDA:0,useClearSearchHistory
FNDA:0,(anonymous_16)
FNDA:0,(anonymous_17)
FNDA:0,(anonymous_18)
DA:63,0
DA:65,0
DA:67,0
DA:68,0
DA:76,0
DA:77,0
DA:80,0
DA:83,0
DA:96,0
DA:97,0
DA:98,0
DA:105,0
DA:108,0
DA:117,0
DA:118,0
DA:120,0
DA:131,0
DA:132,0
DA:133,0
DA:135,0
DA:136,0
DA:138,0
DA:142,0
DA:148,0
DA:149,0
DA:150,0
DA:152,0
DA:154,0
DA:156,0
LF:29
LH:0
BRDA:75,0,0,0
BRDA:83,1,0,0
BRDA:83,1,1,0
BRDA:108,2,0,0
BRDA:108,2,1,0
BRF:5
BRH:0
end_of_record
TN:
SF:hooks/useSession.ts
FN:56,persistSession
FN:76,readPersistedSession
FN:108,clearPersistedSession
FN:122,getLastKnownUser
FN:134,setLastTokenRefresh
FN:138,shouldProactivelyRefresh
FN:147,useSession
FN:150,(anonymous_7)
FN:162,(anonymous_8)
FN:199,(anonymous_9)
FN:213,useLogin
FN:217,(anonymous_11)
FN:228,(anonymous_12)
FN:243,useLoginMfa
FN:247,(anonymous_14)
FN:258,(anonymous_15)
FN:271,useRegister
FN:275,(anonymous_17)
FN:286,(anonymous_18)
FN:302,useLogout
FN:307,(anonymous_20)
FN:310,(anonymous_21)
FN:325,useRefreshUser
FN:327,(anonymous_23)
FN:336,(anonymous_24)
FNF:25
FNH:0
FNDA:0,persistSession
FNDA:0,readPersistedSession
FNDA:0,clearPersistedSession
FNDA:0,getLastKnownUser
FNDA:0,setLastTokenRefresh
FNDA:0,shouldProactivelyRefresh
FNDA:0,useSession
FNDA:0,(anonymous_7)
FNDA:0,(anonymous_8)
FNDA:0,(anonymous_9)
FNDA:0,useLogin
FNDA:0,(anonymous_11)
FNDA:0,(anonymous_12)
FNDA:0,useLoginMfa
FNDA:0,(anonymous_14)
FNDA:0,(anonymous_15)
FNDA:0,useRegister
FNDA:0,(anonymous_17)
FNDA:0,(anonymous_18)
FNDA:0,useLogout
FNDA:0,(anonymous_20)
FNDA:0,(anonymous_21)
FNDA:0,useRefreshUser
FNDA:0,(anonymous_23)
FNDA:0,(anonymous_24)
DA:34,0
DA:40,0
DA:41,0
DA:57,0
DA:58,0
DA:70,0
DA:77,0
DA:78,0
DA:79,0
DA:80,0
DA:81,0
DA:82,0
DA:83,0
DA:85,0
DA:104,0
DA:109,0
DA:110,0
DA:120,0
DA:123,0
DA:130,0
DA:131,0
DA:132,0
DA:135,0
DA:139,0
DA:140,0
DA:148,0
DA:151,0
DA:152,0
DA:153,0
DA:155,0
DA:156,0
DA:157,0
DA:160,0
DA:161,0
DA:162,0
DA:163,0
DA:166,0
DA:167,0
DA:168,0
DA:169,0
DA:171,0
DA:173,0
DA:174,0
DA:175,0
DA:176,0
DA:177,0
DA:178,0
DA:180,0
DA:190,0
DA:192,0
DA:200,0
DA:214,0
DA:216,0
DA:226,0
DA:229,0
DA:230,0
DA:231,0
DA:232,0
DA:233,0
DA:234,0
DA:244,0
DA:246,0
DA:256,0
DA:259,0
DA:260,0
DA:261,0
DA:262,0
DA:272,0
DA:274,0
DA:284,0
DA:287,0
DA:288,0
DA:289,0
DA:290,0
DA:291,0
DA:292,0
DA:303,0
DA:304,0
DA:306,0
DA:308,0
DA:311,0
DA:312,0
DA:313,0
DA:314,0
DA:315,0
DA:316,0
DA:326,0
DA:327,0
DA:328,0
DA:336,0
DA:337,0
DA:338,0
DA:339,0
LF:93
LH:0
BRDA:64,0,0,0
BRDA:64,0,1,0
BRDA:65,1,0,0
BRDA:65,1,1,0
BRDA:79,2,0,0
BRDA:79,2,1,0
BRDA:81,3,0,0
BRDA:81,3,1,0
BRDA:139,4,0,0
BRDA:139,4,1,0
BRDA:151,5,0,0
BRDA:151,5,1,0
BRDA:153,6,0,0
BRDA:153,6,1,0
BRDA:161,7,0,0
BRDA:161,7,1,0
BRDA:163,8,0,0
BRDA:163,8,1,0
BRDA:167,9,0,0
BRDA:167,9,1,0
BRDA:173,10,0,0
BRDA:173,10,1,0
BRDA:173,11,0,0
BRDA:173,11,1,0
BRDA:190,12,0,0
BRDA:190,12,1,0
BRDA:193,13,0,0
BRDA:193,13,1,0
BRDA:196,14,0,0
BRDA:196,14,1,0
BRDA:197,15,0,0
BRDA:197,15,1,0
BRDA:198,16,0,0
BRDA:198,16,1,0
BRDA:200,17,0,0
BRDA:200,17,1,0
BRDA:202,18,0,0
BRDA:202,18,1,0
BRDA:202,18,2,0
BRDA:202,18,3,0
BRDA:229,19,0,0
BRDA:229,19,1,0
BRDA:229,20,0,0
BRDA:229,20,1,0
BRDA:287,21,0,0
BRDA:287,21,1,0
BRDA:287,22,0,0
BRDA:287,22,1,0
BRDA:287,22,2,0
BRF:49
BRH:0
end_of_record
TN:
SF:hooks/useStrategyData.ts
FN:23,useStrategyData
FN:29,(anonymous_1)
FNF:2
FNH:0
FNDA:0,useStrategyData
FNDA:0,(anonymous_1)
DA:27,0
DA:30,0
DA:31,0
DA:32,0
LF:4
LH:0
BRDA:30,0,0,0
BRDA:30,0,1,0
BRDA:30,1,0,0
BRDA:30,1,1,0
BRDA:34,2,0,0
BRDA:34,2,1,0
BRF:6
BRH:0
end_of_record
TN:
SF:hooks/useSubscription.ts
FN:24,useSubscription
FN:51,(anonymous_1)
FN:56,(anonymous_2)
FN:65,(anonymous_3)
FN:79,(anonymous_4)
FN:84,(anonymous_5)
FN:88,(anonymous_6)
FNF:7
FNH:0
FNDA:0,useSubscription
FNDA:0,(anonymous_1)
FNDA:0,(anonymous_2)
FNDA:0,(anonymous_3)
FNDA:0,(anonymous_4)
FNDA:0,(anonymous_5)
FNDA:0,(anonymous_6)
DA:25,0
DA:26,0
DA:29,0
DA:37,0
DA:44,0
DA:47,0
DA:50,0
DA:52,0
DA:53,0
DA:54,0
DA:57,0
DA:58,0
DA:63,0
DA:66,0
DA:67,0
DA:68,0
DA:69,0
DA:78,0
DA:79,0
DA:83,0
DA:84,0
DA:88,0
DA:89,0
DA:90,0
DA:92,0
DA:96,0
LF:26
LH:0
BRDA:47,0,0,0
BRDA:47,0,1,0
BRDA:53,1,0,0
BRDA:53,1,1,0
BRDA:70,2,0,0
BRDA:70,2,1,0
BRDA:71,3,0,0
BRDA:71,3,1,0
BRDA:89,4,0,0
BRDA:89,4,1,0
BRDA:100,5,0,0
BRDA:100,5,1,0
BRDA:103,6,0,0
BRDA:103,6,1,0
BRDA:104,7,0,0
BRDA:104,7,1,0
BRDA:105,8,0,0
BRDA:105,8,1,0
BRDA:106,9,0,0
BRDA:106,9,1,0
BRDA:109,10,0,0
BRDA:109,10,1,0
BRDA:110,11,0,0
BRDA:110,11,1,0
BRDA:111,12,0,0
BRDA:111,12,1,0
BRDA:112,13,0,0
BRDA:112,13,1,0
BRF:28
BRH:0
end_of_record
TN:
SF:hooks/useUsage.ts
FN:25,useUsage
FN:30,(anonymous_1)
FNF:2
FNH:0
FNDA:0,useUsage
FNDA:0,(anonymous_1)
DA:26,0
DA:28,0
DA:30,0
DA:36,0
DA:37,0
DA:38,0
DA:39,0
DA:41,0
DA:42,0
DA:43,0
DA:45,0
DA:46,0
DA:47,0
DA:49,0
LF:14
LH:0
BRDA:36,0,0,0
BRDA:36,0,1,0
BRDA:37,1,0,0
BRDA:37,1,1,0
BRDA:38,2,0,0
BRDA:38,2,1,0
BRDA:39,3,0,0
BRDA:39,3,1,0
BRDA:42,4,0,0
BRDA:42,4,1,0
BRDA:43,5,0,0
BRDA:43,5,1,0
BRDA:45,6,0,0
BRDA:45,6,1,0
BRDA:46,7,0,0
BRDA:46,7,1,0
BRDA:47,8,0,0
BRDA:47,8,1,0
BRDA:50,9,0,0
BRDA:50,9,1,0
BRDA:56,10,0,0
BRDA:56,10,1,0
BRF:22
BRH:0
end_of_record
TN:
SF:hooks/useVerdictData.ts
FN:46,useVerdictData
FN:49,(anonymous_1)
FNF:2
FNH:0
FNDA:0,useVerdictData
FNDA:0,(anonymous_1)
DA:47,0
DA:50,0
LF:2
LH:0
BRF:0
BRH:0
end_of_record
TN:
SF:services/analytics.ts
FN:40,setAnalyticsClient
FN:44,track
FN:52,identifyAnalyticsUser
FN:67,resetAnalyticsUser
FN:71,setUserProperty
FN:79,trackAppOpened
FN:83,trackSearchInitiated
FN:87,trackAnalysisCompleted
FN:91,trackVerdictViewed
FN:95,trackStrategyViewed
FN:99,trackDealMakerUsed
FN:103,trackPropertySaved
FN:107,trackProformaDownloaded
FN:111,trackLoiGenerated
FN:115,trackUpgradePromptShown
FN:119,trackPurchaseInitiated
FN:123,trackPurchaseCompleted
FN:127,trackPurchaseFailed
FN:131,trackScreenView
FNF:19
FNH:0
FNDA:0,setAnalyticsClient
FNDA:0,track
FNDA:0,identifyAnalyticsUser
FNDA:0,resetAnalyticsUser
FNDA:0,setUserProperty
FNDA:0,trackAppOpened
FNDA:0,trackSearchInitiated
FNDA:0,trackAnalysisCompleted
FNDA:0,trackVerdictViewed
FNDA:0,trackStrategyViewed
FNDA:0,trackDealMakerUsed
FNDA:0,trackPropertySaved
FNDA:0,trackProformaDownloaded
FNDA:0,trackLoiGenerated
FNDA:0,trackUpgradePromptShown
FNDA:0,trackPurchaseInitiated
FNDA:0,trackPurchaseCompleted
FNDA:0,trackPurchaseFailed
FNDA:0,trackScreenView
DA:17,0
DA:38,0
DA:41,0
DA:45,0
DA:60,0
DA:68,0
DA:72,0
DA:80,0
DA:84,0
DA:88,0
DA:92,0
DA:96,0
DA:100,0
DA:104,0
DA:108,0
DA:112,0
DA:116,0
DA:120,0
DA:124,0
DA:128,0
DA:132,0
LF:21
LH:0
BRDA:63,0,0,0
BRDA:63,0,1,0
BRDA:92,1,0,0
BRDA:92,1,1,0
BRF:4
BRH:0
end_of_record
TN:
SF:services/api.ts
FN:52,(anonymous_0)
FN:64,formatApiErrorDetail
FN:73,(anonymous_2)
FN:74,(anonymous_3)
FN:124,setOnSessionExpired
FN:128,refreshAccessToken
FN:131,(anonymous_6)
FN:170,apiRequest
FN:265,(anonymous_8)
FN:270,(anonymous_9)
FN:276,(anonymous_10)
FN:282,(anonymous_11)
FN:288,(anonymous_12)
FNF:13
FNH:5
FNDA:1,(anonymous_0)
FNDA:1,formatApiErrorDetail
FNDA:0,(anonymous_2)
FNDA:0,(anonymous_3)
FNDA:0,setOnSessionExpired
FNDA:1,refreshAccessToken
FNDA:1,(anonymous_6)
FNDA:5,apiRequest
FNDA:0,(anonymous_8)
FNDA:0,(anonymous_9)
FNDA:0,(anonymous_10)
FNDA:0,(anonymous_11)
FNDA:0,(anonymous_12)
DA:29,2
DA:53,1
DA:54,1
DA:55,1
DA:56,1
DA:69,1
DA:71,0
DA:72,0
DA:74,0
DA:75,0
DA:76,0
DA:79,0
DA:82,0
DA:88,0
DA:91,0
DA:94,0
DA:95,0
DA:96,0
DA:97,0
DA:98,0
DA:99,0
DA:101,0
DA:102,0
DA:105,0
DA:106,0
DA:108,0
DA:115,2
DA:122,2
DA:125,0
DA:129,1
DA:131,1
DA:132,1
DA:133,1
DA:135,1
DA:136,1
DA:144,1
DA:146,1
DA:147,1
DA:148,1
DA:149,0
DA:151,1
DA:153,1
DA:155,0
DA:157,0
DA:159,1
DA:163,1
DA:181,5
DA:183,5
DA:188,5
DA:189,2
DA:190,2
DA:191,2
DA:195,5
DA:201,5
DA:202,3
DA:205,5
DA:208,5
DA:209,1
DA:210,1
DA:211,1
DA:212,1
DA:213,1
DA:215,1
DA:220,1
DA:221,0
DA:223,1
DA:224,0
DA:225,0
DA:226,0
DA:230,5
DA:231,1
DA:233,1
DA:234,1
DA:236,0
DA:238,0
DA:243,0
DA:245,1
DA:250,1
DA:253,4
DA:254,0
DA:257,4
DA:264,2
DA:268,0
DA:274,0
DA:280,0
DA:286,0
DA:291,0
LF:87
LH:50
BRDA:29,0,0,2
BRDA:29,0,1,2
BRDA:29,0,2,2
BRDA:69,1,0,1
BRDA:69,1,1,0
BRDA:71,2,0,0
BRDA:71,2,1,0
BRDA:71,3,0,0
BRDA:71,3,1,0
BRDA:74,4,0,0
BRDA:74,4,1,0
BRDA:76,5,0,0
BRDA:76,5,1,0
BRDA:82,6,0,0
BRDA:82,6,1,0
BRDA:83,7,0,0
BRDA:83,7,1,0
BRDA:83,7,2,0
BRDA:83,7,3,0
BRDA:88,8,0,0
BRDA:88,8,1,0
BRDA:91,9,0,0
BRDA:91,9,1,0
BRDA:94,10,0,0
BRDA:94,10,1,0
BRDA:96,11,0,0
BRDA:96,11,1,0
BRDA:97,12,0,0
BRDA:97,12,1,0
BRDA:97,13,0,0
BRDA:97,13,1,0
BRDA:97,13,2,0
BRDA:99,14,0,0
BRDA:99,14,1,0
BRDA:102,15,0,0
BRDA:102,15,1,0
BRDA:105,16,0,0
BRDA:105,16,1,0
BRDA:129,17,0,0
BRDA:129,17,1,1
BRDA:133,18,0,0
BRDA:133,18,1,1
BRDA:144,19,0,0
BRDA:144,19,1,1
BRDA:147,20,0,1
BRDA:147,20,1,0
BRDA:148,21,0,0
BRDA:148,21,1,1
BRDA:172,22,0,1
BRDA:175,23,0,1
BRDA:177,24,0,5
BRDA:178,25,0,2
BRDA:179,26,0,5
BRDA:188,27,0,2
BRDA:188,27,1,3
BRDA:190,28,0,2
BRDA:190,28,1,0
BRDA:198,29,0,5
BRDA:198,29,1,0
BRDA:201,30,0,3
BRDA:201,30,1,2
BRDA:208,31,0,1
BRDA:208,31,1,4
BRDA:208,32,0,5
BRDA:208,32,1,2
BRDA:210,33,0,1
BRDA:210,33,1,0
BRDA:212,34,0,1
BRDA:212,34,1,0
BRDA:218,35,0,1
BRDA:218,35,1,0
BRDA:220,36,0,0
BRDA:220,36,1,1
BRDA:224,37,0,0
BRDA:224,37,1,0
BRDA:230,38,0,1
BRDA:230,38,1,4
BRDA:234,39,0,1
BRDA:234,39,1,0
BRDA:238,40,0,0
BRDA:238,40,1,0
BRDA:240,41,0,0
BRDA:240,41,1,0
BRDA:253,42,0,0
BRDA:253,42,1,4
BRF:85
BRH:32
end_of_record
TN:
SF:services/auth.ts
FN:84,(anonymous_0)
FN:91,(anonymous_1)
FN:114,(anonymous_2)
FN:138,(anonymous_3)
FN:145,(anonymous_4)
FN:156,(anonymous_5)
FN:163,(anonymous_6)
FN:170,(anonymous_7)
FN:179,(anonymous_8)
FN:187,(anonymous_9)
FN:190,(anonymous_10)
FN:197,(anonymous_11)
FN:202,(anonymous_12)
FN:208,(anonymous_13)
FNF:14
FNH:2
FNDA:0,(anonymous_0)
FNDA:3,(anonymous_1)
FNDA:0,(anonymous_2)
FNDA:0,(anonymous_3)
FNDA:1,(anonymous_4)
FNDA:0,(anonymous_5)
FNDA:0,(anonymous_6)
FNDA:0,(anonymous_7)
FNDA:0,(anonymous_8)
FNDA:0,(anonymous_9)
FNDA:0,(anonymous_10)
FNDA:0,(anonymous_11)
FNDA:0,(anonymous_12)
FNDA:0,(anonymous_13)
DA:79,1
DA:85,0
DA:96,3
DA:105,2
DA:106,1
DA:108,2
DA:119,0
DA:132,0
DA:133,0
DA:135,0
DA:139,0
DA:146,1
DA:147,1
DA:153,1
DA:157,0
DA:164,0
DA:171,0
DA:180,0
DA:188,0
DA:191,0
DA:198,0
DA:203,0
DA:209,0
LF:23
LH:8
BRDA:94,0,0,3
BRDA:105,1,0,1
BRDA:105,1,1,1
BRDA:105,2,0,2
BRDA:105,2,1,1
BRDA:117,3,0,0
BRDA:132,4,0,0
BRDA:132,4,1,0
BRF:8
BRH:5
end_of_record
TN:
SF:services/biometric.ts
FN:15,isBiometricAvailable
FN:22,getBiometricType
FN:36,authenticateWithBiometric
FN:45,isBiometricEnabled
FN:54,setBiometricEnabled
FNF:5
FNH:2
FNDA:1,isBiometricAvailable
FNDA:0,getBiometricType
FNDA:0,authenticateWithBiometric
FNDA:0,isBiometricEnabled
FNDA:2,setBiometricEnabled
DA:13,1
DA:16,1
DA:17,1
DA:18,0
DA:19,0
DA:23,0
DA:24,0
DA:25,0
DA:27,0
DA:28,0
DA:30,0
DA:31,0
DA:33,0
DA:37,0
DA:42,0
DA:46,0
DA:47,0
DA:48,0
DA:50,0
DA:55,2
DA:56,1
DA:58,1
LF:22
LH:6
BRDA:17,0,0,1
BRDA:17,0,1,0
BRDA:24,1,0,0
BRDA:24,1,1,0
BRDA:27,2,0,0
BRDA:27,2,1,0
BRDA:30,3,0,0
BRDA:30,3,1,0
BRDA:55,4,0,1
BRDA:55,4,1,1
BRF:10
BRH:3
end_of_record
TN:
SF:services/documents.ts
FN:22,fetchAndShare
FN:40,(anonymous_1)
FN:41,(anonymous_2)
FN:66,downloadProformaExcel
FN:78,downloadProformaPdf
FN:94,downloadLoiDocument
FNF:6
FNH:0
FNDA:0,fetchAndShare
FNDA:0,(anonymous_1)
FNDA:0,(anonymous_2)
FNDA:0,downloadProformaExcel
FNDA:0,downloadProformaPdf
FNDA:0,downloadLoiDocument
DA:15,0
DA:27,0
DA:28,0
DA:30,0
DA:34,0
DA:35,0
DA:38,0
DA:39,0
DA:40,0
DA:41,0
DA:42,0
DA:43,0
DA:45,0
DA:46,0
DA:49,0
DA:50,0
DA:51,0
DA:53,0
DA:54,0
DA:56,0
DA:70,0
DA:71,0
DA:82,0
DA:83,0
DA:98,0
DA:100,0
DA:106,0
DA:107,0
DA:108,0
DA:109,0
DA:111,0
DA:112,0
DA:114,0
LF:33
LH:0
BRDA:15,0,0,0
BRDA:15,0,1,0
BRDA:15,0,2,0
BRDA:31,1,0,0
BRDA:31,1,1,0
BRDA:34,2,0,0
BRDA:34,2,1,0
BRDA:43,3,0,0
BRDA:43,3,1,0
BRDA:54,4,0,0
BRDA:54,4,1,0
BRDA:98,5,0,0
BRDA:98,5,1,0
BRDA:98,6,0,0
BRDA:98,6,1,0
BRDA:100,7,0,0
BRDA:100,7,1,0
BRDA:102,8,0,0
BRDA:102,8,1,0
BRDA:112,9,0,0
BRDA:112,9,1,0
BRF:21
BRH:0
end_of_record
TN:
SF:services/notifications.ts
FN:42,configureNotificationHandler
FN:44,(anonymous_1)
FN:54,configureNotificationChannels
FN:86,requestPushPermission
FN:102,getPermissionStatus
FN:110,getExpoPushToken
FN:128,registerDeviceToken
FN:146,unregisterDeviceToken
FN:164,resolveNotificationRoute
FNF:9
FNH:1
FNDA:0,configureNotificationHandler
FNDA:0,(anonymous_1)
FNDA:0,configureNotificationChannels
FNDA:0,requestPushPermission
FNDA:0,getPermissionStatus
FNDA:0,getExpoPushToken
FNDA:0,registerDeviceToken
FNDA:0,unregisterDeviceToken
FNDA:6,resolveNotificationRoute
DA:43,0
DA:44,0
DA:55,0
DA:57,0
DA:64,0
DA:70,0
DA:87,0
DA:88,0
DA:89,0
DA:92,0
DA:93,0
DA:95,0
DA:96,0
DA:103,0
DA:104,0
DA:111,0
DA:113,0
DA:114,0
DA:115,0
DA:118,0
DA:120,0
DA:121,0
DA:129,0
DA:130,0
DA:132,0
DA:133,0
DA:139,0
DA:147,0
DA:148,0
DA:150,0
DA:151,0
DA:165,6
DA:167,5
DA:169,1
DA:174,1
DA:180,2
DA:183,1
DA:186,0
LF:38
LH:6
BRDA:55,0,0,0
BRDA:55,0,1,0
BRDA:87,1,0,0
BRDA:87,1,1,0
BRDA:93,2,0,0
BRDA:93,2,1,0
BRDA:111,3,0,0
BRDA:111,3,1,0
BRDA:116,4,0,0
BRDA:116,4,1,0
BRDA:130,5,0,0
BRDA:130,5,1,0
BRDA:136,6,0,0
BRDA:136,6,1,0
BRDA:148,7,0,0
BRDA:148,7,1,0
BRDA:165,8,0,1
BRDA:165,8,1,5
BRDA:167,9,0,1
BRDA:167,9,1,1
BRDA:167,9,2,1
BRDA:167,9,3,2
BRDA:167,9,4,1
BRDA:167,9,5,0
BRDA:169,10,0,1
BRDA:169,10,1,0
BRDA:174,11,0,1
BRDA:174,11,1,0
BRF:28
BRH:9
end_of_record
TN:
SF:services/payments.ts
FN:52,deriveStatus
FN:132,initPayments
FN:148,identifyUser
FN:157,resetUser
FN:170,getOfferings
FN:180,getDetailedSubscriptionStatus
FN:196,getSubscriptionStatus
FN:213,purchasePackage
FN:226,restorePurchases
FN:236,getCustomerInfo
FN:246,isPaymentsInitialized
FNF:11
FNH:3
FNDA:2,deriveStatus
FNDA:0,initPayments
FNDA:0,identifyUser
FNDA:0,resetUser
FNDA:1,getOfferings
FNDA:2,getDetailedSubscriptionStatus
FNDA:0,getSubscriptionStatus
FNDA:0,purchasePackage
FNDA:0,restorePurchases
FNDA:0,getCustomerInfo
FNDA:0,isPaymentsInitialized
DA:21,4
DA:22,4
DA:23,4
DA:25,4
DA:53,2
DA:54,2
DA:68,0
DA:69,0
DA:73,0
DA:74,0
DA:77,0
DA:78,0
DA:79,0
DA:80,0
DA:81,0
DA:82,0
DA:86,0
DA:88,0
DA:94,0
DA:100,0
DA:104,0
DA:110,0
DA:114,0
DA:133,0
DA:134,0
DA:135,0
DA:136,0
DA:137,0
DA:139,0
DA:140,0
DA:141,0
DA:142,0
DA:144,0
DA:149,0
DA:150,0
DA:151,0
DA:153,0
DA:158,0
DA:159,0
DA:160,0
DA:162,0
DA:171,1
DA:172,0
DA:173,0
DA:175,0
DA:176,0
DA:181,2
DA:182,2
DA:184,0
DA:185,0
DA:186,0
DA:188,0
DA:190,0
DA:191,0
DA:201,0
DA:202,0
DA:216,0
DA:217,0
DA:218,0
DA:219,0
DA:221,0
DA:222,0
DA:227,0
DA:228,0
DA:229,0
DA:231,0
DA:232,0
DA:237,0
DA:238,0
DA:239,0
DA:241,0
DA:242,0
DA:247,0
LF:73
LH:9
BRDA:21,0,0,4
BRDA:21,0,1,4
BRDA:22,1,0,4
BRDA:22,1,1,4
BRDA:53,2,0,2
BRDA:53,2,1,0
BRDA:69,3,0,0
BRDA:69,3,1,0
BRDA:78,4,0,0
BRDA:78,4,1,0
BRDA:80,5,0,0
BRDA:80,5,1,0
BRDA:80,6,0,0
BRDA:80,6,1,0
BRDA:82,7,0,0
BRDA:82,7,1,0
BRDA:83,8,0,0
BRDA:83,8,1,0
BRDA:94,9,0,0
BRDA:94,9,1,0
BRDA:94,9,2,0
BRDA:94,9,3,0
BRDA:100,10,0,0
BRDA:100,10,1,0
BRDA:104,11,0,0
BRDA:104,11,1,0
BRDA:105,12,0,0
BRDA:105,12,1,0
BRDA:110,13,0,0
BRDA:110,13,1,0
BRDA:110,13,2,0
BRDA:110,13,3,0
BRDA:117,14,0,0
BRDA:117,14,1,0
BRDA:123,15,0,0
BRDA:123,15,1,0
BRDA:124,16,0,0
BRDA:124,16,1,0
BRDA:133,17,0,0
BRDA:133,17,1,0
BRDA:134,18,0,0
BRDA:134,18,1,0
BRDA:135,19,0,0
BRDA:135,19,1,0
BRDA:149,20,0,0
BRDA:149,20,1,0
BRDA:158,21,0,0
BRDA:158,21,1,0
BRDA:171,22,0,1
BRDA:171,22,1,0
BRDA:181,23,0,2
BRDA:181,23,1,0
BRDA:186,24,0,0
BRDA:186,24,1,0
BRDA:216,25,0,0
BRDA:216,25,1,0
BRDA:221,26,0,0
BRDA:221,26,1,0
BRDA:227,27,0,0
BRDA:227,27,1,0
BRDA:237,28,0,0
BRDA:237,28,1,0
BRF:62
BRH:7
end_of_record
TN:
SF:services/places.ts
FN:54,fetchPlacePredictions
FN:79,fetchPlacePredictionsDebounced
FN:89,(anonymous_2)
FN:98,getPlaceDetails
FN:119,isPlacesConfigured
FNF:5
FNH:0
FNDA:0,fetchPlacePredictions
FNDA:0,fetchPlacePredictionsDebounced
FNDA:0,(anonymous_2)
FNDA:0,getPlaceDetails
FNDA:0,isPlacesConfigured
DA:13,0
DA:18,0
DA:21,0
DA:47,0
DA:57,0
DA:59,0
DA:66,0
DA:67,0
DA:68,0
DA:69,0
DA:70,0
DA:72,0
DA:84,0
DA:85,0
DA:86,0
DA:87,0
DA:89,0
DA:90,0
DA:91,0
DA:101,0
DA:103,0
DA:109,0
DA:110,0
DA:111,0
DA:112,0
DA:113,0
DA:115,0
DA:120,0
LF:28
LH:0
BRDA:13,0,0,0
BRDA:13,0,1,0
BRDA:13,0,2,0
BRDA:57,1,0,0
BRDA:57,1,1,0
BRDA:57,2,0,0
BRDA:57,2,1,0
BRDA:69,3,0,0
BRDA:69,3,1,0
BRDA:82,4,0,0
BRDA:84,5,0,0
BRDA:84,5,1,0
BRDA:85,6,0,0
BRDA:85,6,1,0
BRDA:101,7,0,0
BRDA:101,7,1,0
BRDA:112,8,0,0
BRDA:112,8,1,0
BRF:18
BRH:0
end_of_record
TN:
SF:services/query-persistence.ts
FN:35,shouldPersist
FN:37,(anonymous_1)
FN:44,persistQueryCache
FN:74,restoreQueryCache
FN:97,clearPersistedCache
FNF:5
FNH:0
FNDA:0,shouldPersist
FNDA:0,(anonymous_1)
FNDA:0,persistQueryCache
FNDA:0,restoreQueryCache
FNDA:0,clearPersistedCache
DA:14,0
DA:15,0
DA:17,0
DA:36,0
DA:37,0
DA:45,0
DA:46,0
DA:47,0
DA:49,0
DA:50,0
DA:56,0
DA:64,0
DA:66,0
DA:75,0
DA:76,0
DA:77,0
DA:79,0
DA:80,0
DA:82,0
DA:83,0
DA:85,0
DA:90,0
DA:98,0
DA:99,0
LF:24
LH:0
BRDA:36,0,0,0
BRDA:36,0,1,0
BRDA:50,1,0,0
BRDA:50,1,1,0
BRDA:51,2,0,0
BRDA:51,2,1,0
BRDA:51,2,2,0
BRDA:51,2,3,0
BRDA:77,3,0,0
BRDA:77,3,1,0
BRDA:83,4,0,0
BRDA:83,4,1,0
BRF:12
BRH:0
end_of_record
TN:
SF:services/token-manager.ts
FN:21,hydrateTokens
FN:37,getAccessToken
FN:41,getRefreshToken
FN:45,hasTokens
FN:52,setTokens
FN:67,setAccessToken
FN:75,clearTokens
FNF:7
FNH:6
FNDA:0,hydrateTokens
FNDA:6,getAccessToken
FNDA:4,getRefreshToken
FNDA:2,hasTokens
FNDA:6,setTokens
FNDA:1,setAccessToken
FNDA:2,clearTokens
DA:11,2
DA:12,2
DA:14,2
DA:15,2
DA:16,2
DA:22,0
DA:23,0
DA:24,0
DA:28,0
DA:29,0
DA:31,0
DA:32,0
DA:34,0
DA:38,6
DA:42,4
DA:46,2
DA:56,6
DA:57,6
DA:58,6
DA:68,1
DA:69,1
DA:76,2
DA:77,2
DA:78,2
LF:24
LH:16
BRDA:22,0,0,0
BRDA:22,0,1,0
BRF:2
BRH:0
end_of_record
TN:
SF:utils/formatters.ts
FN:6,formatCurrency
FN:15,formatCompactCurrency
FN:24,formatPercent
FN:32,formatNumber
FNF:4
FNH:3
FNDA:5,formatCurrency
FNDA:4,formatCompactCurrency
FNDA:3,formatPercent
FNDA:0,formatNumber
DA:7,5
DA:8,2
DA:16,4
DA:17,4
DA:18,4
DA:19,4
DA:20,3
DA:21,1
DA:28,3
DA:29,2
DA:36,0
DA:37,0
LF:12
LH:10
BRDA:7,0,0,3
BRDA:7,0,1,2
BRDA:7,1,0,5
BRDA:7,1,1,3
BRDA:16,2,0,0
BRDA:16,2,1,4
BRDA:16,3,0,4
BRDA:16,3,1,4
BRDA:18,4,0,1
BRDA:18,4,1,3
BRDA:19,5,0,1
BRDA:19,5,1,3
BRDA:20,6,0,2
BRDA:20,6,1,1
BRDA:26,7,0,3
BRDA:28,8,0,1
BRDA:28,8,1,2
BRDA:28,9,0,3
BRDA:28,9,1,2
BRDA:34,10,0,0
BRDA:36,11,0,0
BRDA:36,11,1,0
BRDA:36,12,0,0
BRDA:36,12,1,0
BRF:24
BRH:18
end_of_record
